「ふげん発電所」の線量率の詳細は， ＤＥＲＳ ソフトを用いて計算できる。
線量率の計算条件の変化，すなわち物体の変化は特別なマーカーを用いて ＶＲｄｏｓｅ ソフトウェアから ＤＥＲＳ に入力される。
これらの変化に対応して， ＤＥＲＳ は新しい線量率を計算できる。
このソフトウェアの Ｒ ５版の特徴，インストラクションマニュアル，設計文書についてまとめた。
センシングと出力のためのコイル，増幅器，位相シフトの２組からなる位相シフト磁気センサシステムを開発した。
これは入力信号位相を変化させて共振周波数をシフトさせるフィードバック回路であり，二つのコイルの中心に存在する物体の磁気的特徴の変化を高感度，高分解能で検出できる。
コイルは内径６ ｍｍ ，コイル数８００の２個のコイルを逆接続して使用した。
実験では，磁化装置で処理した水道水，純水，水道水の特性を周波数を変えて解析することができた。
また，流量や容積の変化も検出できることを確認した。
高周波 ＩＣ タグ（ ＲＦＩＤ ）やセンサネットワーク用の弾性表面波（ ＳＡＷ ）を用いた高感度歪センサについて述べ，歪による ＳＡＷ 共振周波数（ ＳＡＷ ‐ ＲＦ ）シフトを観測する歪測定法を数値的に論じた。
ＳＡＷ ‐ ＲＦ と周波数分解能をそれぞれ１ ＧＨｚ と０．１ Ｈｚ と仮定すると，検出可能な歪は１０−１０であると計算できた。
共振周波数４０ ＭＨｚ の ＳＡＷ センサを設計し，マイクロマシニング法により石英基板上に作製した。
その結果，最小検出歪は１０−５であることが分かった。
三相相関画像センサ（３ ＰＣＩＳ ）を用いたリアルタイム位相スタンプレンジファインダ（ ＲＴ ‐ ＰＳＲＦ ）を提案した。
ＲＴ ‐ ＰＳＲＦ から３ ＰＣＩＳ と３相参照信号発生器を除去すると，従来の光ストライプレンジファインダと同じ部分から構成される。
ＲＴ ‐ ＰＳＲＦ では，シートビームを用いた単一走査中に，参照信号の位相を画素ごとに光学縞が撮影される瞬間に刻印する。
この方法で検出した位相を投影シートビームの角度に変換することにより，物体の三次元形状を実時間で得ることができる。
従って， ＰＳＲＦ は，タイムスタンプ ＶＬＳＩ レンジファインダを用いたものと比較すると，表面反射の空間的不均一性や物体の背景識別の影響を避けることができる。
また，提案した ＰＳＲＦ は変調 ＰＳＲＦ よりも簡単な構造を持っている。
まず，水分子間に力が働く水素結合とネットワーク構造について，水の諸性質を説明した。
次に，水の運動の基本である水素結合ネットワークの変化について説明した。
水素結合を作っている局所部分の水分子の運動は，他の部分の水分子が動かない間に集団的に動く。
このような間欠的運動に伴うエネルギー変動を示した。
最後に，凍結条件， ｐＨ の変化の様子，水の ｐＨ ７の意味について説明した。
シリコン基板上に絶縁体，金属，強誘電体の単結晶薄膜を作製する技術進歩について紹介した。
鍵となる技術は，シリコン基板上にγ‐アルミナの薄膜を作製することである。
化学的に安定なアルミナ膜の上に， ＣＶＤ 法と ＭＢＥ 法により種々の機能性薄膜を形成することができる。
多層薄膜により種々のセンサが実現されている。
位相差電子顕微鏡の開発において最も困難な問題であった位相板の帯電問題を解決するために我々が行ったことを報告した。
帯電問題の解決には二つの問題があった。
一つは位相板の微細加工技術であり， ＦＩＢ （集束イオンビーム装置）による加工法で解決した。
もう一つは位相板の帯電問題であり，１）薄膜加工における不可避の帯電汚れをサンドイッチカーボンコーティングにより解決し，２）新型電子顕微鏡システムの作製において有機物試料からの電子顕微鏡内の永久汚れを解決することを試みた。
ハフニウム関連薄膜酸化物は電界効果トランジスタ（ ＦＥＴ ）のチップゲート誘電体として広く研究されている。
ＨｆＯ２と Ｓｉ Ｎｘ からなる ｈｉｇｈ ‐ ｋ ナノ積層材料の物性を調べた。
表面分析法を用いて蒸着過程とアニール過程の影響を調べた。
ＸＰＳ を用いて化学状態の変化，組成プロファイルと深さ方向のバンドオフセットを調べた。
また， ＥＥＥＬＳ 法（弾性散乱電子エネルギー損失スペクトル）を用いてバンドギャップを調べた。
Ｈｆ ／（ Ｈｆ ＋ Ｓｉ ）比はバンドギャップに影響しないが，ナノ積層体のバンドオフセットに影響することを明らかにした。
Ｈａｒｔｒｅｅ ‐ Ｆｏｃｋ ‐ Ｂｏｇｏｌｉｕｂｏｖ 法を用いて，変形核の対密度分布を調べた。
軸対称四重極変形核を調べた。
密度分布と対密度分布の角度依存性を表面型対相関により得た。
解析は放射軸から０，π／４，π／２の角度で１０２ Ｚｒ について行った。
変形は対密度分布に影響を与えることが分かった。
わずかに過剰ドープした（ Ｔｃ ＝８６．０ Ｋ ）と中間ドープした（ Ｔｃ ＝８２．５ Ｋ ） Ｂｉ ２ Ｓｒ ２ ＣａＣｕ ２Ｏ ８＋δ（ Ｂｉ ‐２２１２）単結晶の Ｊｏｓｅｐｈｓｏｎ 渦流抵抗を測定して，磁気相図を研究した。
流れ抵抗の周期的振動から，三次元規則的 Ｊｏｓｅｐｈｓｏｎ 渦格子相の上下の相境界を得た。
ドーピングは三次元秩序渦相の下部境界で顕著な変化を誘起した。
下部相境界では， Ｊｏｓｅｐｈｓｏｎ 渦格子の形成が始まり，層は Ｊｏｓｅｐｈｓｏｎ 渦で満たされ，異方性を反映していた。
上部境界では， Ｊｏｓｅｐｈｓｏｎ 渦格子相から二次元準秩序状態への相転移が示唆された。
標記テープを ＰＩＴ 法で作製した。
内部シース材として Ａｇ ，外部シース材として Ａｇ ‐０．３ ｗｔ％ Ｍｎ を用いた。
これらのテープについて，軸方向疲労荷重下での機械的性質と臨界電流劣化を調べた。
その結果の詳細を述べた。
標記検出器を超伝導トンネル接合（ ＳＴＪ ）を用いて開発した。
この ＳＴＪ は Ｎｂ ／ Ａｌ ／ ＡｌＯｘ ／ Ａｌ ／ Ｎｂ 多層構造で構成され，基板は ＬｉＮｂＯ３単結晶であった。
ＴＨｚ 波照射は ＬｉＮｂＯ３結晶によりフォノンに変換され，これらのフォノンは Ｎｂ ベース電極に到達した後に Ｃｏｏｐｅｒ 対を破壊した。
従って， ＴＨｚ 波は ＳＴＪ におけるトンネル電流信号として検出できる。
この検出器の製作と特性評価について述べた。
低温微結晶シリコントランジスタ用に開発したプラズマ増強化学蒸着（ ＰＥＣＶＤ ）法を用いて， Ｓｉ Ｏ ２膜と Ｓｉ ナノドットを形成した。
前者には伝導結合プラズマ（ ＣＣＰ ）源を，後者には誘導結合プラズマ（ ＩＣＰ ）源を用いた。
Ｓｉ ドットの密度と直径分布は形成温度によって変化した。
ドットの形状と結晶性は温度に依存することも分かった。
Ｓｉ Ｏ ２膜は４３０℃以下でも優れた性能を示し， Ｓｉ ドット ＭＯＳ キャパシタのメモリ効果を確認した。
生殖か粒構成蛋白質の生殖細胞における蛋白質局在と動態について検討した。
Ｏｒｙｚｉａｓ ｌａｔｉｐｅｓ の ｖａｓａ としての融合により Ｏｒｙｚｉａｓ ｌａｔｉｐｅｓ の受精卵に導入し， ＧＦＰ または ＲＦＰ の遺伝子に新たに同定された２つの遺伝子についての Ｏｒｙｚｉａｓ ｌａｔｉｐｅｓ の ＥＳＴ 解析の結果を紹介した。
これにより生殖系列を特異的に発現させ，蛍光相関分光法とレーザー走査型蛍光顕微鏡を用いて解析を行った。
検討の結果，融合遺伝子産物は生殖系列の特異的発現を示し，核の近傍に生殖か粒と思われるパッチ状の細胞質構造を形成することを確認することができた。
パーフルオロシラン（ ＰＦＴＳ ）と反応させた Ａｌ ／ Ｓｉ 表面の安定性を ＸＰＳ と接触角測定（ ＣＡＭ ）（ ＰＦＴＳ ／ Ａｌ ／ Ｓｉ ）を用いて調べた。
ＸＰＳ によると， ＰＦＴＳ ／ Ａｌ ／ Ｓｉ ，１４０時間外界で明らかになった ＰＦＴＳ ／ Ａｌ ／ Ｓｉ ，及び硝酸処理の１４０時間外界で明らかになった ＰＦＴＳ ／ Ａ １／ Ｓｉ にはペルフルオロシランアルキル鎖コーティングが存在する。
これら三つの表面における ＣＡＭ は，静水接触角が＞１１５°であることを示し，湿潤ヒステリシスがほぼ一定であり，高い疎水性の良好な抵抗を示すことを示した。
即ち， ＰＦＴＳ ／ Ａｌ ／ Ｓｉ の硝酸に対する安定性（ ｐＨ ＜１．８，６０℃，３０分）を示した。
ＡＦＭ データは，温間硝酸処理の前後で ＰＦＴＳ ／ Ａｌ ／ Ｓｉ の表面粗さに大きな差がなく， ＰＦＴＳ ／ Ａｌ ／ Ｓｉ 膜が安定であることを示した。
液晶は種々の機能性材料への応用が期待されている。
分子設計による組織構造の構築と新しい機能化を試みた。
液晶の設計とナノ相分離構造，液晶による物質輸送と分離，液晶の電気的機能について述べた。
分子形状と分子間相互作用は自己集合構造に大きく影響する。
大気圧下での粒子輸送と絶縁破壊の特性を述べた後，典型的な大気熱非平衡プラズマについて議論し，その特性と特性をレビューした。
コロナ放電は針と平板，あるいはワイヤと平板などの電極の不平等電界で発生する放電である。
平行平板電極，円柱電極などの電極間に交流またはパルス電圧を印加すると誘電体バリア放電が発生する。
フィラメント形状のマイクロ放電は最も一般的な誘電体バリア放電の一つのモードであり，放電フィラメントは電極の全表面に現れる。
大気グロー放電は，典型的な誘電体バリア放電反応器に大気圧 Ｈｅ ガスを導入した後，交流電圧を印加して得られる均一な放電である。
光偏光は液晶ディスプレイから光記録，バイオテクノロジーからリモートセンシングまでの産業においてますます重要な役割を果たし続けている。
さらに，偏光素子と偏光素子を用いた製品は，これまで以上に複雑に適用されてきた。
試料の完全 Ｍｕｅｌｌｅｒ 行列を測定するシステムは，試料のすべての可能な偏光特性を測定する利点があり，ほとんどの電流または将来の偏光試料の使用に適している。
ここでは，偏光測定の基本型を簡単に述べ，試料の偏光特性を記述するための Ｍｕｅｌｌｅｒ 行列の読者について述べた。
また，サンプルの完全 Ｍｕｅｌｌｅｒ 行列を測定するための Ａｘｏ Ｓｃａｎ システムについて述べ，この技術による測定例を示した。
流量計の自動制御を導入してシーケンス制御を説明した。
このセンサは，管内のフロートの位置を差動トランスで検出し，得られた電圧で制御することにより流量を制御する。
ここでは，この流れの種類と基本構成と標準をいくつかの図表で示した。
タイプセレクチンの規格と，標準測定のためのシステム注意事項への適用について述べ，定流量制御の例を示した。
光ファイバ減衰基準の確立を試みた。
光源には中心波長８５０ ｎｍ ，半値全幅５０ ｎｍ の発光ダイオードを用い，有効コア径２６μｍ ，有効開口数０．１１の多モード ＧＩ 型光ファイバを用いた。
測定温度は２２℃とし，減衰の測定範囲は１０〜５０ ｄＢ とした。
日本（ ＥＴＬ ），イタリア（ ＣＳＥＬＴ ），オランダ（ ＶＳＬ ），ドイツ（ ＰＴＢ ），フランス（ ＬＣＩＥ ）の国際比較の結果を論じた。
無線中継所は，高所立地の先端に設置されているため，雷による停電や機器被害が問題となっている。
１）雷電流波形，２）雷電流の継続時間，３）雷侵入経路と雷撃様相の推定，について研究した。
両極性雷撃では負極性電流に続いて正極性電流が流れる。
配電線に対する鉄塔の雷撃率は同じである。
米国は，国，産業，大学の緊密な協力により，最高の命題として国際的，国内的競争力と優位性を推進しようとしている。
イットリウムと銅酸化物の高温超伝導実験に関する１９８７年初めの報告で世界的な研究競争が始まり，特に国の推進政策は日本よりはるかに遅れていなかった。
大統領レガンの発言で産官学の開発体制の助成政策が提唱され，具体的な立法と行政措置が取られ，５つの強化法案が提案された。
連邦研究開発機関の体制として，防衛省（１１５万ドル），エネルギー省（１００万ドル），国立科学財団（６６０万ドル）， ＮＡＳＡ （７５万ドル），商務省（１５万ドル）の予算を作成した。
世界の需給動向を概観し，各社の代表的グレードを分類・ランク付けした。
成形技術の最近の動向として，材料特性を生かした金型設計を含む方法，溶接強度を向上させる方法について述べた。
応用技術については，射出成形品，押出成形品，ポリマアロイの各分野における動向と展望を述べた。
リサイクルに関する最近の話題を紹介した。
銀被覆ビスマスベースの６００ ｍ と１２００ ｍ の６１心高温超伝導ケーブルを用いて，内径４０ ｍｍ の二つのパンケーキコイルを作製した。
両コイルは ＧＭ 冷凍機で冷却した。
１．０ Ｔ コイルは１００時間の連続運転に成功した。
後者のコイルは液体ヘリウム中で２．２ Ｔ を発生した。
６４ Ｋ でも０．５６ Ｔ を発生した。
フルカラーホログラムは量産に向いている。
標記ホログラムはホログラムの安価な大量生産への道を開き，感光性記録材料として ＤＭＰ ‐１２８感光性高分子を用いた高分子体積ホログラムである。
このホログラムは白色散乱光下で明るく鮮明な像を再生できる特徴があり，化学処理プロセス技術から今後高い付加価値が期待される。
感光性高分子の性質と記録プロセスについて解説した。
光伝導測定法としてパルスレーザを用いた飛行時間法を用いた。
アントラセン結晶を透明電極と共に固定し，片側から光を照射することにより，外部電場が表面近傍に生成した電荷キャリアを駆動するときに電流が流れることを観測した。
４２０ ｎｍ の光を用いて光電流信号を発生させた。
励起光の強度依存性の詳細な解析により，これは光イオン化によると判断した。
超電導材料開発のためのデータベースを構築し，材料設計のための導出システムを開発した。
データベース管理システム，解析ツール，出力ツールについては，システムの可搬性と保守性を高めるために市販のシステムを採用した。
材料開発とデータシステムの改良が並行して実行できることを考慮して，最新データの流通，データ品質の向上，一時モデルの導出，各時点でのデータを反映した材料設計用ツールの創出を目指したシステムを開発した。
材料開発における発想支援にはユーザ操作が重要であることから，原子レベルでの物質操作のためのインタフェイスを開発した。
光線コインシデンスに基づく定在波の幾何光学理論を提示した。
この種の光線は波動法線光線と呼ぶことができる。
基本概念を説明するために，平面境界における円筒波の反射と屈折の問題を取り上げた。
入射角と反射角によって満足される不等式を波面法線の原理によって導いた。
また，屈折に関する Ｓｎｅｌｌ の法則の新しい表現形式について述べた。
化学世界のイメージを確立するための本質的な概念であり，その歴史的経緯について述べた。
それは１７世紀の燃焼を説明する質量保存則に起因し，一定の割合（１７９９），原子仮説（１８０３），複数の割合の法則，ガス反応の法則（１８０８）に発展した。
その後の発展には Ａｖｏｇａｄｒｏ の仮説（１８１１）が寄与した。
また， Ｆａｒａｄａｙ の法則（１８３４）はイオンを認識し，同位体の研究に道を開いた。
原子量単位の表記に関する問題についても言及した。
材料製造には，物質の溶融，凝固，急冷などの熱現象を精密に制御する必要がある。
流体の過渡的臨界過程の熱伝達機構を解明した。
臨界点近傍における流体の巨視的熱伝達特性を実験と数値解析により明らかにした。
分子動力学の手法を用いた大規模数値解析により，温度，圧力の変化による分子クラスタの形成を研究し，超高速過渡現象を微視的に解明した。
プラズマ ＣＶＤ による粒子のコーティングを目的とした標記の開発について述べた。
この型の反応器の特性に関する研究にメタン変換を用いた。
直流プラズマジェットの側面から反応性ガスを導入してもプラズマの安定性は変わらず，ガスは粒子の存在にもかかわらず効率的に活性化された。
粒子は過剰の水素の存在下で炭素生成を促進し，流体粒子上でのプラズマ ＣＶＤ の可能性があることを示した。
レーザ核融合用の中空球内に均一な燃料層からなるクライオジェットを形成するための超低密度プラスチックフォームに液体燃料を浸透させる技術開発について述べた。
密度整合エマルション法により泡中空球を作製した。
外部に低密度アブレータ層を形成した。
加工精度は ＳＥＭ ，干渉法により，機械的強度は引張応力測定により決定した。
真球度と９８％以上の膜厚均一性と０．２μｍ 以下の平滑性を実現した。
成長させたままの状態での薄膜の伝導特性について述べ，成長させたままの状態で超伝導を示す現在作製されている薄膜との違いについて考察した。
薄膜の特性評価として，直流四端子法により温度抵抗特性を調べ， Ｘ 線回折により結晶構造を同定した。
異なる条件で成長させたままの Ｂｉ ＳｒＣａＣｕＯ 薄膜を作製した。
いずれも Ｂｉ ２２１２相に対応する ｃ 軸長をもつ ｃ 軸配向膜であった。
しかし，半導体のような温度抵抗特性を示すものと，超伝導特性を示すものがある。
半経験的パラメータを用いずに，高 Ｒｅｙｎｏｌｄｓ 数壁乱流の乱流特性を評価するために，定式化と数値解析を行った。
この方法では，乱流変動方程式の２点相関を各点に対応する変数に分離する。
この方法によって導かれた支配方程式は壁面近傍の乱流のような乱流せん断流に対して有用である。
その解の例を示した。
単一孔ノズルからの連続水噴流の高圧定常噴流を解析し，噴霧の分裂機構を明らかにした。
位相ドップラー法（ ＰＤＰＡ ）によりノズルから５００ ｍｍ までの各１００ ｍｍ 点で５０００個の捕捉粒子を測定した。
粒子を測定し，流入時間と共に生データモードで測定体積に入る粒子の個々のデータを全て記録した。
ノズルを離れると，液体塊と大粒子の分裂が徐々に進み，５００ ｍｍ 点では変化が小さくなる。
Ａｌ 専用 ＩｎＧａＰ／ ＩｎＧａＡｓＰ 材料を用いた光ファイバ増幅器用の０．９８μｍ 帯励起光源として埋め込みヘテロ構造変形量子井戸レーザを開発した。
ファセット上に非吸収領域を形成することにより可能な光損傷を除去し，最大光出力１８０ ｍＷ を得た。
埋込みヘテロ構造のため，しきい値付近の電流漏れは最小であった。
２０００時間安定したビーチを確認した。
標記特性に及ぼす粒子凝集の影響を実験と解析により比較した。
閉回路の水平管内に磁性流体を充填し，外部にヒータと電磁場を設け，管内に流速，温度差，圧力差のプローブを挿入する。
磁場は管軸に対して直角または平行（流れに対して逆）方向に与えられる。
磁場の入口と出口の温度差によって生じる磁化流体の圧力差と流速を測定した。
一方，球状粒子が長い楕円体質量に凝集するという理論から，粘度増加と圧力差の計算式を導いた。
磁場の方向と粒子の凝集数が温度差‐圧力差に及ぼす影響を図示した。
重機械工業における振動と温度に関する標記計測技術について解説した。
ラジオテレメータによるタービン翼の歪測定にはコレクタリングが不要であり，光ファイバレーザにより非接触で測定した翼とケーシング間の隙間と光温度計により温度を測定する。
熱交換器のチューブブラケットの摩耗を，レーザ変位計と歪ゲージ型力センサの測定値から計算した。
振動測定には高分解能のレーザ Ｄｏｐｐｌｅｒ 振動計を用いた。
放射熱を利用した赤外線応用測定は応力解析に有用である。
黒鉛表面からの酸素ガス分子の散乱を分子動力学法によりシミュレートした。
実験では， Ｏ ２の超音速分子ビームを清浄なグラファイト表面に照射し， ＵＨＶ 室で散乱させた。
散乱 Ｏ ２の角度分布の両方の結果は良く一致した。
衝突における第一気体分子から表面へのエネルギー移動も解析した。
回転エネルギーの損失は主として第一回転エネルギーによって影響されるが，エネルギー移動も重要な因子であることが分かった。
格子力学における非線形波と格子の非線形性からもたらされる局在モードに関するトピックスを紹介した。
ＫｄＶ 方程式のソリトン解について説明し，次に ｓｉｎｅ ‐ Ｇｏｒｄｏｎ 方程式と非線形 Ｓｃｈｒｏｅｄｉｎｇｅｒ 方程式のブリーザ解と２キンク解とエンベロープソリトンについて述べた。
一次元非調和ポテンシャルから導いた格子方程式の空間局在モード解の性質を明らかにした。
多次元格子において，定常局在モードが存在することを予測した。
動的平衡表面形状はアニーリング条件と基板のミスカット方向に依存した。
研究したアニーリング条件と基板は ＭＯＣＶＤ エピタキシャル成長を行うための多くの通常の条件を含んでいる。
実験結果によれば， ＡｓＨ ３／ Ｈ ２雰囲気中でアニールした微小斜め ＧａＡｓ （００１）表面はステップバンチングを形成する傾向がある。
モデルによる実験結果を説明した。
プラントの配管内の流体の流量を測定する各種の流量センサは，流体の性質や状態に応じて使用されている。
そこで，流体の性質や状態の違いに応じて適切なセンサを選択する必要がある。
代表的なフローセンサの測定原理，長所と短所を簡単に説明し，最近の技術により適用範囲を拡大した例を紹介した。
差圧式流量計，電磁式流量計，面積式流量計，容量式流量計などの種類別流量計の生産動向と特徴を挙げた。
エバネセント光を用いた近接場光学の最近の発展について述べた。
ここでは，導波モード分離型積分方程式法を用いて，仮想近接場光学顕微鏡をコンピュータ上に構築し，そのアニメーションを作成した。
アニメーションを表示することにより，プローブ近傍の光分布変化を容易に理解できることを明らかにした。
製作したシステムは近接場光学系の ＣＡＤ に適用可能である。
標記の光スイッチングとその光記録像を形成し，その安定性を調べた。
標記液晶膜をガラス基板上に一軸配向により作製し，偏光板を通しての透過光量を測定した。
３６６ ｎｍ の明るい線照射でネマチック相が消失し，透過光の量がゼロになった。
画像（ Ｉ ）はレーザパルス照射で形成され，室温で１年以上安定であった。
Ｉ は Ｔｇ 以上の温度で除去できた。
熱回収反応の機構について論じた。
このポリイミドを用いて傾斜角を持つ液晶の均一配向の形成を研究した。
らせん状ポリイミド（ Ｉ ）膜と直鎖状ポリイミド（ ＩＩ ）膜をそれぞれガラス基板上に形成し， ＵＶ 照射により面内配向と傾斜照射を行った。
活性マトリックス用の液晶をセルに注入した。
紫外線照射により Ｉ の主鎖の開裂が観察され，照射角度に関係なくわずかな傾斜角しか見いだされなかった。
ＩＩ の配向は安定で，逆傾斜は観察されなかった。
傾斜方向は ＵＶ 照射の場合と同じであった。
液体が温度や圧力に関係なく相変化しない超臨界相を利用した化学プロセスの応用について解説した。
応用分野は有用物質の分離・抽出，反応性向上，新製品の創製，廃棄物処理，化学分析である。
また，研究中の応用分野としては，環境調和型反応プロセス，未利用資源の有効利用，新素材創製，反応の物性などがある。
フロンの加水分解への応用について研究例を紹介した。
微量アクチノイド（ ＭＡ ）を消滅させる高温ガス炉型炉として設計された再処理 Ｐｕ を燃料とする消滅炉の燃焼特性について検討した。
その結果，約５００ ＧＷｄ／ ｔ の高燃焼度と約４０％の ＭＡ 消滅率を達成できた。
さらに， ＭＡ と Ｐｕ の核燃料球群に分けて核燃料を装荷した ＭＡ 分離モデルにおいて，約７０％の ＭＡ 消滅率を達成した。
この型の炉は有望であり，将来の集中研究に価値がある。
高速成形では溶融破壊や不安定流動の重要性が増している。
この現象について，溶融破壊が発生する領域と流動曲線について論じた。
ＨＤＰＥ の溶融破壊特性を調べた。
リザーバ内の流動パターンと成形品の形状について述べた。
また，螺旋状溶融破壊を発生させるメカニズムについても述べた。
さらに，溶融破壊の防止対策についても言及した。
水素吸蔵合金の表面の特徴，薄膜の組成，構造制御の技術，電極材料への応用について解説した。
水素の貯蔵と放出は合金の表面品質に大きく依存する。
この合金の応用のためには，バルク材における水素貯蔵に適した合金粉末表面構造の制御と膜構造の制御が重要である。
ＴｉＮｉ ， ＴｉＣｕ ， Ｌａ 系， Ｚｒ 系合金の薄膜の特性を説明した。
これらの合金の薄膜化は水素貯蔵特性の高い材料の有効な合成技術である。
真の単サイズ液晶ドメインを含む高分子分散型液晶ディスプレイ層の研究から，個々の液晶核を含む単分散高分子球を得た。
このような高分子に封入された液晶粒子は１〜５／１０μｍ サイズの球を形成する傾向がある。
電気光学的及びその他の性質を考慮して，種々の組成の重合体に囲まれた液晶粒子層を調製した。
最後に，粒径１．２５μｍ ，液晶分率７５ ｗｔ ％，層厚２９μｍ の層を作製した。
得られた電気光学特性は Ｖ １０＝１１．８ Ｖ ， Ｖ ９０＝１８ Ｖ であった。
０．００５〜９０ ｍ ／ ｓ の広い流量測定範囲を持つ高耐久性の熱流量センサを開発した。
このセンサを用いて，発達していない乱流に対する多点計測型流量計を製作した。
この流量計は未発達の乱流条件下で内径０．２ ｍ の管内で２０〜３２００ ｍ３／ ｈ 以上の流量を検出できる。
この流量計を用いれば，配管に長い直線部を必要とせず，計装システムのダウンサイジングが可能となる。
反射と透過物体色の測定技術の動向を概観し，測色における留意点を紹介した。
色の測定法を分光測色法と光電三刺激測色法に大別し，その原理を紹介した。
測色計の種類と仕様一覧を示した。
測色の特徴として，積算球を用いて試料を散乱光で照射することにより，試料法線線から標記方向の反射光を少しずつ測定するタイプが増えている。
標記専門委員会による３年間の調査結果を報告した。
その結果，１０ ｎｍ 以下の超薄膜は厚膜が持たない能力と性質を持つこと，超薄膜は電子光学機能の評価には厚膜とは異なる特別な問題を持つことが分かった。
電気的，光学的，光電的，構造的評価技術について詳述した。
機能とデバイスを分類して説明し，製膜技術上の問題点についても述べた。
標記レーザの代表的な構造は ＺｎＣｄＳｅ／ Ｚｎ ＳＳｅ ／ ＺｎＭｇ ＳＳｅ 利得導波型レーザ構造である。
ＩＩ ‐ ＶＩ 族化合物半導体レーザは，しきい値などの静的特性に劣らず， ＩＩＩ ‐ Ｖ 族レーザに比べてトップデータの開発が進んでいる。
連続動作で８７ ｍＷ ，パルス動作で８４０ ｍＷ の光出力を確認し，ディスク書込み用途への応用も期待できる。
寿命の向上は実用化の大きな課題である。
この研究開発の現状を展望した。
正方形柱を通過する粘性流体の乱流のラージエディシミュレーションを行い，フィルタ幅と数値粘性の影響を調べた。
乱流粘性の影響を正しく評価する条件を，乱流粘性と大きさの数値粘性との関係に基づいて検討した。
乱流領域における乱流粘性の影響を排除するために，フィルタ幅を適切に選択する方法を検討した。
Ｒｅｙｎｏｌｄｓ 数２２０００の角柱周りの二次元流れの ＬＥＳ の結果について検討した。
連載講座の一環である。
まず，原子エネルギー準位と準位間の遷移について説明した。
次に，分子エネルギー準位とスペクトルを強調し， ＣＯ２レーザとエキシマレーザについて言及した。
準位間を通過する光のスペクトルは Ｌｏｒｅｎｚ 型であり， Ｄｏｐｐｌｅｒ 効果によるスペクトルの広がりは Ｇａｕｓｓ 型であることを説明した。
レーザビームによるダイヤモンド膜の切断，パターニング研磨，メタライジング加工について概説した。
レーザ加工は局所加熱と高密度光束によるアブレーションによって行われる。
レーザの波長とパルス間隔を広く変えたとき，ダイヤモンド膜の損傷しきい値とエッチング速度に及ぼす影響を調べた。
レーザ活性化ダイヤモンド表面に Ｎｉ と Ｃｕ を選択的に適用する新しい方法を示した。
レーザビームの選択蒸着，溝加工，欠陥アニーリング，均一核形成，ダイヤモンド膜の密着性向上への応用について紹介した。
１‐ピレン酢酸と１‐ピレンメチルアミンのアミド化反応により， Ｎ ‐（１‐ピレンメチル）‐１‐ピレンメタンカルボアミド（ Ｉ ）を合成した。
さらに，１‐ピレネメチルアミンと１‐ピレネメチル１‐ピレネアセタート（ ＩＶ ）のフェニルカルボアミド（ ＩＩ ），シクロヘキシルカルボアミド（ ＩＩＩ ）を合成した。
Ｉ の蛍光スペクトルは凝集体の形成を示す濃度依存性を示した。
Ｉ の凝集挙動はスペクトル法により検出できることを示した。
ＩＩ 〜 ＩＶ の蛍光スペクトルから濃度依存性はほとんど検出されなかったので， Ｉ の凝集体はアミド基の水素結合とピレン単位の積層により形成されることを確認した。
標記接合の実用化を達成するためには，設計可能で再現性のある臨界電流値 Ｉｃ と常伝導抵抗 Ｒｎ を有する接合の大量生産が必要である。
そこで，これまでに開発された各種高温超伝導の Ｊｏｓｅｐｈｓｏｎ 接合の微細構造を ＴＥＭ を用いて研究してきたが，本稿では，その構造と特性再現性の関係について述べた。
また， Ｊｏｓｅｐｈｓｏｎ 接合は粒界型と多層型に分類でき，それぞれについて説明した。
さらに，高い再現性で望ましい Ｉｃ と Ｒｎ を得るための Ｊｏｓｅｐｈｓｏｎ 接合作製法として有望な ＹＢＣＯ のホモエピタキシャル成長技術の役割についても示した。
運動スター効果（ ＭＳＥ ）診断システムにおいて，接線方向に入射した ＮＢ 加熱ビームにおける Ｄ αと Ｈ αビームのσ成分の偏光角を測定した。
従来の５チャネルに９チャネル偏光計を新たに追加することにより，小プラズマ半径（ Ｒ ＝３．０４〜４．２９ ｍ ）の全範囲に対する安全率「 ｑ 分布」の測定が可能となった。
また，誘電体多層ミラーを導入することにより，背景光を大幅に低減した。
多層ミラーによる偏光角の変化が大きいため，キャリブレーション手順についても述べた。
標記の新しいインライン流量計を開発した。
流量測定の原理は管の外側に設置した超音波発振器と受信器により管内の Ｋａｒｍａｎ 渦列を測定して体積流量を求めるものである。
本装置の特徴は，１）シール部がないので安全性が高い，２）簡単で可動部がない，保守が不要，３）故障時に流れを止めずに交換可能，などである。
レイノルズ数５０００以上の０．２〜６．０ ｍ ／ ｓ の範囲に適用でき，精度は１％（対メータ指示）である。
光ファイバへのメタライゼーションとエッチングによる高精度微細パイプの製造技術を用いて，自己保持単一モード光ファイバスイッチを構成した。
この光スイッチの特徴を紹介した。
通信システム，機能性光デバイス，光計測システムなどへの応用技術について述べた。
そこで，経済性の達成と光スイッチの大型化に対応したマイクロ光機械スイッチについて最新の技術動向を紹介した。
ナノメータオーダの大きさの粒子の分光学的研究について解説した。
まず，最低励起エネルギーにおける量子サイズ効果と共鳴サイズ選択励起分光について概説した。
次に， ＩＩ ‐ ＶＩ 族半導体メソスコピック粒子の励起子状態について，量子サイズ効果，励起子とキャリア動力学，光解離現象の観点から Ｃｄ Ｓｅ 微結晶の場合を中心に解説した。
比較のために，特性の異なる ＩＶ 族と Ｉ ‐ ＶＩＩ 族半導体メソスコピック粒子について解説した。
最後に，この分野における最近の動向と課題について述べた。
ＭＴ （ Ｍｅｃｈａｎｉｃａｌｌｙ Ｔｒａｎｓｆｅｒａｂｌｅ ）タイプの標記コネクタについて，構造と基本特性を説明した。
また，このコネクタ技術に基づく ＭＰＯ （ Ｍｕｌｔｉｆｉｂｅｒ Ｐｕｓｈ ‐ Ｏｎ ）型コネクタ， Ｍｉｎｉ ‐ ＭＰＯ 型コネクタについても言及した。
その特徴として，機械試験と環境試験のデータを示した。
今後の課題として高速組立多心コネクタを挙げた。
（２，２‐ジメチル‐１，３‐ジオキサン‐４‐イル）メタクリル酸メチル（ Ｉ ）のシリコンウエハへの表面開始重合を行い，生成した疎水性高分子（ポリ（１）ブラシと両親媒性高分子（ポリ（２）ブラシを加水分解生成物として特性化した。
６′‐トリエトキシシリルヘキシル‐２‐ブロモイソ酪酸と ＣｕＢｒ と（−）‐スパルテインの錯体で処理したシリコンウエハ表面を用いて，表面開始原子移動ラジカル重合によりポリ（１）ブラシを調製した。
さらに，ポリ（２）ブラシを ＨＣｌ による加水分解により調製した。
ポリ（１）ブラシとポリ（２）ブラシについて，分子量，膜厚，表面粗さ，水との接触角，水と空気中のステンレス鋼球とガラス球プローブとの摩擦係数を評価した。
その結果，ポリ（２）ブラシの摩擦係数は水中ではポリ（１）ブラシより著しく小さいが，空気中では逆に大きいことが分かった。
科学論文の不正行為には，制作，改ざん，データやアイデアの斜交，その他の様々な行為がある。
日本は他国に比べて不正行為対策が遅れている。
大学や研究機関は，若手研究者への倫理教育，倫理の一般原則の確立などを推進しなければならない。
同時に，米国の ＯＲＩ （ Ｏｆｆｉｃｅ ｏｆ Ｒｅｓｅａｒｃｈ Ｉｎｔｅｇｒｉｔｙ ）のような不正行為の判断器官を確立すべきである。
橋かけ樹脂から線状高分子へのガラス転移点に関する新しい著者の理論について述べた。
筆者は既に Ａｐｐｌｉｅｄ Ｐｏｌｙｍｅｒ Ｓｃｉｅｎｃｅ （ Ｖｏｌ．９７，１４６７‐１４７５（２００５））において「架橋樹脂から線状高分子への物性：融点，ガラス転移点（ Ｔｇ ），強度に関する新しい理論」を報告した。
新しい理論では，橋かけ樹脂は硬化中と硬化後の温度によって異なるセグメントを形成するので，その ｇ も変化すると考えた。
また，主鎖間の ｖａｎ ｄｅｒ Ｗａａｌｓ 力で結合した２列の結合部分がセグメント化されている条件では，０℃からの Ｃ ‐ Ｃ 結合の熱膨張率が１％になる温度が線状高分子の Ｔｇ であると考えた。
新しい理論として，１）伸び，２）架橋樹脂と線状高分子の Ｔｇ とセグメントの違い，３）溶融と分子サイズの関係，４）ポスト Ｔｇ と新規セグメントの関係，５）線膨張係数の取り扱い，について述べた。
２００６年末にポロニウムが注目され， ｅｘ ‐ ＫＧＢ 剤がポロニウムにより突然死した。
ポロニウムは１８９８年に Ｃｕｒｉｅｓ によって発見された元素であり，天然に最も豊富な同位体はポロニウム２１０である。
ポロニウムの特徴は，１）ウラン２３８の１万倍の放射能を持つこと，２）α線が主として崩壊すること，３）α線が人体を通して極めて低い透過性を持つこと，である。
ポロニウム２１０はたばこの煙中では非常に低い量で見いだされた。
原料として用いた酸素から無声放電によりオゾンを生成すると，原料ガス中に窒素が共存するとオゾン生成が促進される。
窒素放電光の効果を仮定し，窒素放電光を酸素の無声放電空間に注入した。
オゾン生成量は約２ ｍｇ ／ ｈ 増加した。
大きな間欠パルスが放電光を放射し，窒素放電光を放射しないと，リサージュの放電電流図から小グループパルスに変化することが分かった。
低分子有機化合物の第二高調波発生（ ＳＨＧ ）について述べた。
次に，高分子系における ＳＨＧ 活性化の方法として，大きな超分極係数（β）を持つ分子をマトリックス中に分散させ，ポーリングを行う。
強誘電性高分子を用いた研究方法とβ値の大きい分子を側鎖に導入する研究の現状と課題について述べた。
Ｌａｎｇｍｕｉｒ‐Ｂｌｏｄｇｅｔｔ 法と包接化合物について言及した。
新しい擬似液膜である静電擬液膜（ ＥＳＰＬＩＭ ）を示した。
液膜操作に使用される装置は，抽出槽とバッフル板で仕切られた逆抽出槽で構成され，両槽には２枚の被覆電極が設けられている。
電極には高電圧交流を印加した。
この方法は界面活性剤を必要とせず，乳化液膜法に比べてプロセスが簡単であるという利点がある。
Ｏ ／ Ｗ 型エマルションを用いた界面鋳型重合により微粒樹脂を得た。
合成法を説明し，その機能について述べた。
りん酸基を有する界面鋳型樹脂による Ｃｕ （ ＩＩ ）吸着量は ｐＨ 値の増加と共に増加した。
カルボキシル基を有する界面鋳型樹脂による Ｃｕ （ ＩＩ ）の吸着等温線を示した。
りん酸ジオレオイルの官能基単量体を有する Ｗ ／ Ｏ 界面鋳型樹脂による Ｚｎ （ ＩＩ ）吸着量は ｐＨ 値の増加と共に増加した。
標記研究の成果をまとめた。
単分散ポリイソプレン（ ＰＩ ）の２９８ Ｋ における拡散係数 Ｄ の分子量依存性を調べた。
少量の高分子量 ＰＩ と低分子量 ＰＩ を混合し，高分子量 ＰＩ の Ｄ を測定した。
ＰＩ ／ポリブタジエン（ ＰＢ ）／ヘプタン三成分系における ＰＩ の誘電基準モード緩和（ Ｒ ）を，希薄溶液から濃厚系に移行する過程において，エンタングルメント効果が末端間距離の変動にどのように反映されるかを調べるために調べた。
高分子ブレンド系として少量の低分子量 ＰＩ と ＰＢ をバルク状態で混合し， Ｒ について検討した。
昭和６１年度と６２年度に実施した Ｒ 研究のレビューも添付した。
ＦＩＢ ‐ ＳＩＭＳ はサブミクロンの分解能をもつ ＳＩＭＳ ， ＧａＦＩＢ および多チャネル検出システムを組み合わせたものである。
ＧａＦＩＢ ‐ ＳＩＭＳ は高い空間分解能と特殊な走査モードを持っている。
定量分析における Ｓａｒｅ ‐ ｏｆｆ 分析，相対感度係数及び酸化物マトリックス効果について概説した。
直径２〜３μｍ の無機マイクロカプセルと鋼中の非金属介在物の分析例を示した。
放射線医学総合研究所における放射性同位体標識製剤の調製の現状とその特徴及び調製の実際について述べた。
施設は主シクロトロン室（荷電粒子を加速する運転中の ＡＶＦ ９３０と ＨＭ １８）， ＲＩ 調製用照射室，放射性同位体標識製剤を合成する２ホットラボ，半ホットラボ室，ディスペンサ，自動合成装置開発室，試薬調製室からなる。
ＡＶＦ ９３０は ＳＰＥＣＴ 用１２３ Ｉ ，７７ Ｂｒ ，２８ Ｍｇ ，４２ Ｋ ，４３ Ｋ ，５２ Ｆｅ ，５６ Ｎｉ ，６１ Ｃｕ ，６２ Ｚｎ ，９５ ｍＴｃ などの多くの同位体を生成できる。
ＨＭ １８で加速される粒子は Ｈ と Ｄ に限られ，主に１１ Ｃ や１８ Ｆ などの ＰＥＴ 用核種の調製に用いられる。
新規カルボン酸，それらのアルカリ金属塩及び Ｓ ， Ｓｅ ， Ｔｅ などの第１６族元素を含むエステル類の合成と物性の解明を行った。
セレノカルボン酸（ ＲＣＯＳｅＨ ， ＲＣＳｅＯＨ ），テルロカルボン酸（ ＲＣＯＴｅＨ ， ＲＣＴｅＯＨ ）及びそれらのルビジウム及びセシウム塩をそれぞれ Ｏ ‐シリルセレノエステル及び‐テルロエステルから合成した。
一方，セレノエステル（ ＲＣＳｅＳＲ ）及びジセレノエステル（ ＲＣＳｅＳｅＲ ）も合成した。
これらの化合物を単離し，スペクトル解析と Ｘ 線構造解析を行った。
さらに，それらの多様な反応性についても検討した。
中密度流体（超臨界流体）の分子動力学と反応動力学をピコ秒領域における過渡 Ｇｒａｔｉｎｇ ‐ ＴＧ 法と過渡吸収法により調べた。
ナノ・ミリ秒領域間の ＴＧ 法を液晶，界面，クラスタ，エマルション，中密度流体などにおけるダイナミクスの研究に応用し，さらに体積格子法とクラスタ格子法を開発し，その応用を試みた。
ナノ秒時間分解 ＥＳＲ 法による光化学初期段階の研究例として，化学誘起動的電子分極（ ＣＩＤＥＰ ）の三重項機構の磁場依存性を低周波時間分解 ＥＰＲ により調べた。
光化学的初期段階とスピンの動力学を ＣＷ 及び ＦＴ 時間分解 ＥＰＲ により研究した。
走査型プローブ顕微鏡（ ＳＰＭ ）は走査型トンネル顕微鏡（ ＳＴＭ ）に基づいており，試料とプローブ間の種々の相互作用を利用した ＳＰＭ が研究開発されている。
すなわち，原子間力顕微鏡（ ＡＦＭ ），磁気力顕微鏡，摩擦力顕微鏡（ ＦＦＭ ），電気化学的 ＳＴＭ ，横振動 ＦＦＭ ，走査近接場 ＡＦＭ などである。
それらの原理と多数の観測例を示した。
ＳＰＭ は試料にダメージを与えず，数千〜数百万倍の倍率で観察できる測定法であり，応用分野の広い顕微鏡であり，形状観察から物性測定，マイクロマニピュレーションまで幅広い分野で開発されている。
水／エタノール／単量体の均一溶液に水を連続的に添加すると単量体の溶解度が減少し，単量体をわずかに分離することができた。
この方法により，単分散シード粒子は，プロセスの最終段階において，多量かつ等量の単量体を吸着させることができた。
この方法により単分散膨潤スチレン粒子を得，標記微粒子を合成した。
重合時の生成物粒子による微粒子の発生を防止する方法を検討した。
人間活動の中でエネルギーを消費すると，ヒートアイランドにより人工排熱や汚染物質が大都市で排出され停滞する。
微気候は地表近くで起こる。
ＣＯ２， ＮＯＸ ，浮遊粒子物質が問題となる。
熱伝導率と熱容量は高く，透水性は低く，都市内の道路は暑い傾向にある。
限られた都市域におけるエネルギーの大量消費は都市気候を形成する。
太陽定数 Ｓ は惑星気候を決定する上で重要な外部パラメータである。
Ｓ の違いとは，金星，地球，火星の大気組成や気候状態が大きく異なることである。
Ｓ の値による気候の変化と，簡単な３次元モデルを用いた物理的考察を行った。
数値モデルは単純な水文過程を伴う大気大循環モデルを用いた。
幌延地下研究計画に関連して，電磁法による大曲断層研究を行った。
遠隔参照法を用いた ＡＭＴ 測定を５９点で行った。
地上から標高１０００ ｍ までの地下比抵抗構造を求め，既存の地質構造と比較した。
その結果，比抵抗構造の平面分布は ＮＮＷ ‐ ＳＳＥ 方向に広がる傾向があり，地質分布によく対応していた。
さらに，電気検層結果とよく対応し，比抵抗分布から大曲断層を推定できることを示した。
幌延地下研究プロジェクトにおける平成１６年度末までの水理地質層モデルの構築と地下水流動解析手法についてまとめた。
既存の情報から抽出した水理特性に基づいて， Ｈｏｒｏｎｂｏ ‐ Ｃｈｏ を含む５０ ｋｍ 四方の地下水流の感度解析を行った。
解析の結果，総水頭分布と地下水流動経路については，かん養容量や透水係数に対する感度の差が必要であった。
実験室敷地付近では，支配的な流動系は浅い部分と深い部分で見出された。
ボーリング孔を用いた調査では，水理実験や室内透水実験の結果を調査した。
調査の結果，全ての地質層における透水係数は深度依存性があり，特に稚内層ではその傾向が顕著であり，裂か帯の存在と相関があることが分かった。
湖沼は地下水流動システムの一部である。
Ｂｏｒｎ らによって示された３つの水理地質学的要因（地域支配，システム効率，湖の位置）から湖沼のタイプを決定する方法は，潅がい池の地下水かん養機能の評価にも有効であると考えられる。
Ｂｏｒｎ らによる湖沼の研究方法を広島県の谷型かんがい池群に適用し，地下水かん養機能について検討した。
潅がい池の表流水量・流出量測定と水質・ラドン濃度測定を行い，地下水流入量・地下水流出量を未知数とした流量収支式とラドン収支式を作成し，この連立方程式を解いて潅がい池への地下水流入量と潅がい池からの地下水流出量を求めた。
Ｒａｎｄａｌｌ‐ Ｓｕｎｄｒｕｍ 型２宇宙論において，かさばったインフレーション後にブレーン上に生成された曲率摂動スペクトルと原始ブラックホールの質量スペクトルとの関係を議論した。
また，銀河外拡散光子背景の観測データを用いて，曲率摂動の青色スペクトル指数についても議論した。
原始ブラックホールの質量スペクトルを与え，そのスペクトルが大スケールで標準的な４次元スペクトルと一致することを示した。
青スペクトルと再加熱温度に対する制限を与え，制限は標準的な４次元制限よりも厳密であることを示した。
１９９２年春，カナダ北極群島エルズミア島の Ａｇａｓｓｉｚ ｉｃｅｃａｐ において，アイスコアの掘削場所を決定し， ｉｃｅｃａｐ 表面における不純物の取込過程などを調べるための予備調査を行った。
本研究では，１．５ ｍ 程度の深さの３つのピットを掘り起こし，２つの氷頂付近と１つの流域において，２つよりやや低い場所で掘り起こし，側面から連続的に雪を採取した。
解析の結果， Ａｇａｓｓｉｚ ｉｃｅｃａｐ における氷の年間正味増加量は降雪に関して約４０ ｃｍ であり，主要イオン成分に明確な季節的検証があることが分かった。
したがって，氷山で採取したコア試料を分析することにより，過去の気候と環境変動の歴史を明らかにすることができると考えられる。
地熱水の開発に関する研究は１９５５〜１９６５年に日本で始まった。
地熱水は，坑井掘削や地下水揚水産業にとって，今後日本において大きな市場となるであろう。
しかし，温泉に含まれるメタンなどの可燃性ガスによる事故もあるので注意が必要である。
当該地層は地質学的に解析し，無駄ないし危険な掘削を避けるべきである。
眼球の治療と手術シミュレーションを有限要素法を用いて研究した。
そこで，実際の眼球の断面画像から有限要素メッシュの作成を試みた。
眼球の連続断面像を三次元内部構造顕微鏡を用いて得た。
データから眼球組織を細分化し，個々のデータをデジタル化してメッシュを作成した。
メッシュ作成には，写像メッシュ法と Ｖｏｘｅｌ メッシュ法を比較検討し，写像メッシュ法を採用した。
その結果，有限要素解析に適したメッシュ作成法を確立し，眼球の各組織をメッシュ上に分割したメッシュを作成した。
塩分ストレスによる水分吸収や乾燥の阻害による水分欠乏に応答して，多くの植物は細胞内に蓄積した適合溶質を生産し，細胞の浸透圧恒常性を回復する。
適合溶質にはグリシンベタイン（ベタイン），双性イオン性プロリン，ピニトール，ソルビトール，マンニトールなどのポリオールがある。
ベタイン合成遺伝子を導入することにより，植物の耐塩性を改善した。
１）ホウレンソウベタイン合成遺伝子，２）マングローブベタイン合成遺伝子，３）アマランサスベタイン合成遺伝子，４）オオムギ ＢＡＤＨ 遺伝子導入形質転換イネの低温・高温耐性，５）マングローブベタイン輸送体。
鉄欠乏症候群における肝臓における鉄の蓄積機構について述べ，鉄除去療法に関する最新の知見を紹介した。
肝細胞における鉄摂取は，鉄調節蛋白質（ ＩＲＰ ）系を介した ＴｆＲ ， ＤＭＴ ‐１，フェリチン， ＦＰ ‐１の発現制御， ＨＦＥ を介した ＴｆＲ 機能の負の制御により制御される。
十二指腸からの鉄吸収は，十二指腸の輸送体（ ＤＭＴ ‐１とフェロポルチン）によって調節される。
これらの遺伝子の異常により高鉄血症が引き起こされることが明らかにされている。
最近，ヘプシチジンとヘモジュベリンが十二指腸からの鉄吸収を制御することが分かってきた。
いくつかの無精子症男性では， Ｙ 染色体上の熱ショック転写因子（ ＨＳＦＹ ）を含む Ｙ 染色体の領域が失われている。
マウスオーソログであるマウス ＨＳＦＶ 様配列（ ｍＨＳＦＹＬ ）の発現を ｉｎ ｓｉｔｕ ハイブリダイゼーションにより解析し，精巣内の精子細胞の周囲に多く発現していることが分かった。
データベースにおいて ＨＳＦＹ ／ｍＨＳＦＹＬ に類似した遺伝子を持つ種を検索し，ヒトやマウス以外のウシ，イヌ，ニワトリなどのほ乳類でも類似した遺伝子を持っていた。
ＨＡ または ＧＦＰ で標識した ｍＨＳＦＹＬ を ＣＯＳ １細胞に発現させて細胞内分布を調べ，細胞核に局在を認めた。
ＨＳＦＹ ／ｍＨＳＦＹＬ は進化的に保存された ｐｅｒｍａｔｏｇｅｎｅｓｉｓ の機能を有すると考えた。
２，３，７，８‐テトラクロロジベンゾ‐ ｐ ‐ジオキシン（ ＴＣＤＤ ）の小腸に及ぼす影響を形態と機能の観点から検討した。
小腸じゅう毛上皮細胞の核／細胞比は ＴＣＤＤ 処理により増加傾向を示した。
ＴＣＤＤ 曝露 Ｃ ５７ ＢＬ ／６ Ｊ マウスは小腸におけるグルコース吸収能を増加させた。
糖輸送体 ＳＧＬＵＴ １及びグルコース輸送体２ ｍＲＮＡ の増加， ＳＧＬＵＴ １蛋白質の増加，ラクターゼ及びマルターゼ活性の増加などの可能性が示唆された。
グルコース吸収能の促進がダイオキシンによる内部糖利用効率の低下を補償する機構であることを示唆した。
我々の生活活動には，蛋白質の遺伝子配列や機能解析だけでは予測できない動的な生活活動がある。
その代表例として染色体構造の立体パターン形成を取り上げた。
染色体位置の情報として染色体バンド数を用いて番号が割り当てられている染色体を収集し，機能的な位置があるかどうかを検討した。
その結果，一次元ゲノムの位置と染色体位置との間には必ずしも一致は見られなかった。
染色体位置の情報として，染色体バンドよりも遺伝子の高次の位置を確実に定義できる指標を用いるべきことを見出した。
害虫によって重度に被害を受けた Ｑ ．ｓｅｒｒａｔａ 若木と軽度に被害を受けた Ｑ ．ｓｅｒｒａｔａ 若木を，異なるレベルの土壌肥沃度における補償に対する応答につい
この実験では，若木のすべての葉を一定レベルの補償のために前もって処理した。
処理後，分枝生長のための土壌肥沃度を変化させた区に移した。
個々の植物に固有の因子はシュートの成長と枝の伸長を制御し，摂食障害に対する応答は個体内の因子のレベルに依存していた。
被害植物の二次および三次分枝の伸長は，低肥沃度土壌で生育した場合に著しく悪かった。
予測通り，高肥沃度土壌で植物を生育させた場合，補償は良好であった。
メトキシ基とチオール末端基を持つ ＰＥＧ を用いたバイオセンサアレイ用 Ａｕ 表面の細胞親和性マイクロパターニングについて報告した。
分子量２ ｋ と５ ｋ の ＭｅＯ ‐ ＰＥＧ ‐ ＳＨ の緩衝液中で Ａｕ 表面を処理することにより，細胞忌避表面を作製した。
そこで，マイクロ細胞親和性アレイをプラズマエッチング法により形成した。
アレイ上で細胞培養試験を行った。
細胞親和性マイクロアレイは直径１００μｍ ，間隔１００μｍ で作製できる。
飲酒時の身体バランスと中枢神経系の機能低下による重心動揺特性を維持するシステムを検討し，加齢に伴う身体機能の低下により直立不能となるメカニズムの一端を明らかにした。
足底面内の重心動揺特性を重心動揺計を用いて検討した。
飲酒の影響で転倒すると前後方向（または左右方向）の振動変位が突然増加した。
この場合，重心の変位長は前後方向（または両方向）で急激に増大し，転倒に至った。
前後方向（または左右方向）における重心動揺速度振幅の ｐ − ｐ 値は突然増加した。
また，正常時の速度変化が小さい被験者の転倒までの時間は一般に長かった。
天竜市の学校健診受診者を対象に，出生後の成長パターンと身体組成が成長によって決定されるかどうかを分析した。
低出生体重児の血中レプチンレベルに性差が見られた。
また，出生体重（出生前発育）が生後発育パターンを決定することが示唆された。
その結果，出生前の環境が成長パターンと出生後の体組成を決定する重要な因子であることが分かった。
肥満を含むメタボリックシンドロームの増加が社会的関心事となっている。
Ｎｅｔｅａ らは， ＩＬ ‐１８が肥満やインスリン抵抗性に対して抑制的に作用することを報告している。
著者らは ＩＬ ‐１８ノックアウトマウスを野生型マウスと比較した。
その結果， ＩＬ ‐１８ノックアウトマウスは体重，体脂肪率および摂食量を６〜２４か月以上増加させた。
すなわち， ＩＬ ‐１８の欠損が肥満と関連していることが示された。
始原生殖細胞（ ＰＧＣ ）で７番目に発現する遺伝子を ＰＧＣ ７と命名した。
続いて， Ｋｅｍｂｒｉｄｇｅ 大学が Ｓｔｅｌｌａ と命名した。
その結果， ＰＧＣ ７／ Ｓｔｅｌｌａ は受精後早期に核に移行して機能することが明らかになった。
脱メチル化も阻害する。
把持力測定法として，患者の機能回復のレベルを知るために，光ファイバの光伝搬特性が形状変化によって変化するという原理に基づくセンサを開発した。
測定感度は６．８８ ｍＶ ／ ｋｇ であり，現在使用されている Ｓｍｅｄｌｅｙ 法では測定できない５００ ｇ 以下の測定が可能であることが分かった。
指関節角度の測定精度は５度である。
測定範囲と感度は外力を受ける部分の形状を変えることにより変化する。
ヒトグリオーマ細胞におけるタウリン摂取の特徴を Ｔ ９８細胞を用いて検討した。
Ｎａ ＋依存性で高親和性の Ｔ ９８細胞のタウリン摂取はホルボール‐１２，１３‐ジブチレート（ Ｉ ，１００ ｎＭ ）とイソプロテレノール（１μＭ ）の投与により減少した。
Ｈ ‐７（１００ ｎＭ ）投与は影響を示さなかったが， ＥＣ ５０は Ｉ 投与３０分前に４１から８３ ｎＭ に増加した。
タウリン摂取には蛋白質キナーゼ ｃ と ｃ ＡＭＰ が関与していると考えられた。
標記システムにおいて，染色体標本自動作成装置の進捗状況を報告した。
試作した装置の性能と操作性を長期実使用で評価した。
装置に適した細胞固定プロセスの確立に関する研究を行った。
試料調製時の温度と湿度の機械的制御はほぼ目標に達した。
システムの実用化を実現するために，性能，操作性，外観，ノイズの各項目について，システムの１０部分における改善点を示した。
ガラクトースα１→３ガラクトース（ ＧＧ ）は ＧＳＩ ‐ Ｂ ４レクチン（ ＧＳ ）で特異的に染色される。
ＧＧ 生合成に関与するα‐１，３‐ガラクトシルトランスフェラーゼの ｃＤＮＡ を組換し，マウス受精卵に導入してトランスジェニックマウスを作製した。
ＧＳ を用いた検討の結果，視細胞外節・小腸杯細胞・ ｐｅｒｉｓｐｅｒｍａｔｏｃｙｔｅ における ＧＧ の新たな分布，尿細管・肺胞上皮における ＧＧ の増強が認められた。
これらのマウスでは蛋白尿，脱毛，低体重，突然死が多かった。
キチナーゼ（ Ｋ ）のきっ抗型阻害剤（ Ｉ ）の合成において，今回キチンを出発原料として昆虫の Ｉ であるアロサミジン（ Ａ ）の全合成に成功した。
以上の合成中間体を利用することにより，酵母 Ｋ の Ｉ のジメチルアロサミジンの全合成を立体選択的に達成した。
Ａ およびその類似体について， Ｔｒｉｃｈｏｄｅｒｍａ 属の Ｂｅｍｂｙｃｉｄａｅ ， Ｓａｃｃｈａｒｏｍｙｃｅｓ ｃｅｒｅｖｉｓｉａｅ および Ｋ の阻害力を比較した。
その結果，構造活性の相互関係に関する有用な知見が得られた。
ＩＬ ‐１２により誘導される先天性免疫の活性化とそれに関与する細胞群について述べた。
ＩＬ ‐１２は Ｔ 細胞群に共通の活性を示す分化因子であり，系統発生上の位置が異なる。
癌ペプチドによる抗原特異的認識につながる配列の回転を促す作用も期待できると考えられる。
ＩＬ ‐１２の癌に対する抵抗性（先天性免疫）の生物学的応答についても検討した。
３ ＭＶ タンデム加速器のビームラインに結合したセルに対する照射装置を用いて，ターゲット中のイオン範囲をビーム窓からターゲットまでの距離によって制御できることをこれまで実証してきた。
局所照射のためのモデル細胞系としてのタバコ花粉に対する透過力制御照射の影響を調べた。
細胞膜損傷に起因すると思われる漏出とともに，イオンレンジの末端に高頻度に観察された。
重イオン照射した乾燥花粉（２０μｍ ）をアセトカルミンで染色すると漏れのある花粉が観察されたが，ガンマ線照射した花粉では観察されなかった。
ビーム窓からの種々の距離における Ｈｅ と Ｃ イオンが漏出を伴う花粉の頻度に及ぼす影響を図に示した。
両イオンの場合，周波数はイオンフルエンスの増加と共に直線的に増加し， Ｃ イオン（細胞表面の ＬＥＴ ８００ ｋｅＶ ／μｍ ）は Ｈｅ イオン（同１８０ ｋｅＶ ／μｍ ）より効果的であった。
３ Ｄ ＴＯＦ ＭＲＡ 血管造影におけるぜん動流の影響をファントムを用いた実験により検討した。
定常流と比較して，ぜん動流における位相分散による信号の低下の影響により，流体部分（特に流入の近い部分）の信号強度は低かった。
狭窄部，屈曲部においてぜん動流による有意な信号低下を認めた。
ぜん動流によるゴーストアーチファクトを示し，その間隔は繰り返し時間と脈拍数に比例した。
標記ウイルス（ Ｃ ）の地理的分布と臨床疫学的特徴は遺伝子型によって異なる。
インターフェロン感受性は複数の因子によって規定されていると考えられる。
肝炎の重症度は遺伝子型によって異なる可能性がある。
原発性肝癌との有意な相関は認められなかった。
Ｃ の変異は遺伝子型を除いて多様であり，患者にとって Ｃ 株を識別し，感染経路を検討することが可能である。
フラクタルにおけるカオスで表現される非線形現象は，数値解析によって定量化できる可能性がある。
事象に関連したポテンシャルのフラクタル解析結果を知的活動の変動条件の調査に適用した。
Ｎ １００または Ｐ３００に対応するピークは明らかでなかった。
これはフラクタル解析がピークよりも誘導量の変化の検出に適していることを示唆している。
微小重力曝露により自律神経機能のバランスが損なわれることが問題となっている。
微小重力のシミュレーションとしてヘッドダウンティルト（ ＨＤＴ ）を地平下６度まで低下させ，左母指の平坦側にプローブを固定して発汗量を連続的に測定した。
ＨＤＴ におけるハンドグリップ（最大握力で５秒間）による発汗量は，背圧迫のない時間で座位で有意に低下したが，精神計算負荷では差は認められなかった。
ＨＤＴ における発汗は，心因性負荷と運動負荷との間に差を生じることが示唆された。
正常細胞では細胞が分裂するごとにテロメアが短くなり，ある究極値を超えると細胞が古くなる。
対照的に，腫よう細胞や不死化細胞では，テロメラーゼ活性を持つようにテロメアを相補し，さらに短縮することなく一定の長さを保ち，無制限な増殖能を獲得する。
従って，テロメラーゼ活性を制御する遺伝子は，細胞老化誘導遺伝子の１つの候補と考える。
３染色体３ ｐ １４→ ｐ ２１上に未知のテロメラーゼ制御遺伝子が存在する可能性が示唆された。
皮膚の前処理なしまたは導電性ペーストを使用しないで，表面筋原性電位を介してリードする伝達機能を有する活性電極を試作した。
このコードレス電極は，従来のテレメトリシステムとは異なり，電極と発信器を接続するリード線がないので，検者の負担を軽減できた。
電極はリード線の往復運動による雑音の影響を受けなかった。
心電図や脳波測定などに応用でき，測定の簡便化が期待できる。
テロメラーゼ活性は生殖細胞や癌細胞で高い。
著者らが開発した伸長 ＰＣＲ アッセイを用いて，正常および癌化血液細胞のテロメラーゼ活性を解析した。
活性は若い細胞，特に新生児の細胞で高く，３０歳以上の細胞では非常にわずかであった。
白血病細胞では非常に高かった。
Ｍａｒｃｅｌ Ｔ と Ｇｒａｕｓｚ Ｄ の研究に基づき，遺伝子治療の現況を紹介した。
１９９０年に初めて遺伝子治療がヒトに適用されて以来，対象者数は年々急増している。
特定疾患のみに限定されていた適応は，安全性が確認されてから慢性疾患に対して徐々に拡大してきた。
最近の遺伝子治療の３つの方向（遺伝子導入の開発，戦略の研究，モデル開発）を紹介した。
全身性エリテマトーデスに対してステロイド療法を受けた４１歳女性における標記薬物（ Ｌ ）の投与について報告した。
右下腿の冷感，とう痛を自覚し，右前けい骨に壊死組織を伴う潰ようが出現し，徐々に増悪した。
Ｌ １０μｇ ／日を４週間点滴投与し，潰ようの洗浄を含む創傷処置を行ったところ，下腿のとう痛と潰ようは軽減した。
副作用は認めなかった。
ＣＧＲＰ は感覚神経領域から心筋に分泌される。
ＣＧＲＰ の４８時間投与は新生ラット心筋細胞の表面積を約２倍増加させた。
ＣＧＲＰ は骨格筋αアクチンと心房性ナトリウム利尿ペプチドの ｍＲＮＡ 発現をアップレギュレーションした。
ＣＧＲＰ は心筋細胞の強力な肥大因子であることを示唆した。
そのデータを得るために，平地以外の歩行モードに対しても義足足部が適応できる可能性があることを示し，平地と傾斜路に対する歩行条件を測定した。
下腿管部に貼り付けた半導体歪計に要求される曲げモーメントと主観評価を収集した。
傾斜角が５度と７度の斜面では，底背屈角を斜面角に合わせた場合とそうでない場合について同様の測定を行った。
斜路の角度に合わせて底屈と背屈を変化させると，歩行が最も容易であった。
画像情報や計測対象に関する形状や動きの知識を応用し，ゲージマークを設定せずに運動を計測する方法を開発した。
歩行馬の写真を側面から撮影し，手の方法による写真から幾何モデルの寸法と位置を画像から求める。
幾何学的モデル領域における輝度分布を取り，テンプレートを作成した。
次の画像において，幾何学的モデルを各セグメントにおける画像に重ね合わせ，ウマの関節の位置と角度を決定する。
プロセスの高速化，ロバスト性評価，精度について述べた。
精神刺激としてのプログラム作成時の精神性発汗量と心拍数を同時に測定し，その相関を検討した。
作成した２種類のプログラムを与えた場合，精神性発汗量の正規化分散値と心拍数の分散との間にはかなりの相関があることが確認された。
同時に作成したプログラムでは，精神性発汗量の正規化分散値と心拍数の分散との間に高い相関が確認された場合と，それらの間にはほとんど確認されなかった場合があった。
今後さらに実験を行う必要があると考えた。
ブタの免疫系と ＰＣＶ ２との複雑な相互作用について概説した。
適切な環境あるいは管理条件において， ＰＣＶ ２がブタにおける主要な病原菌であるというエビデンスを紹介した。
ＰＣＶ ２感染豚における離乳症候群（ ＰＭＷＳ ）後のブタ多臓器不全の誘導には免疫系の広範な刺激が必須条件である。
また， ＰＣＶ ２自体は致死性 ＰＭＷＳ に必須の病原体である。
ＰＭＷＳ 発症豚では， ＰＣＶ ２以外の病原体に対する有効な免疫応答が不十分である。
ＰＭＷＳ における免疫抑制状態に関する臨床，病理学的，免疫学的観察に基づいて， ＰＣＶ ２は一定の環境で二次的に起こる免疫不全の重要な因子である可能性がある。
茨城県北部の礁海岸において採集調査を行った。
大型種は直接採集したが，小型種は手網または床土をふるい分けて採集した。
小型甲殻類のうち， Ｍｙｓｉｄａｅ の Ｐａｒａｃａｎｔｈｏｍｙｓｉｓ ｈｉｓｐｉｄａ ， Ｃａｐｒｅｌｌａ ｊａｐｏｎｉｃａ と Ｃ．ｔｓｕｇａｒｅｎｓｉｓ が茨城県で初めて確認された。
大型甲殻類は， Ｐｅｄｕｎｃｕｌａｔａ では２科２種， Ｓｅｓｓｉｌｉａ では３科３種，十脚類では５科１０種であった。
調査は潮間帯に限られていたので，いくつかの種が得られた。
これまでに得られた調査結果を含めて，採集した種，採集場所，採集日を整理して示した。
農村地域における活性化の程度を評価する方法を検討するため，高度に活性化されていると考えられる５地域について現地調査を行った。
地域活性化プロセスを「入力」−＞「活動」−＞「結果」−＞「達成」の流れとして結集し，多様な地域開発と活性化のための活動が連携して働いているかどうかを検討した。
さらに，地域活性化システムの抽出と地域活性化プロセスのプロセス分析を行い，持続可能な地域活性化のためのチェックシートを作成した。
村別統計を用いた分析では，活性化状況を示す項目を表に示し，活性化レベルを示す要因との関連を示した。
アンケート分析により，満足度指標から直接計算した活性化レベルと総合評価との間にはギャップがあることが示された。
共分散構造分析の結果，都市や郊外以外の地域では社会資本の直接的影響（生産活性化効果）が高いことが分かった。
北西大西洋地域におけるメカジキに関する過去の資源管理努力について概説した。
過去５年間のメカジキの世界的漁獲量は９，５５２ ｔ から１２，２８３ ｔ であった。
ＩＣＣＡＴ の加盟各国で行われたトロールに関するデータから推定された資源指数を用いて， ＶＰＡ と非平衡生産モデルによる２００２年の資源評価を行った。
評価の結果，１９９７年以降の資源サイズの順調な回復は豊富な新規加入によってもたらされたことが分かった。
ＩＣＣＡＴ では，２００９年までに５０％の確率で在庫を ＭＳＹ レベルに戻す計画を展開している。
今後 ＴＡＣ を制限し，小型魚の漁獲を禁止し，漁獲量を激減させる方策が ＩＣＣＡＴ で採用された。
種としてのウミガメの健康とその生物学的特性について概説した。
ワシントン Ｔｒｅａｔ の付属書 Ｉ は，すべてのウミガメの種をリストアップしている。
深海漁業における偶発的な混獲，産卵場の悪化，卵の被害は生物学的健康に対する脅威と考えられている。
系統的保護が必要である。
三次元探査は計測・解析に多大なコストを要し，まだ実用化されていない。
探査範囲内に配置された少数の２次元探査測線データを解析できる省力型３次元電気探査法を考案し，地盤の３次元不均質性に起因する解析誤差を低減した。
本工法では，従来の３次元探査に比べて低コストで，しかも高効率・高精度で地下構造を把握することができた。
この方法は従来の方法と同様に現場で利用でき，三次元専用装置を必要としない。
健全な水文サイクルを持つ農業の実現に必要な条件を，経営管理と経済の観点から検討した。
河川流域における水田湛水活動の水かん養機能に着目し，下流域における水資源保全効果を評価した。
農業経営者に対するインタビュー調査，農業経営と環境経済の観点からのデータの理論的分析を行い，その結果を実世界に適用した。
水文的に健全な農業が存在するための経済的・社会的条件に関する研究の概要と成果について述べた。
バラ切り花の品質保持のため，イソチアゾリン系抗菌剤を用いた新しい薬剤処方（ ＧＬＣＡ ）を開発した。
イソチアゾリン系抗菌剤として，５‐クロロ‐２‐メチル‐４‐イソチアゾリン‐３‐オンと２‐メチル‐４‐イソチアゾリン‐３‐オンの混合液 ＣＭＩ ／ ＭＩ を用いた。
その結果， ＧＬＣＡ にはグルコース１０ ｇ ／ ｌ ，イソチアゾリン系抗菌剤０．５ ｍｌ ／ ｌ ，クエン酸３０ ｍｇ ／ ｌ ，硫酸アルミニウム５０ ｍｇ ／ ｌ が最適であった。
この処方に基づき，水分透過性を収穫直後のレベルに保ち，品質保持期間を従来処方より延長した。
組換え作物に導入された遺伝子の安定性を調べるために，プロテオーム解析とメタボローム解析のための３種類の試験を行った。
まず，発芽大豆を用いたマイクロアレイ解析を行い，上記解析の第一段階であるトランスクリプトーム解析の阻害要因である ＲＮＡ 発現の質的変動について検討した。
その結果，個体および抽出法によって，局所的な品種によって ＲＮＡ 発現が異なることが明らかになった。
ＲＮＡ 抽出のための多検体破砕機により，試料の低コストで簡単な処理が可能となった。
この方法を用いて，輸入組換え品種の個体間で ＲＮＡ 発現が異なることを確認した。
広島県中央森林公園内に支間長１４５ ｍ ，有効幅員５ ｍ の大断面集成材斜張橋が建設された。
２部材以上の大スパン継手で施工した。
コネクターを含む各種部材を組み合わせているため，単純桁橋よりも施工が複雑であった。
防食対策としてクレオソート油を圧入し，トラス部材のすべての接合部をボルト接合した。
（社）全国農業構造改善協会では，あずま村を対象として，１）カキ加工品の商品化・販売計画，２）多目的農産物加工施設の整備方向，について，診断調査・助言指導を行った。
東村の農林業の現状を分析し，問題点と課題を把握した。
商品としての条件について述べた。
販売体制と販売方法の改善策として，農協とカキ生産者の協力，直売と「 Ｕ パック」メールを提案した。
カキ村の収量予測と加工可能量について述べ，必要な施設として収穫収集・選別圃場，乾燥・くん蒸チャンバー，店舗ハウス等の状況と規模を紹介した。
観光客を誘致するためには，地域の食料や特産品の販売などの文化施設や複合産業が提案されている。
本報告書は，国土庁が設定した標記課題に基づき，（社）全国農業協同組合大山町において実施した調査結果である。
大山町の第三山村振興事業の実績は，現地整備以外は当初計画とほぼ同じである。
生活環境の整備については，住宅，道路，交通など施設の整備状況と方向を述べた。
農林業の生産・販売の現状を明らかにし，地場産業の振興と特産品の開発について述べた。
観光・リゾート開発に関わる山村振興策として，観光のための農林業の展開，特産品の生産，販売と都市住民との結びつき，健康・楽しみリゾート地としての展開，整備などを挙げた。
今後の課題として，山村振興に係る事業機会の創出，新産業・各種事業の育成を担当するセクターの設立などを指摘した。
標記について，黒ボク土畑改良資材による土壌生産性変動と土壌生産性向上対策を検討した。
キャベツでは有機物施用により生産性向上効果が認められ，投入窒素の利用率は有機物施用区で減少したが，堆肥の窒素，りん酸，カリウムの利用率は堆肥の種類により異なった。
黒ボク土は黄色土より窒素供給力が高いと考えられる。
キャベツの重金属含有率については，豚糞安定堆肥区で亜鉛がやや高かった。
育成期および育成期における混合飼料給与による乾物摂取量および成長速度に及ぼす影響について検討した。
飼料摂取量については，混合摂取地における育成期間中の人工乳の選択摂取により，朝草の遅延が出現した。
飼料摂取量は中間育成期以降混合区を上回り，１８か月齢の体重は混合区で４７７±２８ ｋｇ ，分離区で４５１±１４ ｋｇ となった。
初回胃液，血液性状，繁殖能力に差は認められなかった。
包装廃棄物による環境汚染が深刻な問題となっている。
その対策の一つとして，容器包装材料用生分解性プラスチックの開発が研究されている。
石油や天然高分子化合物などの材料から作られる生分解性プラスチックの開発の現状と展望を紹介した。
現在日本で市場に置かれている代表例として，バイオポール，ビオノーレ， Ｒａｃｔｉｅ ， Ｅｃｏｍａｔｉｅ ＡＸ ， Ｐｏｔｅｔｏｒａｙ を紹介した。
また，食品包装における生分解性プラスチックの利用と関連法規，分解後の製品の安全性について述べた。
温暖多雨条件下における生育特性と好適樹姿の解明を行い，品種「玉系」の生育基準を設定した。
早期落葉が花芽形質に及ぼす影響，高生産樹の生育特性と収量との関係について検討した。
適切な成長・成熟パターンを誘導する技術として，植物成長調節物質の応用が検討されている。
新梢の徒長防止を目的として， ＰＰ ‐３３３， Ｓ ‐３２７ Ｄ ，改良 Ｃ ‐ ＭＨ ， ＫＵＨ ‐８３３などの ｆ レギュレーターの適用が可能である。
水稲の標記品種は良質で食味が良く，宮城県では晩生品種の「晩生」の系統である。
同県では，出穂期のばらつきや刈取時期のばらつきによる冷害防止を目的として，「ササニシキ」の一部に代わる奨励品種として採用する予定である。
晩生品種は穂ばらみ期に低温に遭遇する確率が低くなるが，耐寒性が弱いので危険な時期に低温が予想される場合は，深層水管理による幼穂の保温に努める必要がある。
いもち病圃場抵抗性は，イネ葉枯病の場合は中程度である。
沖縄の島尻層群泥岩は新第三紀泥岩に分類される。
泥岩地域では，開発プロジェクト地点から排出される濁水中に１０，０００ ｍｇ ／ Ｌ 以上の Ｓ 濃度が高頻度に検出された。
土地改良地点から排出されるタービン水の ＳＳ 濃度を比較することにより，泥岩からの流出は国頭マージからの流出の約８倍であると評価された。
伐採地の場合，流出機構の主たる要因はスレーキングであり，崩壊部においても水食と崩壊が観察される。
盛土の場合，水食によるガリの成長が観察された。
土壌硬度は植物根の成長に直接または間接的に影響する。
これまで，根の伸長と土壌硬度の関係は，間接的に土壌硬度を測定することによって評価されてきた。
そこで，貫入時の土壌硬度の影響を受ける根を模擬したピンペネトロメータを製作し，土壌硬度を測定し，根の貫入実験を行った。
その結果，ピンペネトロメータによる土壌硬度は根の貫入量の測定を可能にしたが，根の貫入は土壌硬度だけでなく，土壌孔によっても影響されることが示唆された。
施肥潅がい実験結果から，スラリーが散布されている牧草地における大型土壌動物の総個体数は化学肥料区より少ないが，４年目には増加した。
４年目にはアマリン，トビムシ類は採取できなかった。
４年目には化学肥料区で線虫類が減少し，いずれの区でも根を食べる動物の割合が増加しており，これは草根群の成長発達によるものと考えられた。
土壌微生物相については，スラリー散布区では化学肥料区に比べて細菌と放線菌が多く，セルロース分解率と糸状菌数が少なかった。
軽量紙マルチを水田に敷設し，作業能力１４ ａ ／ ｈ の移植が可能な田植機を開発することを目的とした。
開発仕様の設定と，実現すべきシステムを絞り込むための調査（一人乗り，苗傷防止，水田へのマルチ敷設，マルチの自己崩壊時期など）を行った。
強度の異なる３種類の試作マルチ紙を用いて，市販のマルチ田植機による移植試験を行い，使用する紙を選定するための作業性，植え付け精度などを予備的に調査した。
選定したマルチ紙の結果と概要，田植機の開発と試作を含む。
標記野菜取扱卸売業者の「個別化コーナー」を紹介した。
安全で健康に配慮した生産・消費，大量流通に埋没した農産物の探索など，標記「個別園芸商品区」設立の背景について述べた。
また，「個別園芸商品課」の設立における経過と考え方などの経緯を説明した。
新しいハンドリング製品の探索と今後の方向について解説した。
黒毛和種１６０頭の繁殖農家では，２６〜３３か月齢で１４頭が発病し，２頭が死亡し，４頭が早期に出荷された。
死亡牛１頭と出荷牛１頭を検査し，病理学的および細菌学的検査を行った結果，標記疾患と診断した。
９頭の糞便検査で８頭からコクシジウムオーシストが検出された。
Ｃｏｃｃｉｄｉａ の寄生により粘膜が損傷され， Ｃｌｏｓｔｒｉｄｉｕｍ ｐｅｒｆｕｒｉｎｇｅｎｓ の発育・増殖に適した環境が整い，異常増殖を起こし，出荷牛が壊死性腸炎を発症したと考えられる。
発症年齢２５歳以下の３世代以上の常染色体優性遺伝により多発する糖尿病の家族歴がある家系を ＭＯＤＹ （ Ｍ ）と命名した。
この Ｍ （ Ｍ １‐ Ｍ ５）の原因遺伝子による分類， Ｍ 原因遺伝子の同定法としてのダイレクトシークエンス法， ＤＨＰＬＣ の利用について解説した。
Ｍ 遺伝子はすいβ細胞で正常に機能する遺伝子の異常型であり，特徴的にインスリン分泌不全に至る。
しかし， Ｍ の約２０％に Ｍ 遺伝子の異常が発見されているが，残りは不明である。
平成１２年度の無症候性脳梗塞患者２０例，正常者１０例，神経学的異常のない小児２１例において，高磁場 ＭＲＩ （１．５ Ｔ ）により大脳半球白質動脈（髄質動脈）の血管周囲腔（ ＰＶＳ ）が描出された。
ＰＶＳ 描出は，１）基本的には辺縁の順である，２）周囲の変化なしに境界が明瞭である，３）最大径は脳実質内の動脈に沿って３ ｍｍ 以下である，という所見を示した。
ＰＶＳ は加齢と共に拡大してきた。
多発性ラクナ梗塞例では髄質動脈の ＰＶＳ が著明に拡大していた。
高血圧症例ではさらに拡張が増強した。
これらの所見は，髄質動脈の ＰＶＳ が髄質動脈硬化の進展の過程でさらに拡大していることを示唆した。
人工モルタル再置換術では，同種骨移植により臼蓋骨欠損部を再建し，セメントレスソケットを直接設置する。
術後，移植骨の圧潰によりソケットの移動が認められた。
１９８４年以降の手術では，圧潰防止のため補助リングを併用していた。
本稿では， Ｘ 線学的に再置換術を行った４２例４５関節（男性１２／女性３０，４０〜８２歳）を対象に，術後成績を検討した。
荷重部に同種骨を移植した症例では，支持リング，初期強固に ｓｔｒｕｔ‐ ｓｃｒｅｗ を併用することで固定性が得られた。
移植骨を生着させ，リモデリングを完了させると，設置した部位にコンポーネントが安定していた。
生体中のアパタイトの前駆体であるりん酸八カルシウム（ ＯＣＰ ）をペーストとして用い，炭酸ガスレーザの照射による象牙質への融合を試験した。
二りん酸カルシウム二水和物と炭酸カルシウムを原料としたペーストは炭酸ガスレーザの照射により象牙質と溶融し，象牙細管の一部を閉鎖した。
ＯＣＰ ペーストは象牙質表面と象牙細管周囲に融合し，象牙細管を閉鎖した。
炭酸ガスレーザ照射の場合，りん酸カルシウム塩コーティングにより象牙質に融合層が形成されることから，う蝕治療後の象牙質知覚過敏と象牙質面の強化の可能性が示唆された。
Ｂｕｄｄ ‐ Ｃｈｉａｒｉ 症候群（ ＢＣＳ ）に関してこれまでに先天性血管異常説が提案されている。
しかし，最近では膜構造や肝静脈起始部の狭窄・閉塞は血栓とその組織によって説明できるので，後天性血栓説が原因と考えられてきた。
本研究では，検体保存センターにおける日本人 ＢＣＳ 症例およびネパール ＢＣＳ 症例における第 Ｖ 因子のコドン８３０および８９７の遺伝子多型について検討した。
その結果，第 Ｖ 因子の遺伝子多型は６か所に認められ，そのうちコドン８３０と８９７はミスセンス変異であった。
他の検査で肝腫ようを指摘された３１例５８病変を対象に，最新の ＭＲＩ 画像として拡散強調画像（ ＤＷＩ ）を施行した。
ＤＷＩ による描出は，腫よう径５ ｍｍ 以下の４病変，１ ｃｍ 前後の３病変，２ ｃｍ 前後の３病変を含む１０病変では困難であった。
１ ｃｍ 以上の大きさで描出できなかった症例は，横隔膜に近接した症例，原発性肝癌治療後の症例であった。
５ ｍｍ 以上の大きさの腫ようを描出することが期待でき，他の ＭＲＩ 撮影法と検査法の併用による診断に有用であることを示した。
ＭＤＣＴ により広範囲の撮影が可能となった下肢動脈造影 ＣＴ について，３ Ｄ 再構成画像による評価の有用性とその問題点を列挙し，その改善策を検討した。
対象は閉塞性動脈硬化症２０例４６病変で，下肢 ＣＴＡ を施行した。
その結果，全症例の半数において，３ Ｄ 画像は中心群，末梢群ともに元の画像より劣っていた。
石灰化が障害であった１４病変について，３ Ｄ 画像と原画像で管腔の開存性を比較した。
石灰化が全周性に３／４以上に達した高度石灰化群では，その差は約６０％であり，評価の差が大きくなることが知られた。
側副血管を有する１６部位に対して３ Ｄ 画像を元の画像と比較したところ，１５部位で３ Ｄ 画像は元の画像と同じであった。
次いで，関節軟骨の修復能，骨髄刺激による修復，および自己軟骨細胞移植による修復について概説した。
ウサギにおける骨髄間質細胞移植による骨軟骨欠損の修復について概説した。
ヒトにおける自家骨髄間質細胞移植による軟骨欠損の修復の成績を解説した。
細胞移植群に対する良好な修復成績を認めた。
移植細胞数の選択，増殖因子の投与，遺伝子導入など今後の課題について解説した。
標記の問題を明らかにするために，手術室と集中治療室（ ＩＣＵ ）における平均粉塵数，空中浮遊菌数，落下細菌コロニー数を，フットギア入口（対靴方式）導入前後で比較検討した。
使用中の手術室については，靴型システム導入後に平均粉塵数がわずかに増加し， ＮＡＳＡ クラス１０，０００を超える頻度が有意に増加した。
使用していない手術室の平均粉塵数に変化はなかった。
ＩＣＵ の平均粉塵数に有意な変化はなかったが， ＮＡＳＡ クラス１０，０００以下の頻度が増加した。
空気浮遊菌数，落下菌コロニー数については，シューズシステム導入前後で手術室， ＩＣＵ において変化は認められなかった。
完全空調設備を有する手術室や ＩＣＵ では，靴型システムは空気清浄度に影響を及ぼさないことが示唆された。
ヒドロキシアパタイト系多孔性人工骨材料の開発と ｉｎ ｖｉｖｏ 試験について報告した。
優れた骨伝導性と強度を確保するために，発泡スラリー法により気泡径と連続貫通孔を最適化したアパタイト水酸化物多孔体を開発した。
動物実験と臨床試験の結果，優れた結果が得られた。
骨髄細胞を用いた骨再生への応用性も高い。
温和な条件下でソフトナノテクノロジーを利用した骨類似ナノ構造を有する人工骨材料の作製について報告した。
温度， ｐＨ などの条件を最適化することにより，りん酸，カルシウム，コラーゲンの混合溶液から配向したアパタイト／コラーゲン繊維複合材料を調製した。
そこで，この複合材料をコラーゲン溶液と混合してスポンジ状の柔らかい材料を作製した。
動物実験により優れた生体吸収性と骨再生特性が確認されている。
肘関節後方脱臼（内側側副靭帯損傷）では，尺骨状突起骨折に伴うとう骨頭骨折を合併した外傷を ｔｅｒｒｉｂｌｅｔｒｉａｄ （ ＴＴ ）と呼び，治療に難渋することが多い。
肘関節 ＴＴ １１症例の治療成績を紹介した。
１０例に観血的治療を施行し，１例はギプス固定のみの保存的治療を行った。
とう骨頭骨折と尺骨突起骨折の骨接合術を積極的に行うことにより比較的良好な成績が得られた。
術後の外固定は２週間以内に中止することが望ましい。
膝前十字靭帯（ ＡＣＬ ）に対する靭帯再建術は著しい進歩を遂げてきた。
最近の ＡＣＬ 靭帯再建術の基礎研究について述べた。
ロボティクスを用いた ＡＣＬ 再建術後の関節運動学の検討，成長因子を用いた術後グラフトけん治癒促進効果の検討について概説した。
ＴＧＦ ‐β， ＥＧＦ ， ＰＤＧＦ ， ＶＥＧＦ は増殖因子として有望である。
ＡＣＬ 再建術への組織工学的細胞療法の応用として，フィブリン糊を用いた膝靭帯再建術への応用の可能性が高い。
バンド再建術の基礎研究には，バイオメカニクス研究と生物学的研究の両面からの検討が重要である。
胸部食道癌切除術における再発部位の症例，リンパ節再発の検査法，リンパ節再発に対する治療法の選択について述べた。
頚部リンパ節再発に対する診断，リンパ節郭清および術後経過について概説した。
さらに，縦隔および腹部のリンパ節再発に対する手術適応について解説した。
更に，化学放射線療法後の再発に対するリンパ節郭清について述べた。
家族性アミロイドポリニューロパシー（ ＦＡＰ ）は地域特異性を有する疾患ではなく，わが国の遺伝性ニューロパチーの中で比較的頻度の高い疾患である。
本邦では既に６０名の患者がこの治療を受けている。
末梢神経疾患や自律神経症状の進行は移植後に止まり，術後５年生存率は７７％である。
発病後早期（５年前後）では心・腎障害はなく，栄養状態の良好な患者の術後経過は良好である。
ＦＡＰ については，遺伝子診断の普及と治療としての肝移植の導入により難病から取り出すことができるとの認識について述べた。
非特異的反応は日常検査では稀であり，原因検索や試薬の改良には注意を要することはない。
最近，血液疾患における ＨＢｓ 抗原（ Ａｇ ）と ＨＢｅ 抗原の測定における非特異的反応の原因を検討し，試薬の改良を行った。
１９９７年６月より， ＥＬＩＳＡ （酵素免疫測定法）を原理とした ＥＰＳＩＡ ‐ Ｆ ７５０自動免疫測定装置による ＨＢｓ 抗原，抗体（ Ａｂ ）， ＨＢｅ 抗原，抗体， ＨＣＶ 抗体の測定を開始した。
症例は未治療の急性骨髄性白血病の患者で，骨髄移植目的で入院し，感染試験で ＨＢｓＡｇ と ＨＢｅＡｇ 試薬の非特異的反応により診断され， Ｂ 型肝炎感染の初期段階が疑われた。
測定過程と各試薬組成から一次反応で未特異物質が既に結合しているかどうかの確認と，試薬組成による各項目の差のチェックを目的として，抗体蛋白質が結合していない Ｆ ‐７５０の専用測定容器で各項目を測定した。
検討の結果， ＨＢｓＡｇ ， ＨＢｅＡｇ 緩衝液またはブロッキング剤の変更に１％カゼイン溶液を加えることにより非特異的反応の回避が可能であった。
近年，生活習慣の変化により非アルコール性脂肪性肝障害（ ＮＡＦＬＤ ）が急増している。
ＮＡＦＬＤ の病因は肥満とインスリン抵抗性が主であり，大部分の症例は生活習慣病を合併している。
ＮＡＦＬＤ では脂肪肝のまま病態は殆ど進行しないが，約１０％が非アルコール性脂肪性肝炎（ ＮＡＳＨ ）であり，肝硬変や肝細胞癌（ ＨＣＣ ）で進行する。
本稿では， ＮＡＦＬＤ と ＮＡＳＨ の自然経過について述べ， ＮＡＳＨ の線維化とその重症度予測因子と肝硬変について述べ，肥満と ＮＡＳＨ の関連， ＮＡＳＨ と ＨＣＣ の関連について述べた。
５４歳と８４歳の女性における標記疾患の２症例を報告した。
症例１では化学療法中，卵巣癌術後，抗癌剤の血管外漏出により発赤，硬結，皮膚潰ようが生じた。
症例２では，直腸癌の肝転移に対する化学療法中に発赤，硬結，皮膚潰ようが出現した。
両症例とも保存的治療を行った。
病変の境界が明瞭となった時点で，外科的治療を施行した。
２例とも術後経過は良好であった。
対麻ひを生じた腰部脊柱管狭窄症の３症例について，術後成績に関わる因子とそれについて検討した。
症例は８６歳女性で，７３歳男性，７３歳女性の３例である。
術後３例において有意な麻ひの改善を認めなかった。
症例１と２は手術までの期間が長いことが成績不良因子であると考えた。
一方，症例３では手術までの期間が短いものの， ＭＭＴ １の高度麻ひがあったため成績が悪いと考えた。
以上より，７０歳以上の高齢者ではぼうこう機能障害を伴う馬尾型を含む病態において，手術までの期間が長い症例や高度麻ひを伴う症例は必ずしも手術により麻ひの改善が得られないと考えた。
国立病院システム関門医療センター（ Ａ 国立下関病院）は２００２年９月３０日に総合女性医療サービスを開設した。
初診患者数は，開設から平成１７年１０月３１日までの３年１か月で８０８名であった。
設立の経緯，診療の流れ，受診者のニーズ，診療の概要，病院内外のネットワークについて概説した。
また，現状の問題点（医師の人材育成と自己研修，性差医療へのフィードバック）と今後の展望について概説した。
スクリーニング ＭＲＩ を再検討し，特に感染性脊髄炎と診断された症例の椎間板高信号について検討した。
腰椎 ＭＲＩ の６８４ Ｔ ２強調画像中２９８例（男性３５５例，女性３４９例，５か月〜８９歳）に椎間板高信号を呈する症例を認めた。
化膿性脊椎炎に関する所見を参考に， Ｔ ２強調画像における椎間板の形状と高信号パターンを７パターンに分類した。
その結果，平坦化していない低信号椎間板に典型的な信号強度である点状高信号の Ｔ パターンを呈したが，化膿性脊椎炎のような印象を示さなかった症例が８例あった。
これらの症例では軟部組織過形成や終板信号強度の異常は見られなかった。
さらに変形性腰椎症や圧迫骨折によくみられるパターンや正常椎間板や腰椎椎間板ヘルニアにみられるパターンを呈する症例もあり，軟部陰影や錐体異常信号強度と総合的に診断する必要がある。
手根管症候群（ ＣＴＳ ）に対する保存的治療の適応は，初診時の自覚症状の重症度，り病期間，年齢，しびれ感とは異なる。
高齢者のとう痛を主訴とし，保存的治療に固執することなく手術を勧めることがある。
保存療法の実際としてステロイド注射と装具療法を比較した。
同等の治療効果も期待できるが，ステロイド療法には合併症や再発の可能性がある。
ＣＴＳ は高齢女性に多く，手の酷使がある場合は生活指導が重要である。
持続的で強いしびれと痛みがあれば手術を勧める。
乳癌外来で広く使用されている経口抗癌剤の副作用とその対策について概説した。
乳癌治療における経口抗癌剤の位置付けについて述べた。
経口抗癌剤の特徴的な副作用とその対策として，代謝きっ抗剤（食欲不振，悪心・おう吐，骨髄抑制など），及びアルキル化剤（出血性ぼうこう炎など）を挙げた。
更に，相互作用と服薬指導の際のポイントを示した。
熱傷における臨床パラメータとしての血清インターロイキン１８（ ＩＬ ‐１８）濃度の有用性を検討した。
対象２５例は生存２２例，死亡３例で，総熱傷面積（ ＴＢＳＡ ）は平均２７．１％（１〜９３％），熱傷指数（ ＢＩ ）は平均１９．６であった。
ＩＬ ‐１８濃度は熱傷１日目に ＴＢＳＡ ， ＢＩ ，白血球数と負の相関を示し，熱傷７日目に ＴＢＳＡ ， ＢＩ ，白血球数， Ｃ 反応性蛋白質と正の相関を示した。
酸素化指数と負の相関，重症度と正の相関（ ＳＯＦＡ スコア）を示した。
また，死亡者の平均は６２６ ｐｇ ／ ｍＬ であったが，生存者の平均は３３４ ｐｇ ／ ｍＬ であり，生存者の平均値は死亡者より低かった。
血清 ＩＬ ‐１８濃度は熱傷による炎症反応の臨床パラメータとして有用である可能性が示唆された。
人工股関節置換術（ ＴＨＡ ）による成績は安定していた。
整形外科医にとって合併症を生じないようにすることが重要な責務である。
術後脱臼の病態について解説した。
脱臼は求心力不足とソケットと骨頭との衝突（インピンジメント）の２つの要因である。
発生原因としては，ソケットとステムのコンポーネント設置異常の緊張不足，骨きょくの遺残による大腿骨と骨盤の衝突，ソケット辺縁部とステム頚部と軟部組織の衝突が考えられる。
外転筋群の機能不全，筋力低下，大転子の癒合不全，過度の外力がある。
遺伝性第３補体因子（ Ｃ ３）欠損症は非常に稀な疾患である。
症例は７歳男児で，学校検尿で Ｃ ３が０ ｍｇ ／ ｄｌ ， Ｃ ４が１８ ｍｇ ／ ｄｌ ， ＣＨ ５０が１６ Ｕ ／ ｍｌ であった。
両親は遺伝性 Ｃ ３欠損症であることが示唆された。
遺伝子解析の結果，少年のエキソン２９におけるホモ接合性２ヌクレオチド欠失と両親のエキソン２９におけるヘテロ接合性２ヌクレオチド欠失が明らかになった。
遺伝性 Ｃ ３欠損症と報告された９例の大部分は血縁者であり，ホモ接合体に変異があった。
遺伝性 Ｃ ３欠損症の頻度は他の補体欠損症と比較して低く，ヘテロ接合性突然変異よりもホモ接合性突然変異の頻度が高かった。
甲状腺中毒症について解説した。
甲状腺中毒症の病因と分類，及び症状について述べた。
Ｂａｓｅｄｏｗ 病の治療（抗甲状腺剤と抗甲状腺剤の副作用，放射性ヨード療法，手術療法）， Ｐｌｕｍｍｅｒ 病の診断と治療， ｈＣＧ の刺激，ヨード誘導性，及び甲状腺ホルモン摂取による中毒症について述べた。
更に，研修医へのアドバイスを示した。
クリニカルパスの功罪について述べた。
クリニカルパスを応用した食道癌の問題点と症例について概説した。
食道手術における医療スタッフへのクリニカルパスについて，特徴，術前管理，術後 ＩＣＵ ，病室での術後管理，経口摂取，の各項にしたがって解説した。
食道癌患者のクリニカルパスについて解説した。
バリアンスの記録と分析について述べた。
バリアンスの分析により問題点を明らかにすることは医療の質の向上に有用であることを示唆した。
死後のイメージングを含む剖検イメージング（ Ａｉ ）技術について解説した。
Ａｉ 技術の活用により剖検率の低下を防ぐことができる。
また犯罪捜査に威力を発揮し，死因の特定が可能となった。
Ａｉ は病理と画像診断技術のカップリングであることを述べ，解剖学との違いを説明した。
福岡県久山町の住民検診で受診した１６２１名のうち，アンジオテンシン変換酵素遺伝子多型で判定できた９３７名を３２年間追跡した。
アンジオテンシン変換酵素遺伝子多型は，生存例の血液検体，剖検例のパラフィン検体，新鮮凍結検体から抽出した ＤＮＡ を用いた ＰＣＲ 法により判定した。
追跡期間中１７６人が悪性腫ようにより死亡した。
悪性腫ようによる死亡率は喫煙量の増加と共に増加した。
各アンジオテンシン変換酵素遺伝子多型に対する喫煙と腫よう死との関連について検討した結果， ＤＤ 型は ＩＩ 型， ＩＤ 型に比べて二重喫煙効果があることが示唆された。
喫煙が腫よう死に及ぼす影響はアンジオテンシン変換酵素遺伝子多型により異なることが示唆された。
当院では，全入院患者に対して持参薬を効率的にチェックするシステムを検討し，平成１７年４月から事務局入院前に「持参薬確認コーナー」を設置した。
本稿では，さらに患者の入院予定時間に薬剤師を同角に配置した持参薬チェック業務について紹介した。
当院のシステムでは，日常入院患者の約８割が僅か２時間でチェックでき，さらに持参薬の約９１％が同じコーナーでのチェックのみで確認できることが示された。
当院のシステムは効率的なブラッシング薬チェックシステムの一つであり，患者が薬剤師の職能に最もアピールできるタイミングであることを述べた。
ジェネリック医薬品（ ＧＥ 医薬品）のシェアが高まり，より多くの国に使用される機会が増えるにつれて， ＧＥ 医薬品企業の社会的責任も重くなっている。
沢井製薬（株）は ＧＥ 医薬品を製造販売する企業の頭に残されており，これまで ＧＥ 医薬品の存在とその社会的意味について様々なメディアを介して国に推進してきた。
本稿では，当社の ＧＥ 医薬品の取り組みについて概説した。
今後の使用促進を求めた ＧＥ 医薬品の活動だけでなく， ＧＥ 医薬品の品質を含めた信頼性を高める努力が必要と述べた。
赤月病の４５歳女性の症例を報告した。
新しい化粧品を使用した後，顔面に皮疹が認められた。
ステロイドの経口投与，ステロイドと亜鉛軟膏の外用を行った。
投与１か月後に症状は改善した。
化粧品はパッチテスト陽性であった。
化粧品による接触皮膚炎， Ａｋａｔｕｋｉ 病が疑われた。
ＲＳＤ の病態は均一でないので，病態に合った治療法の選択が必要である。
とう痛機序を判定する一つの方法として，薬剤チャレンジテスト（ ＤＣＴ ）について述べた。
神経因性とう痛の発生機序として，異所性神経発火の発生，交感神経の関与，脊髄後角の変化，二次ニューロンの感作，痛みの記憶について概説した。
ＤＣＴ の方法について解説した。
試験薬にはフェントラミン，モルヒネ，リドカイン，ナロキソンを用いた。
その後の治療法について言及した。
特発性肺線維症（ ＩＰＦ ）患者１４例と ＩＰＦ 急性増悪のため入院した患者８例を対象に， ＢＡＬＦ と血しょうのウイルス検査と免疫血清学的検査を行った。
測定した１７型のうち，急性増悪期の ＢＡＬＦ で ＩＰＦ 安定期に比し有意に増加しているサイトカインは１３型で高く，特に予後不良例では ＩＬ ‐６， ＴＮＦ α， ＩＦＮ γが高い傾向にあった。
急性増悪治療過程で ＢＡＬＦ 再検討を行った３例では， ＩＬ ‐２， ＩＬ ‐５， ＩＬ ‐６は予後に関係なく治療により減少傾向を示し， ＩＬ ‐８， ＩＦＮ γ， ＴＮＦ αは予後不良例で上昇傾向を示した。
血しょう中では，安定期に比べて急性増悪期において ＩＬ ‐６， ＩＬ ‐７， ＩＬ ‐８， ＩＬ ‐１０が有意に増加していた。
気管支ぜん息の基本病態は慢性気道炎症である。
気道炎症には好酸球， Ｔ 細胞，肥満細胞，好中球，マクロファージ，気道上皮などの様々な細胞と様々な液性因子が関与している。
Ｔｈ ２サイトカインは中枢気道のみならず末梢気道においても気道炎症の部位に関与していることが重要視されている。
さらに，気管上皮細胞の剥離やはい細胞への転換，基底膜肥厚，気管平滑筋の肥大・肥厚，血管新生などの気道リモデリングの病態が明らかになり，不可逆的な気道閉塞や慢性的に気道過敏性がこう進し，ぜん息が重症化し難治化する。
ぜん息の治療には，アレルギー性炎症のコントロールに加えて，気道リモデリングの抑制のために，吸入ステロイドを中心とした抗炎症薬を早期から導入することが重要である。
気管支ぜん息の特徴は，発作性ぜん鳴，呼吸困難，咳そうを繰り返し，夜間，早朝に出現する傾向があり，聴診所見では連続 Ａ ，特にハーモニックフルート様音である。
さらに，ぜん息の診断には呼吸機能検査による気流制限の客観的評価が必要である。
スパイロメトリーまたはピークフローメーターで評価し，気道過敏性試験を行う。
気道炎症の評価は，かくたん検査，呼気中一酸化窒素濃度の測定，呼気凝縮液測定，アレルギー学的検査により行う。
慢性閉塞性肺疾患，左心不全，過換気症候群など，ぜん鳴や呼吸困難をきたす疾患が鑑別の対象である。
臨床診断において重要なことは，１）気流制限に由来する症状が発作的に繰り返し起こること，２）少なくとも部分的に気流制限で可逆性を示すこと，３）他の疾患を除外することである。
我々の遺伝子解析の結果， ＩＬ ‐１７ Ｆ 遺伝子がぜん息の病態において重要な役割を果たしている可能性が推察された。
ＰＡＩ ‐１は気道リモデリングの形成に深く関与している可能性があり， ＰＡＩ ‐１遺伝子の機能的多型は気道リモデリングが容易に進行するか否かを規定する遺伝的要因の１つであると考えられる。
ＣＣ Ｌ ５はウイルス感染時に気道上皮から強く誘導されるケモカインであり，特に高齢ぜん息における慢性気道炎症の獲得に重要な役割を果たしている可能性がある。
マクロファージ抑制因子の役割に注目したところ，アレルギーの病態には自然免疫系が深く関与していることが推察された。
以上から，病態生理学的共通経路を分子レベルで解明することにより，疾患の理解を深めた。
これらの経路を標的とすることにより，ぜん息の予防・治療の進歩に貢献することが期待される。
脳動脈りゅう壁の動態を正確に把握するために開発された心電図同期再構成 ＣＴ 血管造影（４ Ｄ ‐ ＣＴＡ ）について概説した。
多系列検出装置 ＣＴ （ ＭＤ ‐ ＣＴ ）を用いた脳動脈りゅうの４ Ｄ ‐ ＣＴＡ の方法，経頭蓋ドップラー（ ＴＣＤ ）を用いた拍動の最大・最小画像の推定，ボリュームデータ処理法の違いによる４ Ｄ ‐ ＣＴＡ の可視化，４ Ｄ ‐ ＣＴＡ 減算部再構成画像（ Ｓ ‐ ＭＰＲ ）について述べた。
４ Ｄ ‐ ＣＴＡ Ｓ ‐ ＭＰＲ を用いて客観的な脳動脈りゅう画像を得ることができた。
さらに，４ Ｄ ‐ ＣＴＡ 画像の問題点と実際について述べた。
現在，糖尿病診断のための血糖値測定には採血が不可欠である。
非侵襲的な血糖値測定の実現が望まれる。
本稿では， ＭＲＩ を用いた生体内温度推定のための基礎データの取得について報告した。
ミリ波領域において，導波路で励起したパッチアンテナを用いて共振特性を測定することによる血糖値の生体内測定の可能性を検討した。
Ｔ ２相像の違いにより，温度分布測定が実現できることを確認した。
このシステムは生体内の非侵襲的温度モニターとして種々の医療システムに利用できる。
エンハンス型 Ｓ ‐コーン症候群（ ＥＳＣＳ ）の臨床像の特徴と分子遺伝学的特徴について症例を含めて概説した。
ＥＳＣＳ の臨床像の特徴には夜盲の自覚，遠視の有無，嚢胞様黄斑症，血管アーケードから中間周辺部への網膜変性巣， ＥＲＧ 所見としての眼球体反応の減少と３０ Ｈｚ フリッカー反応，フラッシュ ＥＲＧ と錐体 ＥＲＧ 波形の類似などがある。
原因遺伝子は ＮＲ ２ Ｅ ３遺伝子である。
症例として，ヘテロ接合に変異を持つ両親を持つ１７歳男性の患者と，視機能維持の側面からみた軽症例の３３歳女性の患者を取り上げた。
症例は４７歳女性で，下腹部膨満感を主訴とした。
骨盤部 ＭＲＩ などの諸検査により子宮平滑筋腫が最も疑われ，術前診断で悪性腫ようを否定できず，婦人科で開腹子宮全摘術，両側付属器切除術を施行した。
病理組織学的に転移性子宮癌と診断され，原発巣精査の結果，両側乳癌と判明した。
術前全身化学療法後，左胸筋温存乳房切除術，左えきかリンパ節郭清，右乳房部分切除術を施行した。
術後照射は左胸壁，右温存乳腺，右えきかの３か所に行った。
術後１６か月で腫ようマーカーの再上昇を認め，症状の進行は阻止できず，癌性腹膜炎で死亡した。
リシン，ボツリヌス毒素，ベロ毒素は，生化学兵器やバイオテロに使用されることが懸念される毒素である。
警察科学研究所，名古屋大学工学部，岐阜薬科大学が共同で，これらの毒素の正確な迅速検出法を開発した。
検出原理は糖鎖と表面プラズモン共鳴（ ＳＰＲ ）の利用に基づいている。
この新しい方法は従来の方法よりはるかに短い測定時間を必要とし，高い信頼性と良好な操作性を持っている。
二分脊椎を伴った線状強皮症の１例（１６歳女性）を報告した。
右でん部から大腿にかけて線状に配列する紅斑が出現した。
臨床検査所見，病理組織学的所見および画像検査所見から，二分脊椎を伴う線状強皮症と診断した。
フランカルボン酸モメタゾン軟膏により，陥凹はやや改善し，正常皮膚由来の陥凹が持続した。
ウエストナイルウイルス（ ＷＮＶ ） ＮＳ ４ Ｂ 蛋白は，他のウイルス蛋白と共にインターフェロンのアンタゴニストとなり，感染の後期に細胞核に局在することが報告されている。
本研究では， ＮＳ ４ Ｂ 蛋白の核への局在を解析し，その生物学的意義を検討した。
ＮＳ ４ Ｂ 蛋白はウイルス感染細胞のみならず，核に赤色蛍光色素を付加した融合蛋白として非感染細胞でも局在することが観察された。
ＮＳ ４ Ｂ 蛋白質の核内移行において，この蛋白質の Ｃ 末端５０アミノ酸が重要であることが，欠失変異体の解析から明らかになった。
また，分裂細胞核には多くの ＮＳ ４ Ｂ 蛋白が局在していることから，細胞分裂の制御に関与していることが示唆された。
肝細胞癌では同じ原発性肝癌である肝内胆管癌に比べてリンパ節転移や遠隔転移が少ない。
しかし，多発性に腫りゅうを形成することが多いため，治療が困難になる。
肝病変を背景に多発性の腫りゅう形成が各地で同時に発生することが明らかになりつつある。
肝炎や肝硬変などを背景とした肝細胞癌の場合は，常に多中心性発癌を念頭に置く必要がある。
本稿では，多中心性発癌に関するこれまでの知見と多中心性発生の同定の実際的方法について解説した。
肝臓は消化器臓器からの門脈血流が最初に流入する臓器であり，消化器癌の転移頻度が最も高い臓器である。
本稿では，転移性肝癌に対するそれぞれの治療法について大腸癌を中心に概説した。
最初に，肝転移の評価法と肝外病変の検索法について述べた。
次いで，大腸癌の肝転移の疫学について述べ，大腸癌の肝転移について，手術療法，動注化学療法，局所療法，全身化学療法について述べた。
最後に，神経内分泌腫ようの肝転移に関する治療法について述べた。
５４歳女性の標記疾患の症例を報告した。
左大陰唇に径１０ ｍｍ の淡紅色の被覆結節が出現し，徐々に増大した。
２ ｍｍ を残して単純切除術を施行した。
病理組織学的所見により皮膚限局性ムチン沈着症と診断した。
術後５か月を経て再発はない。
１８２例において血中 Ｔ ４を指標とした Ｔ ３抑制試験によりバセドウ病の寛解が予測された。
Ｔ ３投与後の血中 Ｔ ４／ Ｔ ３投与前の血中 Ｔ ４（＜６０％）を寛解の指標とした。
この指標を用いて，抗甲状腺剤中止後１年間 Ｂａｓｅｄｏｗ 病の再発を認めず，５年間で１４６例中１６例のみが再発した。
再発率は１１％で，他の報告と比較してはるかに低かった。
同様の寒冷刺激試験にもかかわらず，月経周期により異なる結果を示した１７歳女性の症例を報告した。
寒冷刺激試験を初経２週間前，初経６日前，初経６日後に行い，負荷前の血しょう中ヒスタミン，尿中 Ｎ ‐メチルヒスタミン（ ＮＭＨ ）を測定した。
また，月経による性ホルモンの変化についても測定した。
尿中 ＮＭＨ の観察は寒冷じん麻疹の診断に有用と考えた。
米国では１９８０年代に骨盤位の帝王切開率が８０〜９０％と急激に増加し，現在もほぼ維持されている。
一般的には３７週で創外法を行う。
外法が成功しなかった場合には骨盤撮影を行う。
経ちつ分娩の状態を満たす症例では分娩検査を行うが，問題があると変化することが多く，今後帝王切開率が低い状況はない。
症例は４９歳女性で，くも膜下出血後に小脳梗塞と両側麻ひが生じた。
危険の予防と異常の早期発見， ＡＤＬ （日常生活動作）の拡大と自立支援の看護目標により，自助具も考案された。
その結果，完全な自立が確立され，まだ ＡＤＬ はないが，入院時の状態と比較してかなりの進歩があった。
食事については，オールサポートからハーフサポートへと変化した。
排せつ，排尿に多くの時間を要する。
症例は７８歳女性で，高血圧に対してトリクロルチアジド（ Ｉ ）１２ ｍｇ ／日を投与されていたが，体動時の系統的めまいに対して炭酸水素ナトリウム剤の静脈内投与を行ったところ，突然意識が消失した。
Ｉ の過量投与により低カリウム血症などの電解質異常をきたした症例であり，洞性徐脈，心房細動，完全左脚ブロック，上室性・心室性期外収縮など多彩な不整脈が発生すると考えられる。
Ｋ 補充療法のみでは不十分であるが，人工心臓ペースメーカ療法が有効である。
種々の心室性不整脈の発症機序としてトリガー活性の関与が考えられている。
標記下痢症の集団発生の概要を報告した。
園児９９名を対象に採取した便について ＰＣＲ を行った結果，３名から標記大腸菌が検出された。
標記毒性株，当該１５５名から分離された１６株，試験総数５７９例である。
給排水に問題はなく，食品による原因も不明であるが，消毒剤の未確立，廃棄物処理と園児の接触の可能性，おむつ保管事例を示した。
脊椎分離症の大部分の原因は成長期における極端なスポーツ運動によって明らかにされた。
ＭＲＩ 法による脊椎分離症の診断は Ｘ 線診断よりも早期の可能性があり，保存的治療に対する治癒効果も大きく改善した。
中学生健診時の腰痛を訴える学生に ＭＲＩ を施行したところ，５１％に低輝度の変化を認めた。
これらの患者は腰椎装具の着用や制限運動により全例で改善した。
原因不明の腰痛が１か月以上続く中学生に対しては， ＭＲＩ 法による診断が推奨される。
近年，胆石特有の症状のない「無症状胆石」が多く認められている。
ｇａｐ ｂａｇ 結石は９５％以上といわれているが，総胆管結石症や肝内結石症でも ｓｕｂｃｌｉｎｉｃａｌ に存在部位が発見されることがある。
無症候性胆石の治療の基本方針は経過観察である。
ウルソデオキシコール酸とケノデオキシコール酸の内服による胆石溶解療法が適応となり，有効率は３０％前後である。
持続性高尿酸血症が存在する場合，急性関節炎発作時には関節液中に尿酸ナトリウムの針状結晶が沈着し，多形核白血球による経口摂取がみられ，最終的に痛風と診断できる。
慢性関節リウマチや偽痛風との鑑別が必要である。
尿酸クリアランス試験により病型診断を行う。
合併症の診断と治療，経過観察に必要な検査についても述べた。
現在日本で使用可能な Ｈ ２遮断薬（ Ｉ ）とプロトンポンプ阻害薬（ ＩＩ ）の最初の１回投与について解説した。
Ｉ にはシメチジン，ラニチジン，ファモチジンなどがあり，１日１回投与と２回投与で治療率に差を認めない。
ファモチジンは朝１回投与が優れていた。
ＩＩ にはオメプラゾールとランソプラゾールがあり，投与時期による治療率の差は認めなかった。
脳血管障害を合併した中等症以上の高血圧患者２０例を対象として，リシノプリル１０ ｍｇ を１日１回朝連続投与し，その有用性を４〜８週間のカディアン変動血圧の観点から検討した。
昼夜を通じて同等の降圧効果を示し，日内変動は変化しなかった。
夜間血圧は過度の低血圧とは考えられなかった。
これらの患者は１年間の追跡調査で神経症状の悪化はなく，経過は良好であった。
脳卒中患者１５８例を対象に，標記について多施設共同でオープンスタディを行い，自覚症状，精神分裂病・神経症症候群に対する作用，降圧効果について検討した。
脳卒中に伴う自覚症状や精神病症候の改善に有効性が示された。
くも膜下出血では高い改善を示した。
血圧の急激な低下は見られず，特に境界域血圧の患者では緩徐で安定した降圧効果が得られた。
完全抗体を検出するために生理食塩水法を適用し，不完全抗体を検出するために酵素法，アルブミン法，間接抗グロブリン試験を行う。
各検査法における操作を通じて留意すべき点，異常反応とその対応について概説した。
交差適合を開始する前に不規則抗体スクリーニングを行うことが必須である。
交差適合マニュアル緊急輸血の準備が必要である。
プラスチック以外の人工肢装具非知能材料について論じた。
天然材料と人工材料のそれぞれの性質の長所と短所について述べた。
天然有機物は生物学的対象物質であり，天然物の品質を達成することを目指して，後者には達成された人工材料もある。
材料は人間の生体に近く，人工肢への適切な利用が保証されていることが必要であると述べた。
２１２例（１９７０〜１９９３年）の発症は６０〜６９歳で最も多く，２０〜２９歳の女性は同年代の男性に比べて多い。
診断時 Ｔ ‐ ＩＲＩ ３００μＵ ／ ｍｌ 以上，インスリン結合率３０％以上の症例がほとんどであった。
自然回復率は８３％であった。
全体の４２％の患者は ＳＨ 群を含む薬剤の服用歴を有しており，居住地による症例の分布差は認められなかった。
Ｂａｓｅｄｏｗ 病に著明な高カルシウム血症を合併した稀な症例（２５歳男性）を報告した。
本症例は血清カルシウム値１２．５ ｍｇ ／ ｄｌ ，カルシウムイオン３．１４ ｍＥｑ／ ｌ と高カルシウム血症を呈し，全身性低カルシウム血症が著明であった。
大量輸液により著明な高カルシウム血症は数日以内に改善し，抗甲状腺剤投与により血清カルシウム値は正常化し，甲状腺ホルモンの血中レベルも正常化した。
増悪因子の発見と最適な治療の重要性を強調した。
透析患者の低栄養にはエネルギーや蛋白質による栄養療法の指標が直接関係している。
栄養指標の主なものは生体内エネルギー源（脂肪）と蛋白源（筋肉蛋白質，内臓蛋白質）の測定である。
透析患者においては，体蛋白質が重要な指標である。
また，処方に基づく適正な運動療法も必要であり，今後は運動耐容能などの指標も必要となる。
呼吸器感染症の予防機構と慢性呼吸器感染症の治療について図と表にまとめ，慢性呼吸器感染症の病態と治療の原則について簡単に解説した。
代表的な病原菌を表に示し，特徴を説明し，病原菌別に抗菌薬療法について述べた。
在宅治療と外来治療における注意点を示した。
慢性気道感染症に対する長期低用量療法におけるマクロライドの意義について解説した。
中枢性けいれんと脳内ヒスタミン量との関係についての研究について解説した。
脳のヒスタミン濃度と間代性けいれんの持続時間との間には逆相関があったが，強直性間代性けいれんの持続時間との間には相関はなかった。
誘発間代性けいれんの持続時間の抑制にはヒスタミンニューロンの機構が重要な役割を果たしていた。
中枢神経系作用を有する Ｈ １受容体きっ抗薬は１５歳以下の小児には投与すべきではないと結論した。
切開排膿後に感染性粉りゅうや膿ようなどの感染症を有する小皮膚潰よう１２例を対象に，タンポン法により潰よう内に白糖・ポピドンヨード混合軟膏 ＥＵＰＡＳＴＡ を挿入し，臨床的有用性について検討した。
潰ようの大きさと深さは有意に減少した。
全ての症状の改善は肉芽形成，表皮形成など１００％であった。
細菌感染は３例において投与前に認められ，投与後に消失した。
副作用は認めなかった。
臨床分離菌７３株を対象とした。
メチシリン感受性菌４０種のうち１種は ｍｅｃＡ 遺伝子陽性であった。
細菌検査の検出感度は ＤＮＡ を用いた検査と比較して必ずしも十分ではなかった。
同時再現性において，電気泳動の使用はより安定なシステムであることを証明した。
反応温度による差と再現性のかなりの変動があった。
一般用医薬品の法規上の性格について述べた。
次に，薬剤師に対する医薬品と臨床薬学を用いた薬学の必要性から，一般用医薬品の取り扱いについて述べた。
さらに，地域薬局における「クリニカルファーマシー」の具体的展開について考察した。
最後に，医療科学に対する薬剤師教育のあり方について述べた。
症例は５８歳女性で，歩行時のふらつき，排尿困難，痴呆を主訴とした。
アシクロビルは一過性の改善を示した。
髄液検査では細胞数の増加，蛋白値の上昇，単純ヘルペス抗ウイルス抗体価の上昇を認め， ＭＲＩ では両側側頭葉に病変を認めた。
頭痛，発熱，他の髄膜刺激症状，不定側頭葉症状，慢性進行性経過，痴呆などの所見から脳炎の特殊な症例と考えられた。
デイサービスを行っている看護婦１５名を対象に，足形をディジタイザで測定した Ａｍ ‐ Ｆｉｔ を用いる方法と，舟状骨結節の足長に対する比率で表したアーチ高さ率を測定する方法により，標記の検討を行った。
８名の看護婦において足部愁訴を認めた。
サービス後，足の高さはほとんどの症例で低くなり，足の訴えのある群の足の高さの低下率は足の訴えのない群より大きかった。
このことは，足弓高さの低下が足部愁訴に影響を及ぼしている可能性を示唆している。
身体障害の程度による調整は３名の患者に対して補正を行った。
患者・家族ともにリハビリテーションによる日常生活動作レベルの上昇に伴い，従来の学校での再教育を希望していた。
学校復帰は医療によって実現し，学校や教育委員会における障害の理解を促進し，学校復帰後の子供の健康管理に積極的な役割を果たしていた。
総合的なリハビリテーションシステムを確立すべきである。
ストレプトアビジンチューブ法を採用することにより，同一チューブ内の多くの項目の測定が可能となった。
その結果，感度，再現性，試薬の安定性の向上を実現した。
緩衝液に非特異的反応阻害剤を添加したため，非特異的反応は観察されなかった。
全自動 ＥＩＡ 分析装置 ＥＳ ６００を用いることにより，多数の試料のパッケージ処理が可能になると考えられる。
Ｋａｎｓａｓ 大学における音楽教育・治療科，教育学部の歴史について報告した。
大学を設立した Ｇａｓｔｏｎ 氏の死亡の翌年の５年間の歴史を調査した。
音楽療法プログラム，インストラクタ，インストラクタの業績，学生の名前と数を含む。
大学の音楽療法プログラムはよく知られており，多くの学生を集めている。
この調査の結果，大学生と医師卒業生を含む学生リストが得られた。
人工腎臓は ＨＤ 慢性と救急集中治療に使用されており，それぞれの分野における今後の開発動向について解説した。
ＨＤ 慢性の分野では， ＨＤ 慢性による処理法，セルロースが各種プラスチックに置換されつつある膜材料の現状，抗血栓性の生体適合性について解説した。
救急集中医療現場では，持続的血液ろ過法と持続的血液ろ過透析が挙げられる。
また，ポリアクリロニトリルとポリメタクリル酸メチルを用いた中空糸膜の特性についても述べた
イヌに胃ろうを作成し，インシュリン負荷による胃酸分泌試験，アセトアミノフェンによる胃排出試験を行った。
術後の減酸効果は認められたが，胃排出能には有意な変化は認められなかった。
次に穿孔を伴う十二指腸潰よう症例に対し，腹腔鏡下単純閉鎖術への減酸の追加手術として腹腔鏡下迷走神経切離術を施行した。
この操作を行うことにより，酸の減少と胃排出能の高進に良好な効果が得られた。
レクリエーション療法の一環としてコーラスについてアンケート調査を行った。
回答者は７０名であった。
活動は情動的に行われていると思われるものもあった。
承認時に患者をビデオカメラで撮影し，行動を観察した。
同時に，活動前後の患者の病棟付添人による記録を検討した。
１０年以上前に変形性膝関節症に対して高位頚部骨切り術を施行した７３例９４膝の長期成績を報告した。
膝関節 Ｘ 線撮影（立位，正面像）は目標角度を維持しながら平均１７０．６度の値を示した。
全例でとう痛は著明に軽減または消失した。
歩行距離は術前の２倍に増加し，階段昇降に有意な問題はなかった。
この手術は高齢者に対して適切な運動機能を提供すると思われる。
軽症脳梗塞患者２３例（平均６６．７±１０．３歳）を対象に，桂枝ぶく苓丸の臨床効果について検討した。
漢方処方は赤血球凝集，脳梗塞因子およびその関連因子であるフィブリノーゲンを抑制した。
作用機序は東洋医学と呼ばれる「お血症候群」の重症度に依存していた。
試験処方は脳梗塞を抑制した。
５３歳男性の症例を報告した。
初発症状は労作時息切れ，右季肋部痛で，心臓カテーテル検査で心膜炎を確認した。
患者は２年後に肺炎による呼吸不全で死亡した。
心重量は７４０ ｇ で，癒着を伴う著明な心膜肥厚を認めた。
心膜には壊死組織を含むリンパ球浸潤と核異型性を認め，心筋にも同様の所見を認めた。
収縮性心膜炎は傍大動脈リンパ節の悪性リンパ腫により誘発されたと考えられた。
長期低蛋白食療法が有効であったパーキンソン病（ Ｐ ）の１例を報告した。
発病後１０年以上経過し，レボドーパ（ Ｉ ）に基づく抗 Ｐ 剤の長期投与により副作用が消失した症例に対し，朝食と昼食に各６ ｇ の低蛋白食を併用した併用療法を行った。
その結果，神経症状の安定化と副作用の軽減が認められた。
この効果は２年間維持され，栄養障害は認められず， Ｐ の長期的有用性が示唆された。
ＳＤ ラットの皮膚とう痛受容体（ Ｒ ）の単一神経放電を記録し，キノホルム（ Ｃ ）が熱反応に及ぼす影響を検討した。
ジメチルスルホキシド単独投与群では熱反応による Ｒ の変化は認められなかった。
Ｃ 投与群では，熱反応は２４０分間 Ｒ の活性を明らかに増加させた。
Ｃ による行動的痛覚過敏は Ｒ 活性の増加の可能性を示唆した。
スモン患者１０２名（平均９．９か月，３２．３か月）にしん灸治療を行い，異常感覚と不定愁訴の推移を観察した。
異常感覚のレベルと程度は変わらなかったが，「スマート感情」と「痛み」では５％以上が軽減した。
不定愁訴は下痢，食欲不振，ぼうこう障害，頭痛で１０％以上軽減した。
術直後に「軽くなった身体」，「軽くなったこむら返り」，「下肢の暖かさ」を感じた症例があった。
標記について１９９４年の総合研究報告（１９論文）を行った。
未熟ニューロン壊死のメカニズムとその予防に焦点を当てて研究を行った。
胎児期から新生児期までの脳循環障害発生機序を臨床的に理解し，より明確な診断・治療法を開発することを目的とした。
前回に続き，妊婦，胎児，新生児についても前向き共同研究が行われている。
糖尿病網膜症の発症・進展に関する生存時間解析を行うにあたり，既にイベントが発生している症例の除外（左側除外）に関するデータを含む統計解析法について検討した。
その結果，左側除外を考慮しない通常の解析では生存時間の推定に高い偏りが生じることが実証された。
また，パラメトリック最尤法により生存時間に Ｗｅｉｂｕｌｌ 分布を適用すると，ある場合にバイアスが生じることを示した。
パラメトリック法により危険因子の影響を補正した後，ノンパラメトリック法により基礎生存関数を推定するアプローチとして有効であると考えられる。
ＪＳＣＣ 勧告に準拠した ＬＤＨ 活性測定試薬「 ＥＳＰＡ ‐ ＬＤＨ Ｌｉｑｕｉｄ 」（ ＮＩＰＲＯ ）について検討した。
本試薬は，現在多くの施設で広く実用化されているピルビン酸法と乳酸法との関連，他社製の ＪＳＣＣ 勧告に準拠した試薬との関連について検討されている。
本試薬は精度，精度ともに良好であり， ＬＤＨ 活性測定の性能は長期にわたって良好に維持されている。
また，各社製試薬間の品質変動を示し， ＪＳＣＣ 勧告に基づくピルビン酸‐乳酸法による ＬＤＨ 活性値の差を見出した。
成人における吻合部狭窄に対する防風通聖散，腸閉塞に対する大建中湯，術後の骨代謝障害に対する補中益気湯の漢方療法について述べた。
Ｉ は Ｂｕｋｕ‐ｒｙｏ の利尿作用と Ｇｉｎｓｅｎｇ Ｒａｄｉｘ の消化吸収促進作用により通過障害を軽減する。
大建中湯は種々の機構を介して消化管運動を促進する。
補剤は消化吸収を促進し，術後の代謝を改善する効果がある。
急性肺塞栓症２９例について，発症前から発症後１か月まで心電図の経時的変化を検討した。
肺動脈圧を測定した１３例を収縮期肺動脈圧の高値群と低値群に分けて心電図を比較した。
発症後１日目の Ｖ １，２では，発症当日に比し ＱＴ 間隔が著明に延長していた。
肺動脈圧の高値を示す症例では ＱＴ 間隔の延長がより顕著であった。
右胸部誘導における ＱＴ 間隔の延長は，本症の病態把握の指標として有用であると考えられる。
肝臓と腸は妊娠時に中心腹壁を通して体外に観察された。
新生児期のヘルニア修復と３歳時の心臓カテーテル検査を心雑音により行った。
下半身からのフィードバックのために２対の両側傍脊柱静脈が置換されており，これらは一次奇静脈よりも小さかった。
右静脈と右心房及び大動脈無名静脈の間の憩室形成を上記の２方法で同定した。
これらは，さいヘルニア修復のための体外循環を行う際の注意すべき合併症であると思われた。
患者は１８歳の男性で，血友病 Ａ と ＡＩＤＳ を発症していた。
肝機能障害の増悪のため入院した。
来院時，抗 ＨＢｓ 抗体陽性であったが，入院時には陰性であり， Ｂ 型肝炎の発症を認めた。
液性免疫はヘルパー Ｔ 細胞の機能障害にも影響されること，抗 ＨＢｓ 抗体は陰性であること，細胞内 ＨＢＶ は再増殖することを述べた。
遺伝的にキノホルム毒性に感受性の高い ＣＳ ‐ラットと感受性の低い ＣＲ ‐ラットの２種のラットにキノホルムを３４０日以上投与し，スモン発症を観察した。
ＣＳ では雄１２例中５例，雌８例中３例が生存した。
ＣＲ では男性１２例中３例，女性９例中２例が生存した。
生存例では ＣＳ ３例， ＣＲ １例で四肢の脱力感，脱力感が著明であった。
Ｓｔａｎｆｏｒｄ Ａ 型解離性大動脈りゅう（ Ｄｅ Ｂａｋｅｙ ＩＩ 型）の１例（８５歳女性）を経験した。
主訴は呼吸困難と胸痛で，血液培養結果から敗血症と診断した。
抗生物質を投与したが，突然ショック状態と心・呼吸停止をきたし死亡した。
敗血症に続くショック状態とそれに続く急激な血圧上昇により動脈りゅうが破裂したことを示唆した。
腫よう休眠（ ＴＤ ）の概念と ＴＤ と血管新生の関係に関する Ｄｒ． Ｊ ． Ｆｏｌｋｍａｎ の講義について述べた。
ＴＤ のヒト臨床例として，原発巣が摘出されてから数年後に転移が出現した乳癌について述べた。
実験動物モデルでは血管新生を抑制することにより，腫ようを不活性状態または休眠状態に置くことが可能である。
講義に基づく有望な癌治療法としての抗血管新生療法について紹介した。
血液透析患者の高血圧治療における塩酸イミダプリルの有効性と安全性について検討した。
Ｉ の投与は有意な降圧効果と ＡＣＥ 活性の低下を示した。
Ｉ は血液透析により除去され，３時間で約５０％，４時間で約６５％が除去された。
透析患者の高血圧治療において Ｉ の安全性が確認された。
１９７６年から１９９４年までに切除された単発早期胃癌７４７例（ ｍ 癌４０４例， ｓｍ 癌３４３例）を対象に，リンパ節転移を主体とした臨床病理学的検討を行った。
現在最も侵襲の少ない根治的治療は胃の内視鏡的粘膜切除術（ ＥＭＲ ）である。
ＥＭＲ で根治不可能な症例に対しては，内視鏡的局所切除術を施行した。
幽門形成術を行わない区域胃切除は ＱＯＬ の点で優れていた。
空調機更新前後の手術室の清浄度を調査した。
空気中の細菌数，床・壁付着細菌数は有意な変化を示さず，清浄度も良好であった。
リニューアル後の空中浮遊塵数（ Ｉ ）は，手術室に人がいない場合，全てのクラスで１００であった。
手術中の Ｉ と細菌数は更新前後で大きく変化しなかった。
換気回数を２０〜３０回／ ｈ とした場合，粉塵発生量に対する排気能力に問題があった。
本研究では，象牙質接着性と接着機構の計算モデルと理論解析について検討した。
その結果，引張接着強さを応力方向として仮定した界面層モデルに基づく計算モデルを用いると，界面に沿って応力値が不均一になる可能性があり，界面破壊モードの検討には観察が重要であることが分かった。
接着領域の平均応力と塑性変形領域を調べ，中間層の弾性モジュールの決定に基づく機構を明らかにした。
象牙質樹脂含浸層構造のモデル化は硬さと弾性率の間の関係を示した。
本研究では，握力が加齢の指標となり得るか否かを検討した。
握力とその後の死亡率との関係では，握力が高い者は低い者より予後死亡率が低かった。
２０年後の握力の回復は，相対握力が良好に維持されていることを示した。
握力が増加した群では２０年後の握力が低下した群に比し死亡率が低かった。
これらの結果から，握力は加齢の有用な指標であることが示唆された。
スキー滑走中に転倒して受傷し，右膝変形，とう痛が出現したため受診した。
検査で外側脱臼と外反変形を認め， Ｘ ‐ Ｐ で膝蓋骨脱臼と遠位骨端線離開も認めた。
骨接合術を行い，脱臼に対して外側支帯分離と内側関節縫縮術を行った。
可動域訓練，筋力増強訓練により可動域は正常化し，独歩で退院したが，長期の経過観察が必要である。
マウスインフルエンザ感染系を用いて，生薬成分の解熱作用をスクリーニングした。
７成分のうち，けい皮樹皮は強い解熱作用と ＩＬ ‐１α産生抑制作用を示した。
桂皮皮の成分であるシンナミル化合物と５５の関連化合物のうち，１３物質が強い解熱作用を示した。
葛根湯はインフルエンザ感染症に対して解熱作用を示した。
エアタービンハンドピース（ Ａ ）と治療用マイクロモータハンドピース及び歯科技術について述べた。
Ａ の重量は約３０〜７０ ｇ ， Ａ の無負荷時の回転速度は３０〜４０×１０４ ｒｐｍ である
Ａ は回転速度のため小型化が困難である。
Ａ の殺菌，感染防止，冷却効果，騒音低減についても述べた。
非ステロイド性抗炎症剤（ Ｓ ）とそのプロフィールについて最近の話題を紹介した。
Ｓ の開発の経緯，薬剤の性質，経口，坐薬，注射剤，経皮吸収剤の投与経路について述べた。
最近開発された選択的シクロオキシゲナーゼ阻害剤２種についても述べた。
悪性腫ように対する Ｓ の効果についても述べた。
ＭＲＳＡ に対する超酸性水の有用性を，新生児・未熟児病棟における職員の洗浄，環境調査，床消毒，入院患者の洗浄について検討した。
超酸性水は有用な消毒剤であった。
病棟の調査では，職員の手，患者の体表，床に ＭＲＳＡ が多数検出された。
患者に対する ＭＲＳＡ の接着制御は，超強酸水の使用により不成功であった。
被覆された Ｙ 字型人工血管と被覆されていない Ｙ 字型人工血管を比較し，その有用性と問題点を検討した。
１９９１年７月から１９９５年１２月までに川崎医科大学胸部心臓血管外科で治療した腹部大動脈りゅうおよび閉塞性動脈硬化症１０４例について，術後発熱，炎症，白血球数，出血量，手術時間，輸血，グラフト径の変化，グラフト開存性について検討した。
その結果，被覆型は術後発熱，炎症の遷延，増悪をきたすことが多かったが，抗炎症剤によく反応し，合併症もなく開存性も良好であった。
これらの結果を考慮すると，被覆 Ｙ 型人工血管は臨床的に使用できる。
骨セメント混合におけるメタクリル酸メチル（ Ｉ ）の発生状況を従来法とセメント混合機法で比較した。
従来法では６分間で Ｉ を発生させた。
真空ミキサを用いると混合時のガス発生を抑制できるが，セメントを取り出すと Ｉ が発生した。
蓋を開ける際には吸引器を使用し，ダブルマスクを着用する必要がある。
胸腔鏡検査は開胸とは異なる病変や器具に対するアプローチを用いる。
適切な患者と年齢範囲，手術手技，胸腔鏡検査の器具について述べた。
間接介助看護師は患者の位置を保ち， ＴＶ モニターを見て必要な器具を準備している。
直接介助看護師はビデオ訓練により手術手順を正確に把握し，手の器具をスムーズに操作できるようにしなければならない。
周術期のトラブルやその後の治療への対応に留意する必要がある。
ヒト心房性ナトリウム利尿ポリペプチド製剤 ＨＡＮＰ （カルペリチド）が術後低心拍出量症候群（ ＬＯＳ ）に有効であった収縮性心膜炎（ ＣＰ ）の２症例を報告した。
症例１（１７歳，男性）は長期感冒症状を呈し， ＣＰ と診断された。
症例２（４１歳，男性）は僧帽弁閉鎖不全症で心不全を生じ，精密診断は ＣＰ であった。
症例１，２は心膜切除術後１日目に ＬＯＳ を呈し前負荷が増加したため， ＨＡＮＰ を投与した。
ＨＡＮＰ 投与により前負荷は減少し，肺うっ血と胸部 Ｘ 線上 ＣＴＲ は減少した。
甲状腺腫よう術後に発生した原因不明の胸痛の症例（１）と，ストレス症状に続いて発症した原因不明の胸痛の症例（２）について述べた。
鎮痛薬，抗うつ薬，神経ブロック療法では一時的な効果しか得られなかった。
症例１に対しては柴朴湯と柴朴湯の投与，症例２に対しては星状神経節ブロックを併用した薬物療法が有効であった。
原因不明の胸痛に対しては，漢方薬の投与を考慮すると考えられる。
症例は６６歳男性。
めまいとふらつき感を訴え，ホルター心電図で Ｍｏｂｉｔｚ ＩＩ 型房室ブロック， ＩＩ 度の所見から ＷＯＷ 症候群 Ｃ 型と診断した。
ＤＤＤ ペースメーカー植え込み後， Ｋｅｎｔ 束と心室ペーシングにより２種類の心室興奮を観察した。
めまい，ふらつき感などの自覚症状は消失していた。
超音波検査（エコー）は良性あるいは悪性耳下腺腫ようの鑑別に最も有用な検査法であり，エコー下針穿刺細胞診の併用により９０％以上の正確な診断が得られる。
腫ようの内部構造の解明には ＮＭＲ 画像（ ＭＲＩ ）が有用であり， ＣＴ により腫ようの表在層または深層の位置診断が行われる。
また， ＭＲＩ や ＣＴ 画像により腫ようと耳下腺周囲組織との位置関係が証明され，進行腫ようの手術におけるアプローチの検討に有用である。
腺リンパ腫（ Ｗａｒｔｈｉｎ 腫よう）の診断と耳下腺非上皮性腫ようの鑑別診断におけるエコー像， ＭＲＩ ， ＣＴ 像の特徴について解説した。
滋賀県立小児保健医療センターにおける小児看護・発達相談の現状と今後の課題について検討した。
小児看護相談を受けた子供の多くは神経疾患を有しているので，小児神経科医がカウンセリングを担当していることが望ましい。
看護カウンセリングを受けている子供の多くは開発カウンセリングを必要としているので，医療診断を必要とする人と開発カウンセリングで管理できない人に対して，看護開発カウンセリングを市町村レベルで行うこととした。
今後の課題は，保健所を基盤とした保健・医療・福祉・教育の地域連携と，小児保健・医療センターを基盤とした全県連携である。
健常人１５７名を対象に，加齢と胃酸分泌との関連について検討した。
胃酸分泌は年齢と負の相関を示した。
しかし， Ｈ．ｐｙｌｏｒｉ 感染（ Ｉ ）の有無と胃粘膜萎縮の程度を含む重回帰分析では，胃酸分泌は年齢と正の相関を示した。
萎縮のない Ｉ 陰性の女性の胃酸分泌は加齢と共に増加したが， Ｉ 陽性または高度萎縮の女性では胃酸分泌は低下した。
Ｉ 感染の有無と胃粘膜萎縮の程度を考慮して，胃酸分泌能と加齢との関係を再評価する必要がある。
端部要素有限要素法の ＥＣＴ 解析への適用性を確認した。
変形ポテンシャルを用いることにより，励磁コイルの分割が不要となり，渦電流による反磁界によるインピーダンス変化を解析できた。
ベンチマーク計算の解析結果は計算値とよく一致した。
また，対称または反対称条件を用いることにより計算容量を低減できた。
セラミックスの強度評価，信頼性解析，保証試験に関する確率論的手法の開発と確立について述べた。
衝撃破壊強度の破壊機構，破壊靭性，亀裂成長，破壊強度特性の温度依存性から強度特性の評価法を紹介した。
多軸応力に対する強度評価の考え方，強度設計への応用としての熱応力，接合面上の応力，接触応力と衝突応力を明らかにした。
信頼性保証試験と応用技術について言及した。
二次元光弾性において，光弾性法によって得られたデータは二次元主応力とその方向の差の値である。
三次元弾性においては，透過の場合，上記の値が混合して積分されるデータが得られる。
スライスタイプでは，二次元主応力とその方向の違いを再構成する際の問題は，データに含まれるノイズをいかに減らすかである。
ロックインアンプを用いることにより，ノイズの大幅な低減が期待される。
２ビームスライスタイプでは，主応力の差と方向の測定と再構成が報告されている。
サービスロボットの安全基準がない状態で，「ロボット安全指針」に基づく ＥＸＰＯ ２００５ ＡＩＣＨＩ で半年間ロボットを運用した。
この指針は今後計画されるロボット安全基準の基礎となるであろう。
このガイドラインには機械の安全性を知るために参照すべき要素が多い。
ロボットの安全性について概観し， ＥＸＰＯ を通じて取り上げられたロボットの安全性に関する課題を紹介した。
現在の窓洗浄には，ゴンドラを使った作業者による手動洗浄システムと自動洗浄システムがある。
いくつかの自動洗浄装置はクレーンによって屋上から吊り下げられているが，多くの窓清掃作業は人手によって行われている。
近年，中小規模ビルにおいても超大型窓ガラスが増加しており，これらのビルには効率的なサフラン洗浄システムが求められている。
これに対応して，小型でスタンドアロン型の窓清掃ロボットを開発中である。
ロボットの機構と自律走行システムについて紹介した。
ファジィ制御とニューロ制御の概要を説明し，この分野の研究に対する今後の期待を述べた。
ファジィ集合の研究から始まり，蒸気エンジンへの応用とともに急速に普及しているファジィ制御の研究開発の動向について解説した。
神経回路網に基づく学習制御であるニューロ制御の研究開発の動向を紹介した。
シナプス結合の学習則に基づく機械（パーセプトロン）の提案から出発して，階層型ニューラルネットワークに基づく学習法である誤差逆伝搬法に向かう傾向があることを示した。
今後の知能制御においては，ファジィ制御，ニューラルネットワーク，遺伝的アルゴリズムなどの様々な基礎技術を統合したハイブリッド制御システムの設計が重要であることを述べた。
３慣性系の位置制御のベンチマーク問題について，設計仕様と設計へのアプローチを設計例を交えて比較した。
いくつかの設計例を示し，問題点と方法論的特性を説明した。
Ｈ ∞制御理論によるループ形状修正の設計例，μ解析を用いた設計例，設計例についても説明した。
２自由度制御系の構成，ロバスト非線形制御系であるスライディングモード制御系についても示した。
特徴点抽出においては，任意の数の非重複ブロックに分割されたモデル画像を用いる。
各ブロックはその空間位置と ＨＳＶ 色空間における支配的飽和によって標識されたユニークな特徴点として抽象化される。
動的環境におけるマッチングのための探索領域の削減のために，背景差分と手の中の物体のみを検出するための肌色検出を用いた。
入力画像に対して手を検出した後，手を中心としたサーチングを行う。
ライフラインとしてのインターネットの重要性が増しており，インターネットへの人為的攻撃によるセキュリティの脅威が社会生活に悪影響を及ぼしている。
ここでは，来るべきユビキタス社会におけるセキュリティ脅威対策として，「広域監視システムに関する基礎技術の研究開発」（自由翻訳）プロジェクトの研究成果を紹介する。
このシステムは，交通プローブシステム，情報収集システム，解析システム，運用システムから構成されており，故障を検知し，迅速に対策するために，セキュリティ運用を円滑に行い，そのための情報を交換することである。
これらの課題のうち，沖電気の取り組みの一つである超高速交通プローブシステムについて解説した。
「ユビキタス」とは，「神のように全く存在しない」という意味である。
総務省が２００４年に発表した ｕ ‐ Ｊａｐａｎ 構想と ｕ ‐ Ｊａｐａｎ 政策による２０１０年までのユビキタス社会の実現を目指して，日本の ＩＴ 活用の政策に位置づけた。
すでにユビキタス社会に入っており，携帯電話の普及率は全人口の７０％以上である。
ユビキタスネットワークを「可視化」と「データ通信推進」の２点から捉え，社会においては，国家政策やインフラ普及などから，２０１０年にどのようなユビキタス社会が，どのようなビジネス展望があるかを調査した。
インタータッチ社はシンガポールのドコモグループの会社で，ホテル向けの ＩＳＰ （ Ｉｎｔｅｒｎｅｔ Ｓｅｒｖｉｃｅ Ｐｒｏｖｉｄｅｒ ）として，世界４２か国の３１０，４，５スターホテルの顧客向けインターネット接続サービスを提供している。
ここでは， ＩＢＩＳ （ Ｉｎｔｅｒ Ｔｏｕｃｈ Ｂｉｌｌｉｎｇ Ｉｎｆｏｒｍａｔｉｏｎ Ｓｙｓｔｅｍ ）として知られるブロードバンドネットワークシステムの機能について述べた。
同社は他のサービスプロバイダと異なり，ホテル顧客専用ケーブルと無線広帯域インターネット接続サービスを提供し，ホテルの受付卓の会計システムを連携している。
顧客支援は５つの言語で年間を通じて２４／７が利用可能であり，料金は室内料金に入る。
インターネット接続のための機器を保有し制御しており，コストはホテルと共有している。
各ホテルの設備は ＩＢＩＳ を中心に構成され， ＩＢＩＳ はクアラルンプールのセンターから監視・支援されている。
三次元ディスプレイシステムの基礎研究の一端を紹介した。
双方向情報による堅牢性は，現在のテレビが持っていない機能である。
これを生成できる手法として，人間の神経回路網の機能をエミュレートするニューラルネットワークのモデルを用いて，２台の ＴＶ カメラによる物体の再構成を試みた。
大規模な処理用並列計算機を製作することにより，どのように実用化できるかについて述べた。
現在の目標となっている音声・音声信号の圧縮と，最近圧縮・再生技術が注目されている理由について触れた。
次に，画像や音声によって情報を圧縮・符号化する技術について述べるとともに，圧縮・再生技術の将来を展望した。
画像情報圧縮技術は，信号に含まれる冗長部分を除去するために人間の視覚性能を利用して行われる。
代表的なイメージエンコーダの構成例を示した。
グループ活動を活性化するための作業環境としてグループウェアを紹介した。
そのため， ＬＡＮ ‐ ＷＡＮ ‐ ＬＡＮ で事務所を相互接続し，電子メール，電子掲示板，フォーラムを提供した。
サービスメニューを示した。
システムの特徴は，中古部門での自主導入，業務システムとのリンクサービス，遠隔地からの利用，首都圏 ＬＡＮ ／ ＷＡＮ 開発である。
リモートセンシング画像解析のために，中性ネットワーク（ ＮＮ ）と知識処理を用いたパターン認識手法を提案した。
Ｇａｕｓｓ 分布に従わないデータに対しても，良好な精度を示す認識結果を得ることができる。
処理系の認識部には ＮＮ を用い，修正部には知識処理を ＮＮ を，修正部には知識処理を用いた。
実際の画像データに適用し，その有効性を検証した。
本稿では，まず，並列アルゴリズムを採用した場合のアルゴリズムの世界とシステムの世界を比較し，次に，どの並列アルゴリズムがグラフの接続要素問題の例であるかを説明した。
グラフの接続要素問題に関する３つの論文を紹介し，並列アルゴリズムが巨大なシステムであることを示した。
並列アルゴリズムアプローチを分かりやすく説明するための事例を紹介した。
また，世界におけるアルゴリズムの評価に関する公正な競争，下限議論，新しいアイデアなどについても言及した。
この調剤薬局システムは，光同軸ケーブルをベースとしたパソコン ＬＡＮ システムである。
システム構築のポイントは，薬剤師のための患者システムの待ち時間の短縮，拡張性，支援力である。
導入後の効果と今後の展望について述べた。
ＬＡＮ 導入のメリットを示した。
パッケージソフトの応用について述べた。
最初の段階では中小企業用コンピュータが多く使用され，次に浄水器を販売する日本インテック社のパソコンに移行した。
ビジネスサーバ「 Ｋ シリーズ」によるクライアント／サーバシステムを構築した。
既存のパソコン資産を有効に活用するとともに，統合的なシステムを得た。
クライアントとしてのパソコンの活用について報告した。
複数入力しきい値動作素子ニューロン ＭＯＳ （ν ＭＯＳ ）を用いた回路技術に基づき，現象をリアルタイムに認識・理解する「連想ハードウェア」を開発した。
アナログ現象の高密度メモリ用アナログ ＥＥＰＲＯＭ セル技術とアナログベクトルの連想デバイスを開発し，この応用としてν ＭＯＳ を用いて二次元画像の動きベクトルの高速検出回路や重心位置の実時間追跡回路などを実現した。
各基本ハードウェアの動作原理，回路構成，測定結果などについて述べた。
ν ＭＯＳ 技術はアナログ処理の柔軟性とディジタル処理の柔軟性を併せ持っている。
芸術と工学の融合を目指したアプローチの基本的な考え方と事例について述べた。
画像処理や音声処理においては，コミュニケーションにおいて感情や感性情報を取り入れる必要がある。
そのため，芸術家の参加による芸術側からの問題へのアプローチを導き，芸術家の参加により共同研究を行った。
主な成果として，コミュニケーションによって仮想環境を創出する対話型環境，音声に含まれる８つの感情パターンの認識によって表情を変化させる感性エージェント，実時間で顔画像から表情画像を検出して３次元顔モデルを再現する技術を用いて，仮想歌舞伎を開発した。
パラメトリック，確率的，複合 ＭＡＰ Ｌ システムとして定義される ＴＳＬ システム（ Ｔｅｘｔｕｒｅ Ｓｙｎｔｈｅｓｉｓ Ｌ ‐ ｓｙｓｔｅｍ ）と呼ばれる拡張 Ｌ システムに基づくテクスチャ合成手法について述べた。
ＴＳＬ の観点からプリミティブと空間的関係の記述を与えた。
ＴＳＬ システムにおける局所制御は，書換え生成のパラメータを変えることにより実現される。
他の関連技術についても述べた。
画像の局所的性質を有効に利用する領域分割符号化は，自然画像の可逆圧縮に有望である。
画像を統計的性質が類似した領域に分割する方法と，領域分割符号化の前段階として領域を記述する符号化法について検討した。
まず， Ｋ 平均クラスタリングにより初期領域を生成し，色距離の比較により微小領域を削除する。
次に，輝度平均とヒストグラム比較により領域を統合し，微小領域を削除して符号化を行う。
シミュレーション実験を行い，領域分割によるエントロピー低減の効果を確認した。
ラインを支える製造ラインと情報システムについて一つのヒアリングを行った。
製造ラインの変更に柔軟に対応する情報システムの構築について検討した。
本稿では，ドメイン分析とモデリング手法により，情報システム構築の品質と生産性向上について検討した。
ドメインモデル構築表現手法として， ＵＭＬ の導入方法と等式関係式の仕様を紹介した。
また，ビジネスルールを含む２つのオブジェクトモデルを結合し，新しいオブジェクトモデルを生成する操作を定義した。
このような手順で得られるモデルに対して，設計とプログラミングの自動化ツールを適用することにより，プログラムを自動生成することが可能になる。
長期的には，日本企業内の人事管理や産業関係は，個人の生活の仕方をより良く利用する仕組みに変化しなければならない。
現在の人材開発部門にとって，長期的かつ戦略的な視点をとることは非常に重要である。
問題解決を考える場合，人材と企業の二つの領域がある。
問題解決の鍵は，自己開発をいかに活用するかである。
科学技術庁科学技術政策局から受託した日本技術士会が実施した標記に関する調査結果を報告した。
調査項目は，１）技術者の動向（平成４年度調査，文献調査），２）技術者の実態と意識調査（各技術者に対するアンケート調査），である。
技術者の動向では，需給の推移，需要構造の変化，男女別構成比，職業，科学技術大学卒業生に対する産業別雇用の動向，類似大学，新卒者の技術者の動向について述べた。
技術者の実態と意識に関する調査では，雇用企業，主要分野と職務内容，労働時間，給与，職業変更の経験，職場内外の教育訓練，職務に対する意識について調査した。
技術者の養成・確保に関する問題点と対策を検討するとともに，これらの結果に基づいて平均的なインナー形式を把握した。
公共雇用保障事業所における情報サービス媒体としてのジョブ注文とジョブ注文のための公的カードについて，認知心理学的または認知工学的手法を用いた実験に基づいて，表設計の「見やすさと分かりやすさ」の分析を通して，「ジョブ注文設計がどのように理解しやすいか」，「見やすいジョブ注文の作り方」について検討した。
本報告書は，これらのガイドラインに基づいて，上記事項とジョブオーダモデルに関するガイドラインを提出することを目的として作成したものである。
公共雇用安全保障事務所は，常に利用者のニーズを把握し，ジョブオーダやジョブハンチングに対して効果的な情報を提供することが求められている。
掲載項目は，１）研究の背景，２）設計改善に関する理論的検討，３）設計改善に関する実験的検討，４）手助け広告の効果的な表現を考える，５）まとめと今後の課題，等である。
地球温暖化対策として，下水汚泥バイオマスエネルギー（ ＳＳ ‐ ＢＥ ）が注目されている。
ＳＳ は有機物の約８０％で構成され，高発熱量である。
ＳＳ からエネルギーを回収するためには，嫌気性状態で ＳＳ を発酵させる消化法と，固体燃料として乾燥・炭化した ＳＳ を用いる消化法がある。
日本下水道事業団（ ＪＳＷＡ ）の燃料化システムは，従来の乾燥・炭化システムの実用化に主眼を置き，生成燃料に高カロリーを付加し，システム運用時の燃料費向上などを同時に行うものである。
また， ＪＳＷＡ はバイオマス固形燃料製造事業全体のエネルギー収支の最適化を図り，一般的なエネルギー利用の有効性の向上を図る上で重要な課題となっている。
ここでは， ＳＳ からのエネルギー抽出法と ＳＳ バイオマス固体燃料の製造について解説した。
ハウステンボス（株）は，自然環境を保全し快適な生活空間を維持する，全く新しい「環境未来都市」を目指している。
平成５年の開業以来，一部の生ごみは家畜飼料として利用され，残りの生ごみは平成７年４月にハウステンボス社製の低公害焼却炉で焼却され，焼却処理に使用される燃料の削減を目的とした堆肥化システムを導入した。
堆肥化システムでは，畜舎リターと好気性発酵菌を生ごみに添加し，高温・高速で混合物を発酵させることにより，生ごみ（約３トン／日）を約４週間で堆肥化でき，樹木，緑帯，花壇用肥料として再利用できる。
Ａ 重油は削減（１９９４年１０４ ｋｌ ，１９９５年３４ ｋｌ ，１９９６年１９ ｋｌ ）されている。
同様に，二酸化炭素，硫黄酸化物，窒素酸化物の排出指数は１００から６３に低下した。
高レベル放射性物質研究施設（化学処理施設， ＣＰＦ ）で実施した開発経過，基本特性，性能確認試験，換気監視のための実際の性能等について報告した。
第２章では， ＣＰＦ における排ガス監視換気制御システムの概要として，換気制御システムの概要と Ｋｒｙｐｔｏｎ 監視とその対応について説明した。
第３章では，広帯域クリプトン検出器の試験と評価について述べた。
第４章では，広帯域 Ｋｒ 検出器による測定結果とその妥当性について論じた。
（２００４年７月）。
高レベル放射性廃棄物地層処分技術に関する科学的研究の一環として，地下水流動特性を評価するための地下水流動解析の境界条件の設定を目的として，標記解析を行った。
解析は地下研究プロジェクトの第１段階のステップ‐１研究結果を反映して行った。
第２章〜第５章では，地質・地質の概要，モデリング・解析領域，モデリング・解析手順，地下水流動解析について述べた。
第６章では，研究の成果をまとめた。
（２００５年５月）。
イメージングプレートは Ｘ 線フィルムの１００〜１０００倍の感度と良好な位置分解能を持っている。
この板を用いてフィルタに付着したプルトニウム微粒子から放出されるα線の検出を試みた。
汚染表面上の放射能分布パターンを決定できる。
照射体の厚さが約４０μｍ ，保護膜の厚さが約３μｍ であれば，ベータ線に対する感度が低いためアルファ線の測定が有利になる。
実証炉１号機では，電力業界共通の研究において重要事項を検討し，設計に反映させた。
基本反応器定数については，実効増倍率と増殖率について説明した。
ニュートロニクス評価法については，均質モデルの採用，不均質効果に対する補正，予測値の導出と予測誤差について述べた。
さらに，実証炉の中性子特性を紹介した。
誘導電動機を中心に高効率電動機の技術動向を述べた。
従来より損失が１〜５％少なく効率の良い誘導電動機の ＪＩＳ 規格が制定され，実負荷による特性評価法が規定された。
省エネルギー法ではその使い方を推奨している。
ポンプや送風機のような流体負荷に適用する場合，作動点の選定に注意を払わなければ電力が増加する可能性がある。
起動電流も増加するので注意が必要である。
非球面鏡と屈折レンズのハイブリッド光学系により，６２インチ距離２０ ｃｍ 以下のスクリーンを投影できるエンジンと，これを用いた超薄型後方投影テレビ実験モデルを紹介した。
有効視野角が大きく減少する光学系では，従来の和の条件にかかわらず，簡単な光学系構成で画像面湾曲を低減できることが分かり，簡単な構成で低コストの光学系を実現した。
このような設計指針に基づいて， ＤＬＰ ＴＭシステムのエンジンとテレビを試作した。
スクリーンまでの距離は１２５ ｍｍ に達し，最大視野半角は８０度に達し，テレビの深さは２６ ｃｍ で，スクリーン歪みは０．４％以下，コントラストは３０００：１を達成した。
光線追跡によるシミュレーション結果に多くの設計指標が見いだされ，画像表現のための ＬＣＤ による光システム設計は，ノート型コンピュータから携帯電話までの従来の光設計技術を最良に利用する光システム設計技術の一分野といえる。
このような設計領域を「表示光学系設計」と呼ぶ。
しかし，ある程度の分類には一般性と共通性を見出して分類する必要がある。
このような装置の光学構造には，他の光システムでは見られない特徴が必ず共通して存在する。
本稿では，このような表示光学系設計の基本と特徴を，光システム設計に基づいて述べた。
シンガポールにおける ＭＥＭＳ （マイクロ電気機械システム）研究の展望について述べた。
ここ数年，シンガポール政府からかなりの財政支援を受けて， ＭＥＭＳ 研究に関する大きなプログラムが設定されている。
ＮＴＵ （ Ｎａｎｙａｎｇ Ｔｅｃｈｎｏｌｏｇｙ Ｕｎｉｖｅｒｓｉｔｙ ）のマイクロマシンセンターは，研究と人材の養成に貢献している。
ＮＴＵ では， ＭＥＭＳ 労働者の増加を促進する ＭＥＭＳ と教育プログラミングに関する一般的な研究が行われた。
また，新事業としては，設立，中小企業，多国籍事業がある。
ナノ技術やバイオエンジニアリングを推進する政府の努力に沿って， ＭＥＭＳ 生産のために開発された技術はナノバイオデバイスやシステムに有用である。
フルカラー ＬＥＤ （ ＦＣＬＥＤ ）を用いた大型ビデオシステムの誕生から今日までの経緯と最新動向について述べた。
日亜化学による高輝度青色 ＬＥＤ 素子の開発が基盤となり， ＦＣＬＥＤ を用いた大型ビデオシステムが誕生し，９５年に東京の渋谷駅広場に本格的な ＦＣＬＥＤ 大型映像が登場した。
近年，放送業界では新設備の屋外に放送局の顔として ＦＣＬＥＤ 大型映像が設置されるようになった。
また，高速船レース分野，ターフ，愛知国際博覧会では ＦＣＬＥＤ 大型映像が使用され， ＦＣＬＥＤ 大型映像技術が着実に進化し，市場が拡大している。
融点が高いため，鉛フリーはんだである Ｓｎ ‐ Ａｇ ‐ Ｃｕ はんだは耐熱性の低い部品の実装には使用できない。
このため，融点の低い Ｓｎ‐ Ｚｎ はんだが注目されている。
リフロー固相化における Ｓｎ‐ Ｚｎ はんだ使用上の問題点の一つについて検討した。
Ｓｎ‐ Ｚｎ はんだには， Ｚｎ と Ａｕ めっき電極の反応により強度が劣化する問題がある。
本報告では， Ａｕ と Ｚｎ との反応， Ａｕ めっき厚さと接着強さとの関係について検討した。
その結果，１） Ａｕ めっきが厚くなると接着強さが低下する，２）めっき厚さに関係なく湿潤環境に置くと接着強さが大幅に低下する，ことが分かった。
微粒子の二次元配列の作製について解説した。
コロイド粒子の移流現象を利用した配列作製法と電気泳動現象を利用した作製法を紹介した。
光学的方法による微粒子の充填状態の観察についても紹介した。
さらに，反射防止膜やマイクロレンズアレイ，テンプレート，微細パターンマスクなどへの応用研究についても述べた。
最近のプリント基板実装では，部品の小型化，狭ピッチ化だけでなく，三次元実装が行われている。
本稿では，このような要求に対応した富士機械製作所のモジュール型高速多機能実装機「 ＮＸＴ （次）」を紹介した。
ＮＸＴ は，１）テープフィーダの送り精度の向上，２）位置認識精度の向上，３）部品実装負荷の低減，４）下降プロファイルの最適化，５）スライド抵抗の低減を行ってきた。
さらに， ＰｏＰ （ Ｐａｃｋａｇｅ ｏｎ Ｐａｃｋａｇｅ ）の三次元実装にも対応している。
ＮＴＴ ドコモは，高度なサービスと機能をサポートし，通信品質と基本性能を改善し，競争力を増すために，無線アクセス網とコアネットワークとの通信を制御するために，移動電話用のプロトコルスタックソフトウェア（ ＰＳＳ ）を開発した。
ＰＳＳ により実現可能となった高度サービスと機能の例，通信品質の向上と基本性能について述べた。
すなわち，高度サービスと機能に関して，緊急呼の優先接続処理，通信中のオーディオ／ビデオ交換処理，回線交換やパケット交換に依存しないアクセス制御について述べた。
また，通信品質と基本性能の向上に関して，着信呼／発呼呼の完結呼比の向上，電池の省電力性能の向上について述べた。
さらに，このソフトウェアは移動端末供給者によって開発される ＦＯＭＡ 端末の共通プラットフォームとなりつつある。
次世代ネットワークの下でのネットワーク管理システムに対する要求を論じ， ＮＥＣ が提供しているいくつかのソリューションを紹介した。
ＩＰ ／ ＩＭＳ （ ＩＰ マルチメディアサブシステム）の将来において，キャリアネットワークは著しく転換しつつある。
オープンネットワーク上で有用なサービスを提供するためには，ネットワーク管理のためのキャリアビジネス管理の策定に直結する高度な機能が必要である。
これらには，従来の効率的なオペレータ管理に対する要求が維持されているだけでなく，業務管理支援や顧客ケアサービスも含まれている。
携帯情報機器用移動体の振動により電力を得る発電機について検討した。
この振動発生器の効率はコイルと磁石の相対速度に依存する。
ロータの非線形振動である自励振動を用いて，微小振動から大きな回転運動を得る方法を検討した。
周波数１〜２．５ Ｈｚ ，コイルターン３０００〜７０００で自己励起回転と最大効率を維持することができた。
発電量は３８０マイクロワットであった。
変動に比べて発電量は４０倍である。
動作電圧を低減し，放出電流を安定化するために，内蔵ポリ Ｓｉ 薄膜トランジスタ（ ＴＦＴ ）を集積した電界エミッタアレイを作製した。
電界放出シリコンを制御する ＴＦＴ 構造を最適化し，特に高耐電圧とオフ電流を低減することにより，内蔵 ＴＦＴ によるエミッション電流の完全な制御を実現した。
また， Ｓｉ 放出チップをハフニウムカーバイド（ ＨｆＣ ）で被覆することにより，その放出特性と寿命を改善することができた。
また，動作電圧を５０ Ｖ から１５ Ｖ に低減することもできた。
ＴＦＴ 制御による安定化は非常に有効であり，０．１の放出変動を得ることができた。
また，表示用途として，チューブレス真空パッケージを新たに開発した。
ＦＰＵ システムのディジタル化に伴い， ＦＰＵ 単体およびディジタル周辺機器の遠隔制御・監視システムは，従来のシステムに比べて非常に複雑になった。
この複雑さに応えるため， ＮＨＫ 向けに開発・販売している ＦＰＵ 遠隔制御装置の概要を紹介した。
基地局に設置された ＦＰＵ ローカル操作盤は，個々の装置を制御・監視し，放送局における ＦＰＵ 操作盤へのデータ伝送を行う機能を持っている。
基地局と放送局の１台の電力制御盤は，送受信装置の最大４系統の電力制御を行う機能を持っている。
放送局の ＦＰＵ 遠隔操作盤は，山腹 ＦＰＵ ローカル操作盤とデータ通信を行う機能と，山腹駅と放送局の個別機器の制御・監視機能を有している。
分路巻線のみに補助巻線を持つ超電導単相自己変圧器を試作した。
ＦＲＰ 円筒を直列とシャント巻線の間に挿入したため，シャント巻線のみが常にクエンチすることを確認した。
系統故障時と定常時の運転を確認した。
定常状態における補助巻線への短絡電流は約５．２％で十分であった。
モータを ＰＷＭ インバータまたは矩形波で駆動した場合の非同期トルク特性に及ぼす回転子定数と ｄ ‐ ｑ 軸の影響について検討した。
任意波形の電源電圧で駆動した場合の特性を解析できるので，解析方法が有効であることを確認した。
試作電動機は三相，四極，１０馬力，２２０ Ｖ ，６０ Ｈｚ である。
リアクタンス値が ｇｅｒｇｅｓ 現象との関係を示すときのスリップトルク特性を示した。
熱膨張として，金属クラッド構造の２７５ ｋＶ ＣＶ ケーブルのスネーク設計の現状を述べた。
水平洞道部では，ケーブル占有空間面から水平または縦スネークを採用し，その性能からスネークピッチと幅を決定した。
傾斜した洞道部には水平スネークを，垂直洞道部には全長スネークを適用した。
両ケースにおいて，自重支持のために拘束型クレットを設置した。
光源 ＬＥＤ から集めた光により時間を指示するフロアクロックを紹介した。
床時計の構成，電気の供給，設置上の注意，材料の寿命，今後の課題について述べた。
ＬＥＤ と人工大理石を一体化した新製品を紹介した。
この時計の今後の応用として，防災に関して，非常点検と床の使用による案内について論じた。
水中モータポンプの始動特性向上を目的として，３段階で電源電圧を変えることができる可変リアクトル始動装置を開発し，始動時の直接と実験的に比較した。
電動機を電源に接続するために電圧を上げることができるので，加速特性は滑らかで，起動時の衝撃も少ない。
また，直接起動に比べて起動電流と出力も低減される。
始動装置は非誘導回路として立ち上げることができる。
安定した銅を含まない６本の超電導線と ＣｕＮｉ の１センチ線の７ ｍ 撚線とともに１層配線を用いて限流器を試作した。
いくつかの変圧器を組み合わせることにより，大きな突発短絡電流に対する通電回路を構成し，限流動作を実験的に検討した。
電流上昇速度が大きくなると，限流開始時の電流値が大きくなった。
クエンチ前後の限流器における電線間の電流分離の進行状況についても検討した。
三次元コンピュータの製造における最も困難な技術課題の一つは積層（ Ｚ ）方向の電気的接合である。
一方，ウエハ間距離は冷却のため短くならない。
その結果， Ｚ 配線導体の長さ／半径比が大きくなり，安定した導体形成が困難になる。
はんだブリッジの形成過程を観察するモデルとして研究した。
標記設備は排煙脱硫，排煙脱硫排水，全排水，灰処理，石炭輸送，受炭などの設備からなる。
この制御装置の統合システムが導入されるようになった。
統合システムにより，すべての機器に関する情報の取得，機器の異常の総合管理，管理負担の軽減，コスト削減が可能となる。
ＡＣ １００または ＤＣ １００の電源は重要な制御装置に直接供給される。
高分解能シースルーカラー ＨＭＤ を試作し，仮想現実感などの研究製品として使用した。
これはゴグル機能だけでなくシースルー機能としても使用されている。
このシースルー機能の特徴，表示画像と調整機構，設計上の留意点について述べた。
また，仕様，性能値，分解能値についても紹介した。
郵政省から毎年発行される第２３回白書の概要を示した。
１９８５年の電気通信自由化後１０年間における情報通信部門の経済分析とその動向分析を行うとともに，その現状と政府政策の動向を概観した。
また，市場に競争原理が導入されてから１０年が経過した現在の市場が大きな転換期にある中で，「マルチメディアへの傾斜と情報通信市場の変革」を主要テーマとして取り上げ，情報通信産業の現状を政府から見た，ユーザから見た，産業そのものの３側面から解説した。
米国の情報通信市場をモデルとして分析を行い，日本の情報通信市場とそれを解決する政府政策を革新するための課題を明らかにした。
半導体工場に設置された三つの排気系を一つに統合する作業を紹介した。
主な目的は，生産設備の拡大と既存設備における稼働率の向上のための方策である。
集積後，エピタキシャル成長装置の排気のみが ＨＣｌ スクラバを通過し，他は新しい吸引室に直接流れる。
最終段階のエピタキシャルシステムスクラバは大気中の排気を排出する。
濃度は検出限界２ ｐｐｍ 以下であり，環境基準を満たしている。
本稿では，この問題について解説した。
まず， ＥＳＤ （静電気放電）などの用語の定義を説明した。
次に， ＩＣ 破壊と帯電経路を分類し，人体に３５ ｋＶ の静電荷が発生する可能性があることを表に示した。
対策として，導電性テーブルマットと床マットとリストストラップを挙げ，人体の帯電容量を表に示した。
実際に作業者が着用しているリストストラップについて，静電気電圧の時間変化をグラフで示した。
ダイヤモンドのヒートシンクとしての特性と応用について述べた。
ダイヤモンドの熱伝導率，熱膨張係数，電気特性を他の材料と比較した。
ヒートシンクには高純度ダイヤモンド合成が必要であり，低コスト，大面積化の要求を考慮して気相合成が適している。
光通信などのヒートシンクとしてのダイヤモンドの現状と将来について概説した。
ＬＡＸ 創立７０周年記念の一環として開発した標記アンプは，無線技術誌にベストステレオコンポーネントグランドプリックスのゴールド賞を受賞し，人気オーディオ誌に高い評価を与えた。
この増幅器の計画意図と ＢＴＬ システムにおける５００ Ｗ ／８Ω仕様決定までの経緯について述べた。
バランス伝送のメリット，バランス伝送に用いる入力回路とアテンナについて説明し，初段を ＦＥＴ としたツインハイブリッドダイヤモンドバッファ回路の特徴について述べた。
さらに， ＢＴＬ でスピーカを駆動するバランス ＣＳＳＣ （ Ｃｏｍｐｌｅｍｅｎｔａｒｙ Ｓｉｎｇｌｅ Ｓｔａｇｇｅｒ Ｃｉｒｃｕｉｔ ）と呼ばれるバランスアンプと， ＣＳＳＣ をバランスさせるために行われる ＯＤβ（ Ｏｐｔｉｍｉｚｅｄ Ｄｕａｌ ＮＦＢ ）と呼ばれる多重電流フィードバックのメカニズムについて説明した。
銅管付き銅箔スタンネンコンデンサ，高慣性力， ＢＴＬ 出力段の給電方式などカスタム部品の採用について述べた。
標記の製造技術の穴加工について解説した。
エキシマレーザ，炭酸ガスレーザ， ＮＤ ： Ｙａｇ レーザの各機種について，システム概要と加工精度などの特徴を説明した。
レーザによる中程度のテーパを持つビルドアップビアの形状，プロセス，品質および応用例について，問題点とともに論じた。
光重合体を用いた光による穴あけ，アルカリや酸による化学エッチングについても紹介した。
チップの一つの表面に第一の放射フィンを置き，もう一つの表面に第二の放射フィンを置いた。
第二の放射フィンはチップ表面側のモールドに接合される。
フレームのアウタリードをカットするとクラッドとの接合ができる。
この付加力によって第二放射フィンの一部が曲がり，第一放射フィンと接合する。
これにより，組立工程を増やさず，パッケージの反りを防止し，放熱効果を高める。
入射光と電気信号間の相関検出器を二次元的に配置した新しいイメージセンサを提案した。
その構造の特徴は，１）入射光子を光電流（乗算器）に変換するフォトダイオード検出器，２）画素ごとに共通の外部電気信号入力（乗算器），３）光電流と電気信号の積を生成する電流モード乗算器，４）積電流の積分により相関結果を蓄積するコンデンサ，５）通常のビデオ信号として相関結果を走査する ＣＣＤ または ＭＯＳ スイッチング回路である。
いくつかの可能な構造と回路を提案し，検証した。
このセンサの応用についても検討した。
大画面壁掛けテレビ受像機の実現の可能性に着目し， ＰＤＰ を用いた標記技術について解説した。
まず， ＰＤＰ のメモリ機能をテレビディスプレイの基本的前提条件として説明した。
次に，テレビ表示システムを例に，表示の原理， ＤＣ 型と ＡＣ 型の表示フォーマットについて説明した。
さらに，表示方式の角度からのテレビ映像表示，動画像の劣化とその対策について説明した。
通信ラックに設置された電子回路基板に搭載された ＤＣ ‐ ＤＣ コンバータなどの通信車載電源において，入力が急変する特性を評価する装置について述べた。
ヒューズ挿入時に発生する電圧変動をシミュレーションすることにより，入力が急変した特性を評価する装置を構成した。
入力が急変した実際の電圧波形をデータベース化し， Ｄ ‐ Ａ コンバータを介して ＤＣ アンプにデータを出力することにより，任意の波形入力の急変を可能にした。
正弦波半サイクルを車載電源に供給した動作確認の結果，目標を達成できる動作を確認した。
電力系統の短絡事故点の除去により発生する瞬時電圧低下の持続時間を１サイクルに短縮できる高速真空遮断器を開発した。
これは，真空バルブの動作軸上に電磁反発コイルとトリップコイルで構成される高速遮断機構を組み込んだ真空遮断器である。
検出時間は４ ｍｓ であった。
解析の結果，母線電圧の６０％降下事故は９６％に回復した。
金石（株）が開発した標記結晶製品を紹介した。
形態とコストに関する仕様の標準化を含む新製品 ＣＸ ‐１６ Ｆ の開発背景を説明した。
同製品は，表面実装リードレスタイプの小型・薄型・低コスト製品であり，外形寸法と内部構造を示した。
同製品の標準周波数の決定，負荷容量，リフロー条件について述べた。
正と負の群速度分散を持つ光ファイバが交互に接続された伝送路上を動く準安定 ＲＺ 非線形パルスを，分散管理ソリトン，分散割当ソリトンまたは伸張パルスと呼ぶ。
これらの非線形パルスは，伝送方向に一様に分散したファイバにおいて，通常の光ソリトンよりも優れた伝送特性を持つ可能性がある。
群速度分散の符号が周期的に反転する伝送路におけるストレッチパルスの特性を明らかにし，さらに，より実用的な伝送路におけるストレッチパルスの長距離伝搬特性を数値シミュレーションにより明らかにした。
異常分散ファイバと正常分散ファイバを等長で交互に接続した伝送路のモデルについて解析を行った。
ディジタル衛星放送技術の概要を紹介し，海外のディジタル放送の現状を概観した。
ディジタル衛星放送の技術における情報圧縮のための情報符号化，サービスの多重化，衛星伝送方式，スクランブル等の限定受信，サービス情報について解説した。
これらの技術により，多チャネル放送，有料放送の加入契約，番組表の分類，全員・個人への通信メールの送信，双方向機能による加入者参加プログラムなどが可能となる。
米国，欧州，アジアにおけるチャネル数と加入者数の状況について述べた。
Ｅｕｒｏｃｏｐｔｅｒ ＥＣ １２０ Ｂ は，中国，ドイツ，フランスの３社が共同開発した軽量／シングル／タービンヘリコプタ５名である。
搭載エンジンはターボメカ社製の Ａｒｒｉｕｓ ２ Ｆ ターボシャフトエンジンである。
本稿では，このエンジンの概要を以下の項目により紹介した。
１）汎用性（フリータービンシステム，３７６ ｋＷ ／５０４ ｓｈｐ／６０００ ｒｐｍ ，１０３ ｋｇ ，リダクションギヤボックス／ガス発生器／パワータービン／排気管），２）構造（リダクションギヤボックス／ガス発生器），３）オイルシステム，４）エアシステム，５）燃料システム，６）制御システム，７）表示システム，８）エンジンマウント。
ガソリンエンジンの出荷量は６１７３０００台で，前年とほぼ同じである。
出荷シェアは自家用３８．０％， ＯＥＭ ３７．７％，輸出２３．２％であった。
数量については，国内出荷は前年とほぼ同じであり，エンジン本体の輸出が増加し，民生用が増加し， ＯＥＭ 経由が減少している。
また，ガソリンエンジンの農林水産業への出荷量は３３５２０００台で，シェアは５４．３％に達している。
空気温度制御による冷房は，冷房室の入退室時にコールドドラフトや熱ショックを起こしやすく，冷房症候群となる。
これは気温を高く設定すれば避けることができる。
気温を高く設定することによる不快感を補う方法は，気温以外の温熱環境要因を制御し使用することである。
これには，放射パネル冷却の利用，フェルト気流の利用，湿度の低減の３つの方法がある。
１９９１年と１９９２年の夏に湿度を変えて行った標記試験について報告した。
ＤＮＰＨ （２，４‐ジニトロフェニルヒドラジン）を溶解したアセトニトリル溶液を用いた高速液体クロマトグラフィー（ ＨＰＬ ）により自動車排ガス中のアルデヒド類を分析した。
再現性，検量線，検出限界，経時変化について紹介した。
分析結果は，１０回の繰り返し分析による相対標準偏差０．３〜０．９％の再現性，６種類のアセトニトリル希薄溶液を用いた標準物質試験による相関係数１の較正曲線，ホルムアルデヒド検出限界０．００１８μｇ ／ ｍｌ などの高い精度を示した。
また，標準物質では経時変化は認められなかったが，排ガス中に経時変化が認められたので，排ガス採取後の分析を迅速に行う必要がある。
ＡＲ （ Ａｃｔｉｖａｔｅｄ Ｒａｄｉｃａｌ ）燃焼エンジンは，活性化フリーラジカルを利用して従来の燃焼を改善したエンジンである。
ＡＲ 燃焼は自己着火現象を積極的に利用する燃焼技術である。
自己着火時期は排気ポートに設けた制御弁によって制御される。
タフアップチューブは，二輪車用の新しい構造のタイヤチューブで，穿刺防止能力に優れている。
チューブは空気室と液体容器からなる二重構造で，製造工程で穿刺防止液を封入した。
液体室と空気室は互いに分離しており，前者は地面と接触するタイヤの部分をカバーしている。
ここでは，ミニチュア切削装置を用いた実験と原子モデルの切削シミュレーションについて報告した。
ダイヤモンド工具を用いて，空気と油の静圧スピンドルを備えた装置で切削実験を行った。
最小切削シミュレーションにおいて，原子間の Ｍｏｒｓｅ ポテンシャルと公称非変形チップ厚さを記述し，解析結果を図示した。
結論として，切れ刃摩耗は Ａｌ ＞ Ｃｕ であり，最小未変形チップ厚さは Ａｌ ： Ｃｕ であり，大きな差はなかった。
標記二輪車を試験した結果，低速時のトルクが大きいため低速域での回転が安定し，高回転域での加速感も優れていた。
高速道路では直線走行安定性が高かった。
このユニットは，走行がスムーズで安全で安定しているコーナリング時に感触を与える。
試験期間中の燃料消費率は１８．７ ｋｍ ／ｌ であり，同クラスの他の多気筒水冷エンジンと同レベルであった。
主な仕様も示した。
新しいホイール旋盤は従来のフライス盤に比べて再加工が効率的であり，ポスト再加工から計画された再加工への移行を助けている。
この旋盤は，データホイールプロファイルとホイール形状を記憶する ＤＤＳ （ディジタルデータシステム）装置を持っている。
これらのデータはプログラムによって変換され，パソコンによって解析される。
浦和電車区における解析結果について述べた。
５軸制御マシニングセンタは，複雑な三次元曲面を持つ金型，羽根車，各種羽根の加工に有効である。
まず，３軸加工と５軸加工の違いを明らかにし，３軸加工の問題点を指摘した。
これらの問題は５軸加工を選択することで解決でき，加工能率を向上できることを示した。
５軸機を最良にするためには，まずポストプロセッサと干渉チェックシステムを効率的に使用しなければならないことを述べた。
標記９００ ＳＥ ２．０ ＴＵＲＢＯ は高圧または低圧ターボチャージャを装備している。
高圧ターボチャージャの場合の動力性能は，巻線の巻上げと巻下げによってロングホイールベースボディを軽く駆動できることである。
サスペンションのタフネスはパワーステアリングの直接感と同様に感じられる。
すなわち，サスペンションの鋭い制御性と靭性は良くマッチしている。
低圧ターボチャージャを搭載したエンジンの低回転特性は市街地での走行に有効である。
このビークルは，深海観測と１１０００ ｍ の最深海底までの研究を目的として建造された。
１９９５年３月にマリアナ海溝の最深海底１０９１１ ｍ の着陸に成功し，期待される性能を実証した。
曳航調査と同様に自動航法調査が可能であり， ＴＶ カメラ撮影，マニピュレータによる作業，音響位置決めが特徴である。
システム，ランチャ構成，制御装置，ケーブル構造などを紹介した。
乾式粉砕装置の流動特性と特徴，エアジェットを用いた微粒子の分級について概説した。
標記破砕機はジェットミルと呼ばれ，円筒容器外周の複数のノズルから接線方向に粒子を吹き付け，高速ジェットで加速し，粒子同士の衝突と壁面への粒子の衝突により破砕を行う。
幾つかのミルは衝撃力を増加させるために衝撃板を付加している。
ジェットを用いた分類器は，仮想衝突器，エルボジェットなどであり，単純な構造，大量，強い付着性の粒子を取り扱うことができる。
１９９６年に発売されたカメラとレンズの動向をまとめた。
しかし，感光材料だけでなく ＡＰＳ カメラも最高レベルまで開発されていない。
今後はカメラの普及が期待される。
レンズについては，高倍率 ＡＦ ズームレンズが目立った。
カメラの高度な設計と小型化の努力が現在進行中である。
視覚画像を提示する装置であるヘッドマウントディスプレイ（ ＨＭＤ ）は三次元的に見ることができる。
広い視野角を持つ画像に対する表示，高解像度画像に対する表示，オペレータの視線を検出するセンサ，表示位置制御装置からなる ＨＭＤ の概念を提案した。
視線に追従して ＨＭＤ を実現するシステムを製作した。
光学系を示した。
高解像度画像に対する提案に関する評価実験を行った。
車両内部騒音の低減を課題として取り上げた。
標記構造物において，床梁は吸収効果のある床板の放射音を低減し，床板を特殊な減衰ゴムで弾性支持し，床への振動伝達の低減を図るものである。
この構造物の開発方針は，軽量化，低コスト化，不燃化を図ることを目的としている。
さらに，床を介して配置されたダクトを含む構造物の設置を可能にすることが前提条件であった。
ステンレス鋼の穴あけ加工において，特に切り屑処理は多くのトラブルを引き起こす。
京セラ社のスローアウェイチップドリル「マジックドリル」とステンレス用に開発したチップブレーカの性能を紹介した。
このドリルは，同一チップの２隅ごとに外側切れ刃と内側切れ刃を配置した形状である。
本稿では，切り屑処理を含む穴あけ加工例，穴あけ条件などについて解説した。
ＧＭ 社の子会社であるデルファイ自動車（株）が開発したアクティブ安定度制御システムと電力ステアリングについて紹介した。
これらは完全電気制御システムである。
前者は２チャンネル型と４チャンネル型で，２輪と４輪の制動力をそれぞれ制御する２輪と４輪の回転を監視する。
後者は，操舵軸のねじれ量を電気抵抗に変換し，電気信号を用いて操舵力を最適化する。
実車試験により，優れた走行性能と両システムの長所・短所を確認した。
ＦＩＮＥ ＤＡＴＡ 社は，空気静圧軸受スピンドルの高回転速度と高回転精度を最大限に活用できるカッタパスを生成している。
高速ミーリングと ＣＡＭ システムに関する同社の経験と実績について述べた。
材料としては，鋼，鉄，アルミニウムや銅合金のような非鉄金属，木材，樹脂などがある。
同社はこれらの材料や工具径０．１〜６ ｍｍ に対して最適切削条件や工具経路の検討を行っていることを述べた。
標記ファインダについて解説した。
１）撮影画面の上下左右差が少ない，２）構造と光学系の仕様。
１）光学系の構成要素，２）視野比，視点，視力，倍率，３）光学系構成要素の機構と作用。
１）可動鏡，フォーカシングスクリーン，フレネルレンズ，マット面，ペンタプリム，２）目の矯正機構，３）視線の検出，４）交換可能なファインダー。
建築設計事務所の Ｗｅｂ ページの管理について述べた。
Ｗｅｂ ページをビジネス開発ツールとして効果的に管理するために， Ｂｌｏｇ を利用する。
Ｂｌｏｇ の名前による侵入，頻繁な更新による侵入，そして我々の Ｗｅｂ ページへのアクセスを誘起する。
Ｂｌｏｇ では，常にタイムリーな話題を提供し，写真は良質でなければならない。
Ｙｏｕ は１つ以上の Ｂｌｏｇ を持つことができる。
北国新聞社のセキュリティカード更新工事について紹介した。
従来のセキュリティシステムのセキュリティのためのカードを，他のシステム（社員食堂システム）でも利用できるように，高機能 ＩＣ カードシステムに更新した。
ＩＣ チップ内蔵のカード情報を非接触カードリーダに読み込み，一定の登録情報に書き換え，電気錠とメールボックスドアの解錠を行う。
ＩＣ カードは， ＭＩＦＡＲＥ （ Ｐｈｉｌｉｐｓ 社開発）を採用した接触・非接触共用のハイブリッド型である。
ミャンマー連邦では日本の国土面積の約１．８倍に人口約５２万人が住み，１３５民族が構成する多民族国家である。
レースの構成は Ｂｕｒｍａ グループが約７割を占め，国民の大部分は大仏信仰である。
一般に外港・揚子港と呼ばれる８港，計９港が開港している。
港湾開発の経緯，現在の外港の状況，揚子港の成立，その位置，コンテナ化と最近の状況について紹介した。
ミャンマーはラオス，カンボジア，ベトナムと共に市場経済化が遅れており，一人当たりの ＧＤＰ は４か国で最低で１８０ドルに留まっているが，平地が国土の７割を占め，自然資源が豊富で人件費が極端に安いので政治的問題を解決すればミャンマーは著しく発展すると考えられる。
クリーンルームの防災対策を紹介した。
クリーンルームの火災管理では，火災アラームが設置されていてもスプリンクラーを設置していない半導体工場が多い。
浸水に伴い生産設備が停止する可能性があるからである。
これに対して，状況が深刻化する前に火災を検知するシステムがある。
クリーンルームのリターンエアエリアに設置されている「超高感度煙検出システム」は，一般火災報知システムの約２０００倍の感度を有している。
一方，耐震対策として，鹿島建設の「多層床免震工場」，大成建設の「 ＭｉＣ 免震システム」，竹中工務店の「粘性免震」など独自の技術を提供している。
道路橋ストックの高齢化が進む中で，橋梁の点検・診断・劣化の予測技術と，これらの技術を活用して橋梁を効率的かつ計画的に維持管理できる支援技術の開発が求められている。
平成１６年度は，前年度までの橋梁の定期点検データに基づいて部材の損傷度を予測し，補修・補強のシナリオに対応した年度単位で将来の補修費用を算出できる計算プログラムを作成した。
また，国道事務所管内の橋梁検査データを用いて，補修・補強対策のシナリオを与え，今後の補修費用の推移を推計し，各種条件・要因が今後の予測に及ぼす影響について検討した。
また，鋼 Ｉ 桁橋の溶接継手を対象として，橋梁毎の交通・構造条件に基づく疲労耐久性の近似評価法についても検討した。
既設交通線表面を支持する標記工法は， ＲＣ 造の基礎杭と梁で構成される橋台により，水平に１本ずつ圧入し，両側を支持する工法である。
次に，線路面下を掘削して新しい構造物を構築した。
パイプ下端と上部スラブ間の隙間をなくすために，上部スラブと側壁のコンクリート部材を下部スラブコンクリート上にジャッキでジャッキアップした。
ここでは，この工法を採用した山陽新幹線直下を横断する道路の施工事例を中心に報告した。
路床の体積変化を受ける場合の，薄いシールコートを有する非結合性粒状体舗装の応答について検討した。
単純な乾燥と湿潤の繰り返しによる路床の膨潤と収縮を考慮した。
数値解析では，自由膨張と収縮を等方性熱膨張と熱収縮に類似して扱う熱相似則を採用した。
解析の結果，この数値解析法は路床の体積変化を受ける舗装の応答をよく説明することができた。
第１４回海外病院建築観察会に参加した，南欧・オランダの希望に関する調査研究を通じて得られた印象的な項目の中から，インテリアデザインと家具の視点からのメモを報告した。
石材を多用し，高価な大理石を豊富に使用して彫刻上に生じた表面の凹凸は豊かな空間を作っている。
着色した塗料は有機的に配置されている。
家具用材料としては樹脂や金属が多用され，形状や色が豊富である。
標記ダムは堤高２１．７ ｍ ，堤頂長８５．５ ｍ のコンクリート重力式で，洪水調節，流水機能維持，上水道の多目的ダムである。
取水口には多孔質分岐出口を採用した。
減勢工として下流エプロンと跳水式補助ダムを採用した。
堤体と減勢工のコンクリートは１００ ｔ クローラクレーンで打設した。
圧密グラウチングには超微粒子セメントを採用し，良好な結果を得た。
標記新鉄道線の実現に向けた考え方を，特許の議事録を引用しながら紹介した。
特許は，国が鉄道事業者に独占的に与える輸送サービスを行う権利である。
大阪モノレールの鉄道を延伸するための特許を得るための協議について，事前協議，申請，運輸省の審議会から特許に至る経緯を述べた。
標記モノレールの第１期工事は既に着手しているが，第２期の特許出願は平成７年１月になった。
近年，便所は多目的空間として認知されるようになった。
今後の建築設備計画について，便所に対する意識とその利用行動を整理し，相互の関係を考察した。
本稿では，学生を対象としたアンケートの集計結果を一般成人を対象としたものと比較した。
調査項目は便所までの距離，許容待ち時間，待ち時間後の行動，適した便器の種類，要望の８群に分けた。
標記設計の一つの定式化として，複数の固有振動数モードを相同振動モードに変換する定式化を提案した。
１次から２次までの固有振動数モードに対するホモロジー設計例を示した。
設計で得られた構造物に加振力を与えて時刻歴解析を行った。
得られた形状は，当初目標とした同種振動モード形状に類似した振動形状を持つことを証明した。
平成３年度からの新たな山村振興対策の実施にあたり，具体的な計画や関連事業の円滑な推進を図るための調査を行った。
調査の一環として，地域に賦存する自然や農林水産物など資源を高度に活用する地域活性化を支援する研究を行っている。
ここでは，岩手県二戸市の専門家による精密調査結果を報告した。
研究課題は，「地域資源を活用した交流事業，地域特産品の付加価値と若者の定着に向けた施策」である。
（財）中部産業活性化センターが通商産業省資源エネルギー庁から受託した地域振興計画策定のための調査中間報告である。
犬谷・木曽谷を結ぶ国道３６１号が事業において高規格道路として認可された時期を活かして，交流圏の拡大を目指した地域整備，地域における産業の振興・創出を図るための方策について検討した。
長野県木曽郡の３町８村を対象地域として調査を行った。
内容は，１）広域圏の概要と背景，２）広域圏の基本課題（地域の定住と活力維持の推進‐地域の基本課題，定住と交流を支える社会資本の整備，地域経済の再構築，自主性の再構築と新たな地域運営の仕組みづくり），３）木曽広域圏の課題（人口問題，産業問題，生活環境，道路整備の方向性），からなる。
ＳＢＳ （シックハウス症候群）について解説を含めて紹介した。
ＳＢＳ は８０年代から欧米のいわゆる省エネルギービルの居住者からめまい，吐き気，頭痛，不穏な間隔障害，眼痛，目，鼻，喉の不快感などの苦情が多発して問題となっている。
日本でも「新築病」という新しい言葉が普及し，室内環境，特に密閉度の向上と換気の不足に関連して揮発性化学物質，粉塵，二酸化炭素の濃度を検討し始めた。
症状の調査・分析，高気密住宅の室内環境の観察試験について述べた。
経済産業省モデル事業（ ＭＥＴＩ ）では，中国の北九州市と天津市との国境を越えた循環資源の流通履歴管理を行うトレーサビリティの実証試験を開始した。
ＭＥＴＩ は２００６年のプロジェクトを本格的に規模アップするだけでなく，国際的な資源循環の推進に努める自治体の支援も考えている。
一方，環境省（ ＥＭ ）では， ＳＨＰ に対してそれらを偽造して有害物質の輸出入について絶滅しない行為を行っているので，偽の「第二手製品（ ＳＨＰ ）」を見つけ出すガイドラインの作成，トレーサビリティ確保の手順などを検討している。
また，環境汚染防止における「循環資源の円滑な輸出入の確立」の重要性の認識と「アジア共通有害物質データベース」の構築計画を示した。
ここでは，アジア地域における資源循環の是正を目指した ＭＥＴＩ と ＥＭ の取り組みについて報告した。
地球環境研究のうねりについてコメントした。
Ｇｌｏｂａｌ Ｅｎｖｉｒｏｍｅｎｔａｌ Ｒｅｓｅａｒｃｈ Ｃｅｎｔｅｒ における研究マネージャーについて述べた。
第２回地球環境研究者会議におけるアンケート結果について報告した。
１．地球環境研究センター活動報告。
従来の官能評価法では測定できない低濃度の臭気測定法を検討し，その背景についても述べた。
測定法の基本は一般環境臭の増厚であり，濃度は現行の３点比較式臭袋法で測定する。
この方法により一般環境の臭気測定を行った。
本法は臭気濃度マップの作成，臭気環境評価への適用，環境達成設定の臭気レベルへの適用などが期待される。
タンカー事故を中心に油汚染事故の実態とその対策について述べた。
１９９２年の世界の原油海上輸送量は１３００万 ｔ ，日本の原油輸入量は２１０万 ｔ であった。
タンカの最近の主な油汚染事故を紹介した。
タンカ事故に対する国際的及び日本的対応について解説した。
マコモ Ｚｉｚａｎｉａ ｌａｔｉｂｏｌｉａ Ｔｕｒｃｚ を実験室内で栽培し，発根帯における水質の変化を測定した。
発根帯の間隙水中の ＮＨ ４‐ Ｎ 濃度の時系列変化を異なる位置で測定し，実験期間中の Ｎ の蓄積除去量を求めた。
発根帯周辺部の方が中央部よりも累積除去量が多かった。
周辺部では根毛の発達が著しく，これは主に植物の吸収＋硝化によると考えられた。
Ｚｉｚａｎｉａ ｌａｔｉｂｏｌｉａ Ｔｕｒｃｚ の成長と成分の測定から，硝化量は吸収量の約７０７０と推定された。
家庭排水処理技術の歴史と汚染物質特性について述べた。
水処理の原理に関し，汚染物質の相転移，汚染物質の大きさと水処理について述べた。
また，生物学的処理法の分類と種類について，細菌の反応型による分類，微生物の担持型による分類，生物学的処理法の種類について述べた。
生活排水処理は処理技術，処理原理による技術の進歩，時代による社会的要求を反映している。
東京都工業技術センターが開発したガス化トリクロロエチレン（ ＴＣＥ ）の無声放電による無害化プロセスについて述べた。
反応器に空気を導入した廃 ＴＣＥ を無声放電により二酸化炭素と塩化水素に分解し，オゾンを発生させる。
オゾンの発生率，窒素雰囲気中での放電の影響について述べた。
ＴＣＥ 濃度が２６０，６００及び１７，０００ ｐｐｍ の場合の分解率は，それぞれ１００，９９及び７２％であった。
オゾン／ ＴＣＥ の必要モル比は８．５以上であった。
廃棄物の焼却処理による ＣＯ２排出を低減するために，焼却処理プロセスを高温熱分解と気相生成物の完全燃焼に分けて廃棄物中の炭素の一部を固定する新しい焼却法を提案した。
廃棄物の見かけの熱伝導率は一般に低いので，マイクロ波を補助加熱に用いた。
熱分解容器，二次燃焼室，マイクロ波導入部，ガス加熱装置からなる小型実験炉を製作し，紙屑を試料として実験を行った。
実験の結果，試料の加熱に用いるマイクロ波と都市ガスの電力から放出される ＣＯ２量を差し引くことにより，正味の値でも含有炭素の５０％以上が固定され， ＣＯ２排出の抑制が可能であることが分かった。
４種類の半導体ガスセンサ素子を組み合わせた大気モニタシステムをハンドヘルド型に改良した。
使用した半導体ガスセンサは硫化水素，硫黄化合物，アンモニア，一般可燃性ガスにそれぞれ選択性を持つセンサである。
各センサは２０〜９０％ ＲＨ の範囲で直線的に応答し，湿度補償を行うことを確認した。
このシステムの検量線を清浄空気による臭気ガスの希釈に対して作成した。
有機溶剤を扱う施設で悪臭測定を行い，システムの実用性を実証した。
下水汚泥の溶融石処理は，下水汚泥スラグを結晶化するまでの一連の技術である。
溶融石処理には，焼却灰から石材を製造する「灰溶融石処理」と脱水ケーキから直接製造する「ケーキ溶融石処理」がある。
溶融炉の種類が異なる両プロセスのフローシートを比較した。
ソンテ製品は砂質，れき，ブロックの３種類に分類され，各種土木工事に適用されている。
石材は天然石と同様かそれ以上の物理化学的特性を持ち，花こう岩と同様の研磨による光沢のカインを持っている。
１４，０００店舗以上を対象に標記の意見調査を行った結果について解説した。
競争激化による収益の減少，大型サービスステーションの参入による収入の減少，非石油事業からの収益の拡大，販売価格の見直しなどが特徴である。
サービスステーションに対する経営改革施策１６項目についてのアンケート結果を％で示した。
石油製品の供給に関する通産省と資源エネルギー庁の報告書について，各事業者に対して相互に与えられた「選択の自由」と「取引用語の明確化」を柱として解説した。
小ケ川市の本田空港の滑走路１４号からレジャー用に離陸したが，航空機は滑走路から左に偏った。
パイロット・イン・コマンドは，直ちに航空機を滑走路方向に戻すための修正行動をとったが，航空機は高度に到達できなかったので，左着陸機は左滑走路に接触し，航空機は滑走路末端から約５００ ｍ に位置する河床内の農場に強制され，ひどく損傷した。
航空機は火災をキャッチしなかった。
パイロット・イン・コマンドと旅客は航空機に搭乗していたが，いずれも負傷していなかった。
事故の原因は，船長による幾つかの不適切な制御と推定される。
離陸の経過，航空機の損傷，航空機，気象条件，試験研究，確認の理由など確認された事実について述べた。
ＰＲＣ は，スケジュールデータをコンピュータに入力するとともに，信号作業を自動化することができる。
これらの入力作業に対する効率的な機能は，将来の ＰＲＣ システム構築にとって重要な課題である。
ＪＲ 東海における標記作業の実施体制について報告した。
運行計画データは運行計画データシステムからの信号を遠隔制御する ＰＲＣ システムに直接入力され，更新・工事データは効率的な運用のため補助データとして入力される。
このシステムは，１９９９年に静岡地区でサービスを開始する予定である。
天然ガスの埋蔵量は原油への溶解，独立ガス鉱床など多様な形態を持っているが，その開発，生産技術は原油と一体となっている。
近年，従来型と技術的に区別する必要がなく，従来型と呼ばれる天然ガスも開発されている。
広義には，パイプライン輸送と地下貯蔵は，開発と生産技術のカテゴリーに属する。
水平坑井掘削技術，天然ガス製造技術，輸送・貯蔵について解説した。
溶接チタン管は発電所用復水器や化学工業用伝熱管材料として利用でき，水に対して優れた耐食性を有することを実証した。
現在０．７〜０．５ ｍｍ までの薄肉化が検討されており，国内の原子力発電所で採用されているチタン管は５１３０ ｔ を超えている。
水素の吸収については，適正な防食電位図の作成により適用範囲が明らかとなった。
その後犠牲陽極の開発に成功し，安全性を高めた。
ＳＣＨ ２１と同等の高温特性と低コストを備えた標記材料を開発した。
開発過程で得られた高温特性や材料特性に及ぼす添加元素の影響について報告した。
実験結果から，高温特性に及ぼす添加元素の影響の例として，耐酸化性と Ｃｒ 量の関係を示した。
また，各成分が高温引張強さに及ぼす影響について説明し，開発した材料の成分組成を紹介した。
開発した材料の高温引張強さは ＳＣＨ ２１と同等であることを示した。
超高圧ガスによる薄板の穴あけ加工では，バリのない良好な破面が得られる。
このシステムの実用性を評価するため，被加工金属板の厚さが穿孔機構，寸法精度，ガス圧に影響するかを検討した。
この結果，板厚０．６ ｍｍ 以上でバリを発生させることができた。
寸法精度とせん断損失幅は圧力に関係なく一定であったが，精度は板厚に比例し，穴径に反比例して低下した。
熱間仕上圧延機では，質量流量バランスを乱さないように各スタンドの圧下位置と速度を変えて圧延中の板厚変化を行う。
圧延中の板厚変化の可能性をチェックするために，質量流量変化を制御する技術を用いたシミュレータによるチェック後に試験システムを用意し，実際の圧延機に適用した。
その結果，１秒以内に４００μｍ のゲージ厚さの変更が可能であった。
本報では，熱間圧延における板厚変化システムの構成と実機による試験結果について述べた。
アクティブノイズ制御の適用は，処理系の遅延時間によってはないまで限定されるが，ノイズ源の性質などを利用してノイズを予測できれば，遅延時間を短縮できる。
本研究では，類似の特性パターンを持つ騒音を繰り返し発生させるプレスを取り上げ，３種類の騒音予測システムを用いて消音シミュレーションを行った。
ＡＲ モデルの場合，１ステップ予測により２０ ｄｂ の消音量を得た。
また，２段階以上の予測方法を示し，消音量により予測ステップの増加と予測精度の変化を示した。
抵抗焼結を適用して焼結と接合を同時に行う場合（通常は二つのプロセスが必要）がある。
抵抗焼結による焼結体のインゴット金属への同時焼結と接合を検討した。
接合強度は接合インゴットの熱伝導率に強く影響される。
母材の接合部での溶融は接合強度を著しく改善した。
アルミニウム合金などの低融点材料は接合部で溶融し焼結体に浸透するため，熱伝導率が高くても高い接合強度が得られることを明らかにした。
アルミニウム合金管の主管の一部にゴムを用いて分岐管を形成する実験を行った。
ゴムとパイプを左右に一対の円筒で軸方向に一緒に推進する方法と，ゴムとパイプを左右に二対の円筒で軸方向に個別に推進する方法の二つを採用した。
これらの方法が分岐管成形に及ぼす影響について検討した。
実験結果に基づいて，ゴムの内圧を一定に保つ装置を試作し，実験を行った。
その結果，ゴム内圧の最適設定と制御により分岐管を高くする可能性があることが分かった。
溶接部の残留応力の簡易推定法として，測定した残留応力値から残留応力分布を同定する手法を提案した。
Ｘ 線による非破壊応力測定後，試料を切断し，特定の点における歪ゲージの変化データから応力分布を推定した。
Ｘ 線法では測定が困難な溶接線上の残留応力は，溶接線外の歪ゲージ測定値を用いて求めることができる。
ＳＵＳ ３１６ステンレス鋼の突合せ溶接継手実験で検証した。
マンネスマンパンチ圧延における配管材料の周方向せん断変形を制御するために，プラスティシンを用いてプラグの強制回転によるプラグ表面の大きな周方向速度における塑性変形を調べた。
その結果，プラグの回転速度は摩擦力による滑り回転よりも大きく，周方向のせん断変形を減少させることが分かった。
回転速度が速すぎると逆変形が生じる。
その結果，最適回転速度が存在することが分かった。
材料は円周方向に伸びて外径を拡大する傾向がある。
カップ状材料のスプライン圧延の成形性を汎用解析ソフト ＡＢＡＱＵＳ を用いて解析し，製品の変形に及ぼす外部工具歯形形状の影響を検討した。
圧延解析モデルでは，材料と工具の間にクーロン摩擦が作用し，内外工具の回転方向を逆として一定とした。
実験の結果，この圧延シミュレーションモデルは変形条件を再現することができた。
外径の増加と歯の深さの増加が成形性に有効であった。
電子写真プロセスは，パソコンやディジタル技術の進歩に伴い，アナログ複写機だけでなく，レーザプリンタ，ファクシミリなどにも広く応用されている。
従来はモノクロが主流であったが，最近は急速にカラー化が進んでいる。
ＰＯＤ （ Ｐｒｉｎｔ ｏｎ Ｄｅｍａｎｄ ）分野への参入と拡大が目標となり，印刷領域の高画質化と高速化が求められている。
電子写真プロセスとトナーについて概説し，トナーの最も重要な特性の一つである帯電特性に大きな影響を与える ＣＣ Ａ を中心に，研究開発の現状と今後の課題と方向について論じた。
油焚きボイラにおける燃焼障害の発生原因について述べた。
重質油中の有害物質は障害の原因である。
炭素残さは加熱すると硬い堆積物となり，バーナーチップ目詰まりやストレーナ目詰まりの原因となる。
硫黄含有量は燃料エコノマイザや空気予熱器のような低温部品の硫酸塩腐食を引き起こす。
軟化時に灰分が溶融し，高温部に付着するため腐食の原因となる。
バナジウムはアルカリ金属と硫黄により低融点化合物を作り，金属は著しく腐食する。
化学，医薬，食品，製鉄，金属，セラミック工業における製造装置の運転条件を最適化する標記ソフトウェアを開発した。
基盤技術としては，統計的実験設計，進化的最適化法，経験的モデリング法，線形・非線形回帰によるデータ適合，ステップ回帰によるデータ適合，内挿・外挿によるデータ適合，応答曲面法などが用いられる。
このソフトは安価で，操作が簡単で，迅速である。
ソフトウェアの一つの使い方として，目的の設定，データ取得，データ選択，相関式の決定，等高線図の作成，最適運転条件下での運用，効果の確認を順次行う。
この操作は ＣＰＵ １３３ ＭＨｚ 以上，メモリ３２ ＭＢ 以上の Ｗｉｎｄｏｗｓ 搭載パソコンで行うことができ，２〜３時間以内に結果を出すことが多い。
液晶ディスプレイ製造工程から排出される ＤＭＳＯ （ジメチルスルホキシド）含有廃水の水回収と再利用システムについて述べた。
数百 ｍｇ ／ ｌ の ＴＯＣ を含む廃水を臭気を出さずに検出限界以下に処理できるバイオフィルムプロセスを開発した。
パイロットプラント試験により，このシステムは脱塩装置への供給水として再利用可能な清浄水を与えることを示した。
脱臭装置を必要とせず，臭気強度２．５以下で運転できた。
ＰＵＦ 用フロンの全廃が決定され，代替材料が使用される。
代替フロンの中でも可燃性があるので注意が必要である。
発泡 ＰＵＦ を含む缶は４０℃以上の温度で爆発しやすく，劣化時にゴム製バルブからガスが漏れやすい。
建設中の火花で火災事故を起こさないように安全性の確認が必要である。
コルゲータ切断用ナイフ，カートンフォーマ用マージンシームナイフの作成について解説した。
油圧・空気圧シリンダの運転速度調整について，流量制御弁の構造などを図示し，調整方法を説明した。
機械の保護装置については，トルクリミッタ，トルク解除器，ストッパ，油圧リリーフ弁などの構造を図示した。
調整には特に困難な点が少ないため，自分で手技を習得することが重要である。
また，営業旅行の時間を最大限にして経験を身につけることが機械メーカの新しいサービスのために推奨されていることを報告した。
燃料電池発電の研究開発の特徴，研究開発の現状，溶融炭酸塩型燃料電池の中間評価，今後の研究開発のあり方などについて述べた。
燃料電池は，連続的な経済成長，エネルギーの安定供給，環境保全をバランスよく同時に解決できる新しい発電方式として期待されている。
アルカリ型とりん酸型の研究開発を終了した。
溶融炭酸塩型は１０００ ｋＷ 級の開発を進める段階に達している。
日本の主要な洗剤メーカは，陰イオン性 ＬＡＳ から非イオン性 ＰＯＥＲ へと製品中の界面活性剤を変えてきた。
しかし， ＰＯＥＲ は淡水魚に対して比較的高い致死毒性の問題がある。
そこで， ＰＯＥＲ 含有洗剤の致死毒性を低下させることを目的として，実際の洗濯に近い条件でメダカに対する致死毒性の実験を行った。
その結果，洗浄力を低下させることなく弱い魚毒性に対して ＰＯＥＲ とアニオン性 ＡＳ を定量的にバランスよく組み合わせることができた。
この実験結果から， Ｕ ‐ Ｃｏｏｐ 社は， ＰＯＥＲ と ＡＳ を複合化した新しい洗浄剤「エコ ｔ 」を開発・商品化した。
高周波絶縁用セラミックとその評価について述べた。
アルミナ，エンスタタイト，フォルステライトを評価し，ファインセラミックセンターで行った損失低減研究の結果を報告した。
マイクロ波帯における低誘電損失を測定できる高周波絶縁セラミックスと誘電体共振器の電気的評価について紹介した。
低損失フォルステライト磁器の開発概要について述べた。
高周波セラミックスの評価法として，絶縁抵抗，耐電圧，誘電率と誘電損失，マイクロ波帯における誘電特性について述べた。
Ｎｄ 磁石の後継機として有望視されている標記磁石の特徴と展望について解説した。
Ｓｍ２ Ｆｅ １７への Ｎ 原子の吸着について概説し，窒化により磁性が変化することを示した。
Ｓｍ２ Ｆｅ １７ Ｎ ３は５５０℃以上で分解するため，焼結調製ができずボンド磁石として有望である。
Ｓｍ２ Ｆｅ １７ Ｎ ３磁石の各種研究所における開発状況を紹介した。
高い磁気特性と高い耐熱性を利用した磁石の応用例を紹介した。
円形穴切り欠きを有するガラス繊維強化ポリプロピレン板を射出成形し，成形機の穴サイズと回転速度が繊維と穴強度に及ぼす影響を調べた。
回転速度を１００〜３００ ｒｐｍ ，穴半径を０〜２．５ ｍｍ の範囲で変化させた板試験片について，引張荷重下での ＡＥ 測定によりエネルギー解放率を測定した。
回転速度の増加と共に繊維破断とエネルギー解放率は減少した。
孔の大きさが小さくなると破壊荷重が小さくなり，エネルギー解放率が大きくなる。
短鎖脂肪酸が腸管機能に及ぼす影響を明らかにした。
すい・ペプチド ＹＹ の分泌，大腸微小循環に及ぼす短鎖脂肪酸の影響について述べた。
大腸・直腸障害の手術患者に短鎖脂肪酸を注入すると，血流量の増加と細胞の過形成が確認された。
直腸機能が低下している患者への短鎖脂肪酸の直腸内注入は，粘膜の血液加速機能だけでなく粘膜細胞に対する栄養効果の観点からも重要であることが分かった。
ポリエステル系繊維（ポリエステル系）は，従来のポリエステル系繊維に比べて短時間で軽量化が可能である。
ポリロフトとレーヨンの混紡布は同じ水酸化ナトリウム溶液で処理した。
処理温度と時間に比例して重量減少が進行した。
重量減少促進剤の添加はポリロフトの速度を若干増加させたが，レーヨンでは減少させた。
レーヨンの加工条件の確立は，処理によってある程度の強度を保つために必要である。
近年，快適な生活を楽しむために抗菌防臭機能が求められている。
敏感肌に対するスキンケア繊維の開発が進んでいる。
アトピー性皮膚炎に有効な抗菌防臭性ノー中間繊維「キトポリー」（ Ｉ ）を紹介した。
Ｉ に含まれるキトサンは甲殻類や昆虫から得られる多糖類で，セルロースに類似した特性を有する。
Ｉ の特徴は抗菌・消臭機能，生分解性，アレルギー疾患に対する効果である。
耐熱性無機抗菌剤を含むガラス状コーティングを用いて抗菌セラミックを作製した。
大腸菌，黄色ぶどう球菌， ＭＲＳＡ に対する抗菌性，耐久性，安全性について述べた。
抗菌薬で処理した便器のスケールやスライムの防止効果について解説した。
抗菌機能を向上させるための課題について解説した。
ここでは，タイトスカートまたはショルダーフォームによる衣服指導のためのキャリブレーション方法について検討し，データベースをまとめた。
伸長の影響を避けるために，長さと幅方向の伸びが最小のポリエステルサチンの試料布を用いた。
スカート試作品におけるダート位置とウェストラインの補正，「ブンカ」型と「デンレ」型の ＪＩＳ サイズに対する試作品の寸法の違い，肩傾斜と前傾の関係，肩頂部の定量化補正について検討した。
作業が容易で快適な布を設計するためには，他の部品例の追加，骨格構造や可動範囲の検討など，より充実したデータベースが必要である。
大阪ガスがインターネットで対処している状況を説明した。
情報閲覧システムは，インターネットのあらゆる仕組みを利用したイントラネットが最適である。
イントラネットの長所と短所を説明した。
イントラネットの仕組みを強化するためにサーバの機能を強化した。
イントラネットを活用したトータルな業務支援システムの構築を進めている。
さらに，便利なアプリケーションを構築するために，様々な技術開発プログラムが進められている。
顕微鏡検査試料として赤褐色色素の酸化鉄（酸化第二鉄）（ Ｉ ）と酸化チタン被覆雲母（ ＩＩ ）を用いた。
低倍率（３００倍）観察により， Ｉ はプレート型で４〜８μｍ の均一な厚さを持つことを示した。
水平方向からの板の観察ができなかったので，厚さを含むデータは得られなかった。
数万倍の中程度の倍率の明るい場と風の場における画像観察は，試料表面に付着した多数の微粒子と厚さの変化に対応した均一な厚さの干渉縞を示した。
高分解能像観察では格子像は得られなかった。
ＩＩ についても Ｉ と同様の観察を行った。
電子写真の画質が印刷画像に比べて劣る原因について検討した。
両画像の差は画像の厚さ方向の微細構造に起因すると仮定して解析を行った。
画像をミクロトームで薄切し，その断面構造を光学顕微鏡と透過型電子顕微鏡で観察した。
印刷画像はより低いイメージ厚さとより高い厚み均一性を持つことが分かった。
電子写真の画質向上には厚さ方向の制御が有効であると考えられる。
